==========================================
LARGE SLAB GENERATION WITH RELAXATION
Host: n012.hpc | Started: Wed Nov 26 10:35:53 AM KST 2025
GPU: 0
==========================================
Python: /home/jsh9967/anaconda3/envs/fairchem_v2/bin/python
Conda env: fairchem_v2

================================================================================
LARGE SLAB GENERATION FOR GA (xy~35.0Å, with relaxation)
================================================================================
  Loading FairChem calculator on cuda...
  ✓ Calculator loaded

================================================================================
STEP 1: BULK RELAXATION (with volume optimization)
================================================================================

------------------------------------------------------------
Relaxing bulk: Al2O3
    Initial: E=-208.895 eV, V=254.80 Å³
    Cell: a=4.759, b=4.759, c=12.991 Å
       Step     Time          Energy          fmax
LBFGS:    0 10:35:59     -208.895219       25.529725
LBFGS:    1 10:35:59     -180.238935      107.096493
LBFGS:    2 10:35:59     -209.116860       22.947975
LBFGS:    3 10:35:59     -204.011445       82.655643
LBFGS:    4 10:35:59     -209.198861       21.987765
LBFGS:    5 10:35:59     -208.664910       28.556706
LBFGS:    6 10:35:59     -209.400163       11.051024
LBFGS:    7 10:35:59     -208.144670       42.573583
LBFGS:    8 10:35:59     -209.618470        5.591386
LBFGS:    9 10:35:59     -209.382951       11.091574
LBFGS:   10 10:36:00     -209.644731        0.501453
LBFGS:   11 10:36:00     -209.645417        0.043749
LBFGS:   12 10:36:00     -209.645829        0.201666
LBFGS:   13 10:36:00     -209.645928        0.262382
LBFGS:   14 10:36:00     -209.645928        0.169319
LBFGS:   15 10:36:00     -209.645883        0.176809
LBFGS:   16 10:36:00     -209.645974        0.083847
LBFGS:   17 10:36:00     -209.645867        0.191445
LBFGS:   18 10:36:00     -209.645982        0.026420
LBFGS:   19 10:36:00     -209.645982        0.022869
LBFGS:   20 10:36:00     -209.645997        0.004787
    Final: E=-209.646 eV, V=270.87 Å³, steps=20
    Cell: a=4.851, b=4.850, c=13.294 Å
    ΔV=16.07 Å³ (6.3%), Converged=True
  ✓ Bulk relaxed: Al2O3

------------------------------------------------------------
Relaxing bulk: CaO
    Initial: E=-48.104 eV, V=111.28 Å³
    Cell: a=4.810, b=4.810, c=4.810 Å
       Step     Time          Energy          fmax
LBFGS:    0 10:36:00      -48.104104        4.071021
LBFGS:    1 10:36:00      -47.689111        8.174081
LBFGS:    2 10:36:00      -48.197526        0.641926
LBFGS:    3 10:36:00      -48.200294        0.079657
LBFGS:    4 10:36:00      -48.200338        0.001993
    Final: E=-48.200 eV, V=116.85 Å³, steps=4
    Cell: a=4.889, b=4.889, c=4.889 Å
    ΔV=5.56 Å³ (5.0%), Converged=True
  ✓ Bulk relaxed: CaO

------------------------------------------------------------
Relaxing bulk: CeO2
    Initial: E=-95.007 eV, V=158.43 Å³
    Cell: a=5.411, b=5.411, c=5.411 Å
       Step     Time          Energy          fmax
LBFGS:    0 10:36:00      -95.006640        5.609626
LBFGS:    1 10:36:00      -92.800187       23.820861
LBFGS:    2 10:36:00      -95.104358        1.003917
LBFGS:    3 10:36:00      -95.108109        0.111143
LBFGS:    4 10:36:01      -95.108199        0.000647
    Final: E=-95.108 eV, V=164.54 Å³, steps=4
    Cell: a=5.480, b=5.480, c=5.480 Å
    ΔV=6.12 Å³ (3.9%), Converged=True
  ✓ Bulk relaxed: CeO2

------------------------------------------------------------
Relaxing bulk: MgO
    Initial: E=-44.103 eV, V=74.72 Å³
    Cell: a=4.212, b=4.212, c=4.212 Å
       Step     Time          Energy          fmax
LBFGS:    0 10:36:01      -44.103260        5.857894
LBFGS:    1 10:36:01      -43.506012        9.514599
LBFGS:    2 10:36:01      -44.314370        1.086454
LBFGS:    3 10:36:01      -44.322903        0.218579
LBFGS:    4 10:36:01      -44.323254        0.004249
    Final: E=-44.323 eV, V=80.78 Å³, steps=4
    Cell: a=4.323, b=4.323, c=4.323 Å
    ΔV=6.06 Å³ (8.1%), Converged=True
  ✓ Bulk relaxed: MgO

------------------------------------------------------------
Relaxing bulk: SiO2
    Initial: E=-67.133 eV, V=113.12 Å³
    Cell: a=4.916, b=4.916, c=5.405 Å
       Step     Time          Energy          fmax
LBFGS:    0 10:36:01      -67.133484        8.217173
LBFGS:    1 10:36:01      -64.690763       23.392213
LBFGS:    2 10:36:01      -67.313999        3.084531
LBFGS:    3 10:36:01      -67.331806        1.646944
LBFGS:    4 10:36:01      -67.345342        0.251361
LBFGS:    5 10:36:01      -67.348693        0.165432
LBFGS:    6 10:36:01      -67.368150        0.929376
LBFGS:    7 10:36:01      -67.383690        0.950904
LBFGS:    8 10:36:01      -67.401388        0.637872
LBFGS:    9 10:36:01      -67.414583        0.551575
LBFGS:   10 10:36:01      -67.415620        1.402073
LBFGS:   11 10:36:01      -67.428920        0.343023
LBFGS:   12 10:36:01      -67.438148        0.372940
LBFGS:   13 10:36:01      -67.456421        0.923343
LBFGS:   14 10:36:02      -67.463056        1.161852
LBFGS:   15 10:36:02      -67.471027        0.863363
LBFGS:   16 10:36:02      -67.474613        0.657030
LBFGS:   17 10:36:02      -67.478950        0.197510
LBFGS:   18 10:36:02      -67.481727        0.514975
LBFGS:   19 10:36:02      -67.483890        0.203231
LBFGS:   20 10:36:02      -67.484901        0.155274
LBFGS:   21 10:36:02      -67.485328        0.154492
LBFGS:   22 10:36:02      -67.485572        0.091891
LBFGS:   23 10:36:02      -67.485611        0.078358
LBFGS:   24 10:36:02      -67.485660        0.009301
    Final: E=-67.486 eV, V=128.75 Å³, steps=24
    Cell: a=5.156, b=5.156, c=5.592 Å
    ΔV=15.62 Å³ (13.8%), Converged=True
  ✓ Bulk relaxed: SiO2

------------------------------------------------------------
Relaxing bulk: SnO2
    Initial: E=-34.514 eV, V=71.49 Å³
    Cell: a=4.737, b=4.737, c=3.186 Å
       Step     Time          Energy          fmax
LBFGS:    0 10:36:02      -34.514000        9.046456
LBFGS:    1 10:36:02      -32.835680       19.214670
LBFGS:    2 10:36:02      -34.806230        3.222094
LBFGS:    3 10:36:02      -34.843896        1.583255
LBFGS:    4 10:36:02      -34.852351        0.096231
LBFGS:    5 10:36:02      -34.852831        0.073780
LBFGS:    6 10:36:02      -34.853515        0.012086
LBFGS:    7 10:36:02      -34.853516        0.002535
    Final: E=-34.854 eV, V=78.24 Å³, steps=7
    Cell: a=4.899, b=4.899, c=3.260 Å
    ΔV=6.75 Å³ (9.4%), Converged=True
  ✓ Bulk relaxed: SnO2

------------------------------------------------------------
Relaxing bulk: TiO2_anatase
    Initial: E=-100.819 eV, V=136.30 Å³
    Cell: a=3.785, b=3.785, c=9.514 Å
       Step     Time          Energy          fmax
LBFGS:    0 10:36:02     -100.819037       10.724661
LBFGS:    1 10:36:03      -93.033404       42.937846
LBFGS:    2 10:36:03     -100.964539        6.833649
LBFGS:    3 10:36:03     -100.839264        9.547706
LBFGS:    4 10:36:03     -101.115826        0.795704
LBFGS:    5 10:36:03     -101.120995        0.279883
LBFGS:    6 10:36:03     -101.128155        0.651804
LBFGS:    7 10:36:03     -101.136202        0.862906
LBFGS:    8 10:36:03     -101.139706        0.455987
LBFGS:    9 10:36:03     -101.140059        0.223469
LBFGS:   10 10:36:03     -101.139849        0.427466
LBFGS:   11 10:36:03     -101.140160        0.003306
    Final: E=-101.140 eV, V=145.25 Å³, steps=11
    Cell: a=3.846, b=3.846, c=9.817 Å
    ΔV=8.95 Å³ (6.6%), Converged=True
  ✓ Bulk relaxed: TiO2_anatase

------------------------------------------------------------
Relaxing bulk: TiO2_rutile
    Initial: E=-49.974 eV, V=62.45 Å³
    Cell: a=4.594, b=4.594, c=2.959 Å
       Step     Time          Energy          fmax
LBFGS:    0 10:36:03      -49.973572        4.647632
LBFGS:    1 10:36:03      -49.438909       11.507501
LBFGS:    2 10:36:03      -50.117267        0.754728
LBFGS:    3 10:36:03      -50.134434        0.373131
LBFGS:    4 10:36:03      -50.150077        0.460857
LBFGS:    5 10:36:03      -50.156123        0.277915
LBFGS:    6 10:36:03      -50.156598        0.072930
LBFGS:    7 10:36:03      -50.156634        0.009296
    Final: E=-50.157 eV, V=66.53 Å³, steps=7
    Cell: a=4.728, b=4.728, c=2.977 Å
    ΔV=4.08 Å³ (6.5%), Converged=True
  ✓ Bulk relaxed: TiO2_rutile

------------------------------------------------------------
Relaxing bulk: ZnO
    Initial: E=-16.201 eV, V=47.63 Å³
    Cell: a=3.250, b=3.250, c=5.207 Å
       Step     Time          Energy          fmax
LBFGS:    0 10:36:03      -16.200599        3.172440
LBFGS:    1 10:36:03      -16.263782        1.923794
LBFGS:    2 10:36:04      -16.313041        0.233176
LBFGS:    3 10:36:04      -16.313741        0.033935
LBFGS:    4 10:36:04      -16.313820        0.032573
LBFGS:    5 10:36:04      -16.314308        0.034450
LBFGS:    6 10:36:04      -16.314326        0.014373
LBFGS:    7 10:36:04      -16.314329        0.000103
    Final: E=-16.314 eV, V=51.40 Å³, steps=7
    Cell: a=3.323, b=3.323, c=5.375 Å
    ΔV=3.77 Å³ (7.9%), Converged=True
  ✓ Bulk relaxed: ZnO

------------------------------------------------------------
Relaxing bulk: ZrO2
    Initial: E=-67.143 eV, V=140.87 Å³
    Cell: a=5.150, b=5.212, c=5.317 Å
       Step     Time          Energy          fmax
LBFGS:    0 10:36:04      -67.142743        3.816953
LBFGS:    1 10:36:04      -67.105095        8.082622
LBFGS:    2 10:36:04      -67.231779        6.650224
LBFGS:    3 10:36:04      -67.489195        2.231556
LBFGS:    4 10:36:04      -67.550181        0.444084
LBFGS:    5 10:36:04      -67.599573        1.599951
LBFGS:    6 10:36:04      -67.636234        1.402967
LBFGS:    7 10:36:04      -67.720176        0.962320
LBFGS:    8 10:36:04      -67.767049        0.584037
LBFGS:    9 10:36:04      -67.825901        1.580953
LBFGS:   10 10:36:04      -67.892192        2.349330
LBFGS:   11 10:36:04      -67.961352        2.151384
LBFGS:   12 10:36:04      -68.010430        1.261151
LBFGS:   13 10:36:04      -68.041894        0.752937
LBFGS:   14 10:36:05      -68.060998        0.814266
LBFGS:   15 10:36:05      -68.080025        0.905196
LBFGS:   16 10:36:05      -68.101152        0.459924
LBFGS:   17 10:36:05      -68.123974        0.382140
LBFGS:   18 10:36:05      -68.134593        0.872993
LBFGS:   19 10:36:05      -68.146540        1.282739
LBFGS:   20 10:36:05      -67.915492        7.666130
LBFGS:   21 10:36:05      -68.161528        5.674540
LBFGS:   22 10:36:05      -68.102915        2.084952
LBFGS:   23 10:36:05      -68.314261        0.992232
LBFGS:   24 10:36:05      -68.290333        2.749544
LBFGS:   25 10:36:05      -68.378811        0.643501
LBFGS:   26 10:36:05      -68.392832        0.292967
LBFGS:   27 10:36:05      -68.419463        1.845947
LBFGS:   28 10:36:05      -68.431466        0.604939
LBFGS:   29 10:36:05      -68.455215        0.699981
LBFGS:   30 10:36:05      -68.594324        3.508236
LBFGS:   31 10:36:05      -68.733424        6.348253
LBFGS:   32 10:36:05      -68.776270        8.566859
LBFGS:   33 10:36:05      -69.063492        4.833582
LBFGS:   34 10:36:06      -69.409271        3.338150
LBFGS:   35 10:36:06      -69.494672        1.343812
LBFGS:   36 10:36:06      -69.550298        0.522731
LBFGS:   37 10:36:06      -69.584197        1.537252
LBFGS:   38 10:36:06      -69.612181        0.440379
LBFGS:   39 10:36:06      -69.618752        0.276510
LBFGS:   40 10:36:06      -69.622043        0.135965
LBFGS:   41 10:36:06      -69.624373        0.220718
LBFGS:   42 10:36:06      -69.627212        0.241818
LBFGS:   43 10:36:06      -69.632001        0.361645
LBFGS:   44 10:36:06      -69.635521        0.300090
LBFGS:   45 10:36:06      -69.636939        0.149397
LBFGS:   46 10:36:06      -69.637379        0.045737
LBFGS:   47 10:36:06      -69.637564        0.029178
LBFGS:   48 10:36:06      -69.637669        0.023269
LBFGS:   49 10:36:06      -69.637726        0.017450
LBFGS:   50 10:36:06      -69.637763        0.018810
LBFGS:   51 10:36:06      -69.637806        0.016901
LBFGS:   52 10:36:06      -69.637850        0.024008
LBFGS:   53 10:36:06      -69.637879        0.018819
LBFGS:   54 10:36:07      -69.637894        0.010339
LBFGS:   55 10:36:07      -69.637904        0.008810
    Final: E=-69.638 eV, V=138.30 Å³, steps=55
    Cell: a=5.367, b=3.639, c=7.564 Å
    ΔV=-2.57 Å³ (-1.8%), Converged=True
  ✓ Bulk relaxed: ZrO2

================================================================================
STEP 2: SLAB GENERATION FROM RELAXED BULKS
================================================================================

------------------------------------------------------------
Processing: Al2O3_001
  Miller: (0, 0, 1)
  Generated 2 terminations
  Primitive: 4.9×4.9Å, 30 atoms, thick=12.4Å
  Optimal scale: 7×7 → 34×34Å, 1470 atoms
  Final: 34.0×34.0×29.4Å
  Slab thickness: 12.4Å, Atoms: 1470
  Composition: {'Al': 588, 'O': 882}
  Relaxing 1470 atoms...
    Initial: E=-9553.295 eV, Fmax=0.773 eV/Å
       Step     Time          Energy          fmax
LBFGS:    0 10:36:08    -9553.294689        0.773017
LBFGS:    1 10:36:09    -9555.445079        0.589066
LBFGS:    2 10:36:10    -9557.214611        0.215110
LBFGS:    3 10:36:11    -9557.373790        0.156225
LBFGS:    4 10:36:11    -9557.590587        0.099857
LBFGS:    5 10:36:12    -9557.622081        0.090205
LBFGS:    6 10:36:13    -9557.686778        0.103126
LBFGS:    7 10:36:14    -9557.725353        0.091338
LBFGS:    8 10:36:15    -9557.760997        0.077524
LBFGS:    9 10:36:15    -9557.790294        0.088338
LBFGS:   10 10:36:16    -9557.823986        0.082504
LBFGS:   11 10:36:17    -9557.850597        0.060224
LBFGS:   12 10:36:18    -9557.870861        0.059631
LBFGS:   13 10:36:19    -9557.878185        0.062481
LBFGS:   14 10:36:20    -9557.890880        0.069664
LBFGS:   15 10:36:21    -9557.902355        0.043346
    Final: E=-9557.902 eV, Fmax=0.043 eV/Å, steps=15
    ΔE=-4.608 eV, Converged=True
  Saved: Al2O3_001_large.traj

------------------------------------------------------------
Processing: CaO_100
  Miller: (1, 0, 0)
  Generated 1 terminations
  Primitive: 3.5×3.5Å, 8 atoms, thick=7.3Å
  Optimal scale: 10×10 → 35×35Å, 800 atoms
  Final: 34.6×34.6×24.3Å
  Slab thickness: 7.3Å, Atoms: 800
  Composition: {'Ca': 400, 'O': 400}
  Relaxing 800 atoms...
    Initial: E=-4743.574 eV, Fmax=0.114 eV/Å
       Step     Time          Energy          fmax
LBFGS:    0 10:36:21    -4743.574174        0.113937
LBFGS:    1 10:36:22    -4743.612504        0.104933
LBFGS:    2 10:36:22    -4743.926591        0.037905
    Final: E=-4743.927 eV, Fmax=0.038 eV/Å, steps=2
    ΔE=-0.352 eV, Converged=True
  Saved: CaO_100_large.traj

------------------------------------------------------------
Processing: CeO2_111
  Miller: (1, 1, 1)
  Generated 2 terminations
  Primitive: 3.9×3.9Å, 9 atoms, thick=7.9Å
  Optimal scale: 9×9 → 35×35Å, 729 atoms
  Final: 34.9×34.9×24.9Å
  Slab thickness: 7.9Å, Atoms: 729
  Composition: {'Ce': 243, 'O': 486}
  Relaxing 729 atoms...
    Initial: E=-5703.250 eV, Fmax=0.176 eV/Å
       Step     Time          Energy          fmax
LBFGS:    0 10:36:23    -5703.250043        0.176329
LBFGS:    1 10:36:23    -5703.310468        0.169189
LBFGS:    2 10:36:23    -5704.067059        0.098967
LBFGS:    3 10:36:23    -5704.118695        0.055394
LBFGS:    4 10:36:24    -5704.159467        0.058667
LBFGS:    5 10:36:24    -5704.171308        0.063813
LBFGS:    6 10:36:24    -5704.177899        0.064919
LBFGS:    7 10:36:24    -5704.238690        0.087861
LBFGS:    8 10:36:25    -5704.272260        0.087096
LBFGS:    9 10:36:25    -5704.313886        0.124785
LBFGS:   10 10:36:25    -5704.342938        0.144800
LBFGS:   11 10:36:25    -5704.421430        0.226523
LBFGS:   12 10:36:26    -5704.477582        0.224496
LBFGS:   13 10:36:26    -5704.572064        0.227816
LBFGS:   14 10:36:26    -5704.642133        0.361437
LBFGS:   15 10:36:26    -5704.738812        0.236393
LBFGS:   16 10:36:26    -5704.953168        0.257471
LBFGS:   17 10:36:27    -5703.676068        1.774383
LBFGS:   18 10:36:27    -5705.380902        0.305472
LBFGS:   19 10:36:27    -5705.609784        0.298259
LBFGS:   20 10:36:27    -5705.390180        0.895049
LBFGS:   21 10:36:28    -5705.883344        0.298419
LBFGS:   22 10:36:28    -5705.978559        0.281854
LBFGS:   23 10:36:28    -5706.255292        0.389887
LBFGS:   24 10:36:28    -5706.398358        0.238135
LBFGS:   25 10:36:29    -5706.505780        0.216454
LBFGS:   26 10:36:29    -5706.569379        0.226043
LBFGS:   27 10:36:29    -5706.645795        0.208521
LBFGS:   28 10:36:29    -5706.715619        0.173631
LBFGS:   29 10:36:30    -5706.757001        0.151042
LBFGS:   30 10:36:30    -5706.788617        0.141246
LBFGS:   31 10:36:30    -5706.826459        0.117405
LBFGS:   32 10:36:30    -5706.861127        0.102115
LBFGS:   33 10:36:31    -5706.883100        0.110565
LBFGS:   34 10:36:31    -5706.899701        0.104101
LBFGS:   35 10:36:31    -5706.915326        0.093544
LBFGS:   36 10:36:31    -5706.933393        0.095522
LBFGS:   37 10:36:32    -5706.946942        0.096504
LBFGS:   38 10:36:32    -5706.959271        0.094032
LBFGS:   39 10:36:32    -5706.970258        0.102067
LBFGS:   40 10:36:32    -5706.986981        0.101173
LBFGS:   41 10:36:33    -5707.003827        0.101953
LBFGS:   42 10:36:33    -5707.021893        0.128617
LBFGS:   43 10:36:33    -5707.036908        0.126364
LBFGS:   44 10:36:33    -5707.055585        0.120431
LBFGS:   45 10:36:33    -5707.081952        0.141621
LBFGS:   46 10:36:34    -5707.109418        0.133308
LBFGS:   47 10:36:34    -5707.135663        0.143407
LBFGS:   48 10:36:34    -5707.157392        0.139448
LBFGS:   49 10:36:34    -5707.181684        0.154811
LBFGS:   50 10:36:35    -5707.199384        0.130672
LBFGS:   51 10:36:35    -5707.221845        0.108421
LBFGS:   52 10:36:35    -5707.237714        0.084643
LBFGS:   53 10:36:35    -5707.254804        0.094036
LBFGS:   54 10:36:36    -5707.277387        0.093362
LBFGS:   55 10:36:36    -5707.290448        0.087720
LBFGS:   56 10:36:36    -5707.304975        0.112447
LBFGS:   57 10:36:36    -5707.314374        0.078472
LBFGS:   58 10:36:37    -5707.325604        0.067320
LBFGS:   59 10:36:37    -5707.335370        0.078588
LBFGS:   60 10:36:37    -5707.344892        0.083348
LBFGS:   61 10:36:37    -5707.351727        0.071396
LBFGS:   62 10:36:38    -5707.358197        0.054161
LBFGS:   63 10:36:38    -5707.363690        0.064700
LBFGS:   64 10:36:38    -5707.368695        0.070419
LBFGS:   65 10:36:38    -5707.372724        0.066483
LBFGS:   66 10:36:39    -5707.379559        0.058684
LBFGS:   67 10:36:39    -5707.383100        0.057562
LBFGS:   68 10:36:39    -5707.388593        0.067120
LBFGS:   69 10:36:39    -5707.393598        0.077422
LBFGS:   70 10:36:39    -5707.399457        0.078180
LBFGS:   71 10:36:40    -5707.407636        0.079915
LBFGS:   72 10:36:40    -5707.415448        0.098186
LBFGS:   73 10:36:40    -5707.426068        0.119580
LBFGS:   74 10:36:40    -5707.438519        0.118032
LBFGS:   75 10:36:41    -5707.449506        0.124222
LBFGS:   76 10:36:41    -5707.463422        0.120800
LBFGS:   77 10:36:41    -5707.473187        0.104292
LBFGS:   78 10:36:41    -5707.486493        0.104452
LBFGS:   79 10:36:42    -5707.495038        0.099094
LBFGS:   80 10:36:42    -5707.505658        0.091510
LBFGS:   81 10:36:42    -5707.513593        0.082700
LBFGS:   82 10:36:42    -5707.518598        0.079568
LBFGS:   83 10:36:43    -5707.523480        0.071970
LBFGS:   84 10:36:43    -5707.530438        0.067851
LBFGS:   85 10:36:43    -5707.533612        0.060170
LBFGS:   86 10:36:43    -5707.535443        0.053843
LBFGS:   87 10:36:44    -5707.539105        0.041421
    Final: E=-5707.539 eV, Fmax=0.041 eV/Å, steps=87
    ΔE=-4.289 eV, Converged=True
  Saved: CeO2_111_large.traj

------------------------------------------------------------
Processing: MgO_100
  Miller: (1, 0, 0)
  Generated 1 terminations
  Primitive: 3.1×3.1Å, 8 atoms, thick=6.5Å
  Optimal scale: 11×11 → 34×34Å, 968 atoms
  Final: 33.6×33.6×23.5Å
  Slab thickness: 6.5Å, Atoms: 968
  Composition: {'Mg': 484, 'O': 484}
  Relaxing 968 atoms...
    Initial: E=-5290.547 eV, Fmax=0.188 eV/Å
       Step     Time          Energy          fmax
LBFGS:    0 10:36:44    -5290.547202        0.188387
LBFGS:    1 10:36:44    -5290.643881        0.190335
LBFGS:    2 10:36:45    -5290.874838        0.064002
LBFGS:    3 10:36:45    -5290.875815        0.072115
LBFGS:    4 10:36:46    -5290.899985        0.073085
LBFGS:    5 10:36:46    -5290.907553        0.061654
LBFGS:    6 10:36:46    -5290.928061        0.047008
    Final: E=-5290.928 eV, Fmax=0.047 eV/Å, steps=6
    ΔE=-0.381 eV, Converged=True
  Saved: MgO_100_large.traj

------------------------------------------------------------
Processing: SiO2_101
  Miller: (1, 0, 1)
  Generated 5 terminations
  Primitive: 5.2×7.6Å, 27 atoms, thick=10.0Å
  Optimal scale: 7×5 → 36×38Å, 945 atoms
  Final: 36.1×38.0×31.9Å
  Slab thickness: 14.9Å, Atoms: 945
  Composition: {'Si': 315, 'O': 630}
  Relaxing 945 atoms...
    Initial: E=-6681.586 eV, Fmax=1.381 eV/Å
       Step     Time          Energy          fmax
LBFGS:    0 10:36:47    -6681.585533        1.380793
LBFGS:    1 10:36:48    -6684.434165        0.627798
LBFGS:    2 10:36:48    -6685.333702        0.450373
LBFGS:    3 10:36:48    -6686.511680        0.446906
LBFGS:    4 10:36:49    -6686.762168        0.407009
LBFGS:    5 10:36:49    -6686.889488        0.190347
LBFGS:    6 10:36:49    -6686.933189        0.107635
LBFGS:    7 10:36:50    -6686.969810        0.128181
LBFGS:    8 10:36:50    -6687.013145        0.197721
LBFGS:    9 10:36:50    -6687.053062        0.169913
LBFGS:   10 10:36:51    -6687.079185        0.090856
LBFGS:   11 10:36:51    -6687.097862        0.070877
LBFGS:   12 10:36:51    -6687.111045        0.077681
LBFGS:   13 10:36:52    -6687.125205        0.093335
LBFGS:   14 10:36:52    -6687.139732        0.074342
LBFGS:   15 10:36:52    -6687.153282        0.082384
LBFGS:   16 10:36:53    -6687.165489        0.063076
LBFGS:   17 10:36:53    -6687.173423        0.068729
LBFGS:   18 10:36:53    -6687.183677        0.061581
LBFGS:   19 10:36:53    -6687.194663        0.077729
LBFGS:   20 10:36:54    -6687.202110        0.080042
LBFGS:   21 10:36:54    -6687.208946        0.069020
LBFGS:   22 10:36:54    -6687.217002        0.052483
LBFGS:   23 10:36:55    -6687.222618        0.050163
LBFGS:   24 10:36:55    -6687.226402        0.052759
LBFGS:   25 10:36:55    -6687.231285        0.050852
LBFGS:   26 10:36:56    -6687.234825        0.053079
LBFGS:   27 10:36:56    -6687.240318        0.047829
    Final: E=-6687.240 eV, Fmax=0.048 eV/Å, steps=27
    ΔE=-5.655 eV, Converged=True
  Saved: SiO2_101_large.traj

------------------------------------------------------------
Processing: SnO2_100
  Miller: (1, 0, 0)
  Generated 2 terminations
  Primitive: 3.3×4.9Å, 12 atoms, thick=9.2Å
  Optimal scale: 11×7 → 36×34Å, 924 atoms
  Final: 35.9×34.3×26.2Å
  Slab thickness: 9.2Å, Atoms: 924
  Composition: {'Sn': 308, 'O': 616}
  Relaxing 924 atoms...
    Initial: E=-5204.608 eV, Fmax=2.468 eV/Å
       Step     Time          Energy          fmax
LBFGS:    0 10:36:56    -5204.608288        2.468348
LBFGS:    1 10:36:57    -5213.057263        1.721055
LBFGS:    2 10:36:57    -5222.887463        0.655842
LBFGS:    3 10:36:57    -5224.202893        0.561904
LBFGS:    4 10:36:58    -5227.133679        0.408133
LBFGS:    5 10:36:58    -5227.594861        0.386393
LBFGS:    6 10:36:58    -5228.152844        0.230851
LBFGS:    7 10:36:59    -5228.376843        0.175972
LBFGS:    8 10:36:59    -5228.534314        0.160861
LBFGS:    9 10:37:00    -5228.678479        0.142016
LBFGS:   10 10:37:00    -5228.891980        0.217539
LBFGS:   11 10:37:00    -5229.134534        0.266539
LBFGS:   12 10:37:01    -5229.394665        0.243516
LBFGS:   13 10:37:01    -5229.606213        0.157645
LBFGS:   14 10:37:01    -5229.755383        0.151308
LBFGS:   15 10:37:02    -5229.837170        0.103992
LBFGS:   16 10:37:02    -5229.891125        0.091270
LBFGS:   17 10:37:02    -5229.938977        0.076717
LBFGS:   18 10:37:03    -5229.971203        0.057931
LBFGS:   19 10:37:03    -5229.990002        0.058634
LBFGS:   20 10:37:03    -5230.001843        0.049331
    Final: E=-5230.002 eV, Fmax=0.049 eV/Å, steps=20
    ΔE=-25.394 eV, Converged=True
  Saved: SnO2_100_large.traj

------------------------------------------------------------
Processing: TiO2_anatase_001
  Miller: (0, 0, 1)
  Generated 2 terminations
  Primitive: 3.8×3.8Å, 12 atoms, thick=8.3Å
  Optimal scale: 9×9 → 35×35Å, 972 atoms
  Final: 34.6×34.6×25.3Å
  Slab thickness: 8.3Å, Atoms: 972
  Composition: {'Ti': 324, 'O': 648}
  Relaxing 972 atoms...
    Initial: E=-8079.174 eV, Fmax=1.115 eV/Å
       Step     Time          Energy          fmax
LBFGS:    0 10:37:04    -8079.173719        1.115023
LBFGS:    1 10:37:04    -8080.604871        0.649597
LBFGS:    2 10:37:05    -8081.484754        0.150571
LBFGS:    3 10:37:05    -8081.537732        0.124058
LBFGS:    4 10:37:06    -8081.572644        0.051247
LBFGS:    5 10:37:06    -8081.603162        0.064678
LBFGS:    6 10:37:06    -8081.603406        0.063034
LBFGS:    7 10:37:07    -8081.636853        0.053082
LBFGS:    8 10:37:07    -8081.639051        0.057084
LBFGS:    9 10:37:07    -8081.653943        0.069586
LBFGS:   10 10:37:08    -8081.676160        0.067772
LBFGS:   11 10:37:08    -8081.708386        0.055271
LBFGS:   12 10:37:09    -8081.715711        0.032727
    Final: E=-8081.716 eV, Fmax=0.033 eV/Å, steps=12
    ΔE=-2.542 eV, Converged=True
  Saved: TiO2_anatase_001_large.traj

------------------------------------------------------------
Processing: TiO2_rutile_100
  Miller: (1, 0, 0)
  Generated 2 terminations
  Primitive: 3.0×4.7Å, 12 atoms, thick=8.9Å
  Optimal scale: 12×7 → 36×33Å, 1008 atoms
  Final: 35.7×33.1×25.9Å
  Slab thickness: 8.9Å, Atoms: 1008
  Composition: {'Ti': 336, 'O': 672}
  Relaxing 1008 atoms...
    Initial: E=-8301.898 eV, Fmax=3.748 eV/Å
       Step     Time          Energy          fmax
LBFGS:    0 10:37:09    -8301.897600        3.747692
LBFGS:    1 10:37:10    -8323.513567        2.660895
LBFGS:    2 10:37:10    -8347.863665        1.423816
LBFGS:    3 10:37:11    -8352.114641        1.004230
LBFGS:    4 10:37:11    -8357.079729        0.460727
LBFGS:    5 10:37:11    -8357.950579        0.364109
LBFGS:    6 10:37:12    -8358.699602        0.310020
LBFGS:    7 10:37:12    -8359.112688        0.183727
LBFGS:    8 10:37:13    -8359.307757        0.160703
LBFGS:    9 10:37:13    -8359.444231        0.146856
LBFGS:   10 10:37:14    -8359.590227        0.167895
LBFGS:   11 10:37:14    -8359.830950        0.219769
LBFGS:   12 10:37:15    -8360.075823        0.254122
LBFGS:   13 10:37:15    -8360.268450        0.215397
LBFGS:   14 10:37:16    -8360.400042        0.137956
LBFGS:   15 10:37:16    -8360.519182        0.129714
LBFGS:   16 10:37:16    -8360.598040        0.132276
LBFGS:   17 10:37:17    -8360.728167        0.150478
LBFGS:   18 10:37:17    -8360.813616        0.103767
LBFGS:   19 10:37:18    -8360.864397        0.077243
LBFGS:   20 10:37:18    -8360.893694        0.056052
LBFGS:   21 10:37:19    -8360.932268        0.053156
LBFGS:   22 10:37:19    -8360.940081        0.043276
    Final: E=-8360.940 eV, Fmax=0.043 eV/Å, steps=22
    ΔE=-59.042 eV, Converged=True
  Saved: TiO2_rutile_100_large.traj

------------------------------------------------------------
Processing: ZnO_100
  Miller: (1, 0, 0)
  Generated 2 terminations
  Primitive: 3.3×5.4Å, 16 atoms, thick=10.6Å
  Optimal scale: 11×7 → 37×38Å, 1232 atoms
  Final: 36.6×37.6×27.6Å
  Slab thickness: 10.6Å, Atoms: 1232
  Composition: {'Zn': 616, 'O': 616}
  Relaxing 1232 atoms...
    Initial: E=-4589.815 eV, Fmax=2.151 eV/Å
       Step     Time          Energy          fmax
LBFGS:    0 10:37:20    -4589.815325        2.150592
LBFGS:    1 10:37:20    -4598.905168        2.140959
LBFGS:    2 10:37:21    -4612.626848        3.414444
LBFGS:    3 10:37:21    -4621.203996        1.268044
LBFGS:    4 10:37:22    -4624.864153        0.944014
LBFGS:    5 10:37:22    -4627.930925        1.071362
LBFGS:    6 10:37:23    -4630.096453        1.049708
LBFGS:    7 10:37:23    -4634.044573        0.787092
LBFGS:    8 10:37:23    -4635.134416        0.606210
LBFGS:    9 10:37:24    -4636.937151        0.386425
LBFGS:   10 10:37:24    -4637.393083        0.384968
LBFGS:   11 10:37:25    -4637.894914        0.312267
LBFGS:   12 10:37:25    -4638.194353        0.183619
LBFGS:   13 10:37:26    -4638.419573        0.162239
LBFGS:   14 10:37:26    -4638.533953        0.139204
LBFGS:   15 10:37:27    -4638.646135        0.152584
LBFGS:   16 10:37:27    -4638.770769        0.153670
LBFGS:   17 10:37:27    -4638.860613        0.113943
LBFGS:   18 10:37:28    -4638.900041        0.071022
LBFGS:   19 10:37:28    -4638.920549        0.056568
LBFGS:   20 10:37:29    -4638.932756        0.053984
LBFGS:   21 10:37:29    -4638.949968        0.047710
    Final: E=-4638.950 eV, Fmax=0.048 eV/Å, steps=21
    ΔE=-49.135 eV, Converged=True
  Saved: ZnO_100_large.traj

------------------------------------------------------------
Processing: ZrO2_100
  Miller: (1, 0, 0)
  Generated 3 terminations
  Primitive: 3.6×3.8Å, 8 atoms, thick=9.2Å
  Optimal scale: 10×9 → 36×34Å, 720 atoms
  Final: 36.4×34.0×28.4Å
  Slab thickness: 11.4Å, Atoms: 720
  Composition: {'O': 360, 'Zr': 360}
  Relaxing 720 atoms...
    Initial: E=-5576.741 eV, Fmax=7.701 eV/Å
       Step     Time          Energy          fmax
LBFGS:    0 10:37:30    -5576.741119        7.700831
LBFGS:    1 10:37:30    -5671.121612        5.766513
LBFGS:    2 10:37:30    -5760.867523        1.022772
LBFGS:    3 10:37:30    -5763.275787        0.327780
LBFGS:    4 10:37:30    -5763.538177        0.305877
LBFGS:    5 10:37:31    -5764.646026        0.207214
LBFGS:    6 10:37:31    -5764.777130        0.124251
LBFGS:    7 10:37:31    -5764.826263        0.134523
LBFGS:    8 10:37:31    -5764.848480        0.121338
LBFGS:    9 10:37:31    -5764.896942        0.059648
LBFGS:   10 10:37:32    -5764.915802        0.056139
LBFGS:   11 10:37:32    -5764.925384        0.041854
    Final: E=-5764.925 eV, Fmax=0.042 eV/Å, steps=11
    ΔE=-188.184 eV, Converged=True
  Saved: ZrO2_100_large.traj

================================================================================
SUMMARY
================================================================================
Material             xy (Å)       Thick   Atoms   E_final      Status
---------------------------------------------------------------------------
Al2O3_001            34×34    12.5    1470    -9557.9      ✓
CaO_100              35×35    7.3     800     -4743.9      ✓
CeO2_111             35×35    8.0     729     -5707.5      ✓
MgO_100              34×34    6.5     968     -5290.9      ✓
SiO2_101             36×38    14.9    945     -6687.2      ✓
SnO2_100             36×34    9.4     924     -5230.0      ✓
TiO2_anatase_001     35×35    8.3     972     -8081.7      ✓
TiO2_rutile_100      36×33    9.0     1008    -8360.9      ✓
ZnO_100              37×38    10.7    1232    -4638.9      ✓
ZrO2_100             36×34    11.2    720     -5764.9      ✓

Generated: 10/10 slabs
Converged: 10/10
Output: ./slabs_large/

✅ Slab generation completed

==========================================
COMPLETED: Wed Nov 26 10:37:33 AM KST 2025
Output: slabs_large/
==========================================
