==========================================
GA METAL CAMPAIGN: Pd
==========================================
Metal: Pd (40 atoms)
Slabs: 10 oxides
Job ID: 27626
Node: n012.hpc
Start: Wed Nov 26 03:18:59 PM KST 2025
==========================================

##################################################
# Processing: Pd on Al2O3_001
##################################################

======================================================================
🧬 GA OPTIMIZATION: M40
======================================================================
Configuration: M40_Pd_Al2O3_001
Metal: Pd (40 atoms)
Slab: Al2O3_001
Output: /DATA/user_scratch/jsh9967/5_uma_MSI/3_GA/runs_M40/Pd_Al2O3_001
Device: cuda
======================================================================


======================================================================
Loading UMA model from: /DATA/user_scratch/jsh9967/5_uma_MSI/utility/uma-s-1p1.pt
Device: cuda
======================================================================
✓ UMA model loaded successfully


======================================================================
Loading oxide slab: Al2O3_001
======================================================================
✓ Slab loaded from: Al2O3_001_large.traj
  Composition: Al588O882
  Atoms: 1470 (811 fixed)
  Cell: 33.95 × 33.95 × 29.44 Å
  Miller: [0, 0, 1]

======================================================================
GA OPTIMIZATION: Pd on Al2O3_001
======================================================================
Metal atoms: 40
Population: 10
Generations: 10
======================================================================

✓ Placement box created:
  Origin: (6.79, 5.88, 16.52) Å
  X range: 6.79 - 27.16 Å
  Y range: 5.88 - 26.25 Å
  Z range: 16.52 - 21.52 Å
  Volume: 2075.15 Å³
✓ GA operators configured:
  Crossover prob: 0.7
  Mutation prob: 0.3
  Mutations: 2 types
✓ Placement box created:
  Origin: (6.79, 5.88, 16.52) Å
  X range: 6.79 - 27.16 Å
  Y range: 5.88 - 26.25 Å
  Z range: 16.52 - 21.52 Å
  Volume: 2075.15 Å³
Generating initial population (attempt 1/6)...
  Generated 5/10 candidates
  Generated 10/10 candidates
✓ Initial population generated (10 structures)

======================================================================
Starting GA iterations...
======================================================================


######################################################################
# GENERATION 1/10
######################################################################
Relaxing 10 unrelaxed candidates...
  🏆 New best: E = -10500.9053 eV (relaxation)
  Relaxed 5/10
  Relaxed 10/10
Generating 10 new candidates...
  Generated 5/10 candidates
  Generated 10/10 candidates

Generation 1 summary:
  Best: -10500.9053 eV
  Average: -10495.9233 eV
  Global best: -10500.9053 eV

######################################################################
# GENERATION 2/10
######################################################################
Relaxing 10 unrelaxed candidates...
  🏆 New best: E = -10503.0126 eV (relaxation)
  🏆 New best: E = -10506.1251 eV (relaxation)
  Relaxed 5/10
  🏆 New best: E = -10509.8873 eV (relaxation)
  Relaxed 10/10
Generating 10 new candidates...
  Generated 5/10 candidates
  Generated 10/10 candidates

Generation 2 summary:
  Best: -10509.8873 eV
  Average: -10504.6306 eV
  Global best: -10509.8873 eV

######################################################################
# GENERATION 3/10
######################################################################
Relaxing 10 unrelaxed candidates...
  Relaxed 5/10
  🏆 New best: E = -10511.0636 eV (relaxation)
  Relaxed 10/10
Generating 10 new candidates...
  Generated 5/10 candidates
  Generated 10/10 candidates

Generation 3 summary:
  Best: -10511.0636 eV
  Average: -10508.0443 eV
  Global best: -10511.0636 eV

######################################################################
# GENERATION 4/10
######################################################################
Relaxing 10 unrelaxed candidates...
  Relaxed 5/10
  🏆 New best: E = -10511.2596 eV (relaxation)
  🏆 New best: E = -10511.2687 eV (relaxation)
  Relaxed 10/10
Generating 10 new candidates...
  Generated 5/10 candidates
  Generated 10/10 candidates

Generation 4 summary:
  Best: -10511.2687 eV
  Average: -10510.1101 eV
  Global best: -10511.2687 eV

######################################################################
# GENERATION 5/10
######################################################################
Relaxing 10 unrelaxed candidates...
  Relaxed 5/10
  Relaxed 10/10
Generating 10 new candidates...
  Generated 5/10 candidates
  Generated 10/10 candidates

Generation 5 summary:
  Best: -10511.2687 eV
  Average: -10510.4761 eV
  Global best: -10511.2687 eV

######################################################################
# GENERATION 6/10
######################################################################
Relaxing 10 unrelaxed candidates...
  🏆 New best: E = -10512.0328 eV (relaxation)
  Relaxed 5/10
  Relaxed 10/10
Generating 10 new candidates...
  Generated 5/10 candidates
  Generated 10/10 candidates

Generation 6 summary:
  Best: -10512.0328 eV
  Average: -10510.8522 eV
  Global best: -10512.0328 eV

######################################################################
# GENERATION 7/10
######################################################################
Relaxing 10 unrelaxed candidates...
  Relaxed 5/10
  Relaxed 10/10
Generating 10 new candidates...
  Generated 5/10 candidates
  Generated 10/10 candidates

Generation 7 summary:
  Best: -10512.0328 eV
  Average: -10511.0177 eV
  Global best: -10512.0328 eV

######################################################################
# GENERATION 8/10
######################################################################
Relaxing 10 unrelaxed candidates...
  Relaxed 5/10
  🏆 New best: E = -10512.2944 eV (relaxation)
  Relaxed 10/10
Generating 10 new candidates...
  Generated 5/10 candidates
  Generated 10/10 candidates

Generation 8 summary:
  Best: -10512.2944 eV
  Average: -10511.2243 eV
  Global best: -10512.2944 eV

######################################################################
# GENERATION 9/10
######################################################################
Relaxing 10 unrelaxed candidates...
  🏆 New best: E = -10512.8027 eV (relaxation)
  Relaxed 5/10
  Relaxed 10/10
Generating 10 new candidates...
  Generated 5/10 candidates
  Generated 10/10 candidates

Generation 9 summary:
  Best: -10512.8027 eV
  Average: -10511.4790 eV
  Global best: -10512.8027 eV

######################################################################
# GENERATION 10/10
######################################################################
Relaxing 10 unrelaxed candidates...
  Relaxed 5/10
  Relaxed 10/10
Generating 10 new candidates...
  Generated 5/10 candidates
  Generated 10/10 candidates

Generation 10 summary:
  Best: -10512.8027 eV
  Average: -10511.5431 eV
  Global best: -10512.8027 eV

======================================================================
✅ GA COMPLETE
======================================================================
Metal: Pd (40 atoms)
Slab: Al2O3_001
Best energy: -10512.8027 eV (-262.8201 eV/atom)
Duration: 3.82 hours
Total structures: 100
Output: /DATA/user_scratch/jsh9967/5_uma_MSI/3_GA/runs_M40/Pd_Al2O3_001
======================================================================


======================================================================
✅ OPTIMIZATION COMPLETE: M40_Pd_Al2O3_001
======================================================================

✓ Completed: Pd on Al2O3_001

##################################################
# Processing: Pd on CaO_100
##################################################

======================================================================
🧬 GA OPTIMIZATION: M40
======================================================================
Configuration: M40_Pd_CaO_100
Metal: Pd (40 atoms)
Slab: CaO_100
Output: /DATA/user_scratch/jsh9967/5_uma_MSI/3_GA/runs_M40/Pd_CaO_100
Device: cuda
======================================================================


======================================================================
Loading UMA model from: /DATA/user_scratch/jsh9967/5_uma_MSI/utility/uma-s-1p1.pt
Device: cuda
======================================================================
✓ UMA model loaded successfully


======================================================================
Loading oxide slab: CaO_100
======================================================================
✓ Slab loaded from: CaO_100_large.traj
  Composition: Ca400O400
  Atoms: 800 (400 fixed)
  Cell: 34.57 × 34.57 × 24.33 Å
  Miller: [1, 0, 0]

======================================================================
GA OPTIMIZATION: Pd on CaO_100
======================================================================
Metal atoms: 40
Population: 10
Generations: 10
======================================================================

✓ Placement box created:
  Origin: (6.91, 6.91, 11.31) Å
  X range: 6.91 - 27.66 Å
  Y range: 6.91 - 27.66 Å
  Z range: 11.31 - 16.31 Å
  Volume: 2151.07 Å³
✓ GA operators configured:
  Crossover prob: 0.7
  Mutation prob: 0.3
  Mutations: 2 types
✓ Placement box created:
  Origin: (6.91, 6.91, 11.31) Å
  X range: 6.91 - 27.66 Å
  Y range: 6.91 - 27.66 Å
  Z range: 11.31 - 16.31 Å
  Volume: 2151.07 Å³
Generating initial population (attempt 1/6)...
  Generated 5/10 candidates
  Generated 10/10 candidates
✓ Initial population generated (10 structures)

======================================================================
Starting GA iterations...
======================================================================


######################################################################
# GENERATION 1/10
######################################################################
Relaxing 10 unrelaxed candidates...
  🏆 New best: E = -5184.2408 eV (relaxation)
  🏆 New best: E = -5185.6224 eV (relaxation)
  🏆 New best: E = -5187.2564 eV (relaxation)
  Relaxed 5/10
  Relaxed 10/10
Generating 10 new candidates...
  Generated 5/10 candidates
  Generated 10/10 candidates

Generation 1 summary:
  Best: -5187.2564 eV
  Average: -5184.2467 eV
  Global best: -5187.2564 eV

######################################################################
# GENERATION 2/10
######################################################################
Relaxing 10 unrelaxed candidates...
  🏆 New best: E = -5189.7569 eV (relaxation)
  🏆 New best: E = -5195.8060 eV (relaxation)
  Relaxed 5/10
  Relaxed 10/10
Generating 10 new candidates...
  Generated 5/10 candidates
  Generated 10/10 candidates

Generation 2 summary:
  Best: -5195.8060 eV
  Average: -5189.0940 eV
  Global best: -5195.8060 eV

######################################################################
# GENERATION 3/10
######################################################################
Relaxing 10 unrelaxed candidates...
  🏆 New best: E = -5196.6541 eV (relaxation)
  Relaxed 5/10
  Relaxed 10/10
Generating 10 new candidates...
  Generated 5/10 candidates
  Generated 10/10 candidates

Generation 3 summary:
  Best: -5196.6541 eV
  Average: -5195.0459 eV
  Global best: -5196.6541 eV

######################################################################
# GENERATION 4/10
######################################################################
Relaxing 10 unrelaxed candidates...
  Relaxed 5/10
  🏆 New best: E = -5196.7674 eV (relaxation)
  Relaxed 10/10
Generating 10 new candidates...
  Generated 5/10 candidates
  Generated 10/10 candidates

Generation 4 summary:
  Best: -5196.7674 eV
  Average: -5195.9117 eV
  Global best: -5196.7674 eV

######################################################################
# GENERATION 5/10
######################################################################
Relaxing 10 unrelaxed candidates...
  🏆 New best: E = -5198.3753 eV (relaxation)
  Relaxed 5/10
  Relaxed 10/10
Generating 10 new candidates...
  Generated 5/10 candidates
  Generated 10/10 candidates

Generation 5 summary:
  Best: -5198.3753 eV
  Average: -5197.2093 eV
  Global best: -5198.3753 eV

######################################################################
# GENERATION 6/10
######################################################################
Relaxing 10 unrelaxed candidates...
  Relaxed 5/10
  🏆 New best: E = -5198.6086 eV (relaxation)
  Relaxed 10/10
Generating 10 new candidates...
  Generated 5/10 candidates
  Generated 10/10 candidates

Generation 6 summary:
  Best: -5198.6086 eV
  Average: -5197.6483 eV
  Global best: -5198.6086 eV

######################################################################
# GENERATION 7/10
######################################################################
Relaxing 10 unrelaxed candidates...
  🏆 New best: E = -5198.6486 eV (relaxation)
  Relaxed 5/10
  🏆 New best: E = -5198.6933 eV (relaxation)
  Relaxed 10/10
Generating 10 new candidates...
  Generated 5/10 candidates
  Generated 10/10 candidates

Generation 7 summary:
  Best: -5198.6933 eV
  Average: -5197.9152 eV
  Global best: -5198.6933 eV

######################################################################
# GENERATION 8/10
######################################################################
Relaxing 10 unrelaxed candidates...
  Relaxed 5/10
  Relaxed 10/10
Generating 10 new candidates...
  Generated 5/10 candidates
  Generated 10/10 candidates

Generation 8 summary:
  Best: -5198.6933 eV
  Average: -5198.1236 eV
  Global best: -5198.6933 eV

######################################################################
# GENERATION 9/10
######################################################################
Relaxing 10 unrelaxed candidates...
  Relaxed 5/10
  🏆 New best: E = -5198.7227 eV (relaxation)
  🏆 New best: E = -5199.1195 eV (relaxation)
  Relaxed 10/10
Generating 10 new candidates...
  Generated 5/10 candidates
  Generated 10/10 candidates

Generation 9 summary:
  Best: -5199.1195 eV
  Average: -5198.4833 eV
  Global best: -5199.1195 eV

######################################################################
# GENERATION 10/10
######################################################################
Relaxing 10 unrelaxed candidates...
  Relaxed 5/10
  Relaxed 10/10
Generating 10 new candidates...
  Generated 5/10 candidates
  Generated 10/10 candidates

Generation 10 summary:
  Best: -5199.1195 eV
  Average: -5198.6410 eV
  Global best: -5199.1195 eV

======================================================================
✅ GA COMPLETE
======================================================================
Metal: Pd (40 atoms)
Slab: CaO_100
Best energy: -5199.1195 eV (-129.9780 eV/atom)
Duration: 1.18 hours
Total structures: 100
Output: /DATA/user_scratch/jsh9967/5_uma_MSI/3_GA/runs_M40/Pd_CaO_100
======================================================================


======================================================================
✅ OPTIMIZATION COMPLETE: M40_Pd_CaO_100
======================================================================

✓ Completed: Pd on CaO_100

##################################################
# Processing: Pd on CeO2_111
##################################################

======================================================================
🧬 GA OPTIMIZATION: M40
======================================================================
Configuration: M40_Pd_CeO2_111
Metal: Pd (40 atoms)
Slab: CeO2_111
Output: /DATA/user_scratch/jsh9967/5_uma_MSI/3_GA/runs_M40/Pd_CeO2_111
Device: cuda
======================================================================


======================================================================
Loading UMA model from: /DATA/user_scratch/jsh9967/5_uma_MSI/utility/uma-s-1p1.pt
Device: cuda
======================================================================
✓ UMA model loaded successfully


======================================================================
Loading oxide slab: CeO2_111
======================================================================
✓ Slab loaded from: CeO2_111_large.traj
  Composition: Ce243O486
  Atoms: 729 (364 fixed)
  Cell: 34.87 × 34.87 × 24.91 Å
  Miller: [1, 1, 1]

======================================================================
GA OPTIMIZATION: Pd on CeO2_111
======================================================================
Metal atoms: 40
Population: 10
Generations: 10
======================================================================

✓ Placement box created:
  Origin: (6.97, 6.04, 11.97) Å
  X range: 6.97 - 27.90 Å
  Y range: 6.04 - 26.96 Å
  Z range: 11.97 - 16.97 Å
  Volume: 2189.01 Å³
✓ GA operators configured:
  Crossover prob: 0.7
  Mutation prob: 0.3
  Mutations: 2 types
✓ Placement box created:
  Origin: (6.97, 6.04, 11.97) Å
  X range: 6.97 - 27.90 Å
  Y range: 6.04 - 26.96 Å
  Z range: 11.97 - 16.97 Å
  Volume: 2189.01 Å³
Generating initial population (attempt 1/6)...
  Generated 5/10 candidates
  Generated 10/10 candidates
✓ Initial population generated (10 structures)

======================================================================
Starting GA iterations...
======================================================================


######################################################################
# GENERATION 1/10
######################################################################
Relaxing 10 unrelaxed candidates...
  🏆 New best: E = -6451.9294 eV (relaxation)
  🏆 New best: E = -6452.4312 eV (relaxation)
  🏆 New best: E = -6452.6635 eV (relaxation)
  🏆 New best: E = -6452.8745 eV (relaxation)
  Relaxed 5/10
  🏆 New best: E = -6454.0250 eV (relaxation)
  🏆 New best: E = -6454.4568 eV (relaxation)
  Relaxed 10/10
Generating 10 new candidates...
  Generated 5/10 candidates
  Generated 10/10 candidates

Generation 1 summary:
  Best: -6454.4568 eV
  Average: -6452.1901 eV
  Global best: -6454.4568 eV

######################################################################
# GENERATION 2/10
######################################################################
Relaxing 10 unrelaxed candidates...
  🏆 New best: E = -6456.1234 eV (relaxation)
  🏆 New best: E = -6456.1686 eV (relaxation)
  🏆 New best: E = -6456.5888 eV (relaxation)
  Relaxed 5/10
  Relaxed 10/10
Generating 10 new candidates...
  Generated 5/10 candidates
  Generated 10/10 candidates

Generation 2 summary:
  Best: -6456.5888 eV
  Average: -6454.8025 eV
  Global best: -6456.5888 eV

######################################################################
# GENERATION 3/10
######################################################################
Relaxing 10 unrelaxed candidates...
  🏆 New best: E = -6459.3207 eV (relaxation)
  Relaxed 5/10
  🏆 New best: E = -6459.5036 eV (relaxation)
  Relaxed 10/10
Generating 10 new candidates...
  Generated 5/10 candidates
  Generated 10/10 candidates

Generation 3 summary:
  Best: -6459.5036 eV
  Average: -6457.5040 eV
  Global best: -6459.5036 eV

######################################################################
# GENERATION 4/10
######################################################################
Relaxing 10 unrelaxed candidates...
  🏆 New best: E = -6464.3833 eV (relaxation)
  Relaxed 5/10
  Relaxed 10/10
Generating 10 new candidates...
  Generated 5/10 candidates
  Generated 10/10 candidates

Generation 4 summary:
  Best: -6464.3833 eV
  Average: -6459.7707 eV
  Global best: -6464.3833 eV

######################################################################
# GENERATION 5/10
######################################################################
Relaxing 10 unrelaxed candidates...
  Relaxed 5/10
  Relaxed 10/10
Generating 10 new candidates...
  Generated 5/10 candidates
  Generated 10/10 candidates

Generation 5 summary:
  Best: -6464.3833 eV
  Average: -6462.2019 eV
  Global best: -6464.3833 eV

######################################################################
# GENERATION 6/10
######################################################################
Relaxing 10 unrelaxed candidates...
  Relaxed 5/10
  Relaxed 10/10
Generating 10 new candidates...
  Generated 5/10 candidates
  Generated 10/10 candidates

Generation 6 summary:
  Best: -6464.3833 eV
  Average: -6463.0133 eV
  Global best: -6464.3833 eV

######################################################################
# GENERATION 7/10
######################################################################
Relaxing 10 unrelaxed candidates...
  Relaxed 5/10
  Relaxed 10/10
Generating 10 new candidates...
  Generated 5/10 candidates
  Generated 10/10 candidates

Generation 7 summary:
  Best: -6464.3833 eV
  Average: -6463.4884 eV
  Global best: -6464.3833 eV

######################################################################
# GENERATION 8/10
######################################################################
Relaxing 10 unrelaxed candidates...
  Relaxed 5/10
  Relaxed 10/10
Generating 10 new candidates...
  Generated 5/10 candidates
  Generated 10/10 candidates

Generation 8 summary:
  Best: -6464.3833 eV
  Average: -6463.5878 eV
  Global best: -6464.3833 eV

######################################################################
# GENERATION 9/10
######################################################################
Relaxing 10 unrelaxed candidates...
  Relaxed 5/10
  Relaxed 10/10
Generating 10 new candidates...
  Generated 5/10 candidates
  Generated 10/10 candidates

Generation 9 summary:
  Best: -6464.3833 eV
  Average: -6463.5887 eV
  Global best: -6464.3833 eV

######################################################################
# GENERATION 10/10
######################################################################
Relaxing 10 unrelaxed candidates...
  Relaxed 5/10
  Relaxed 10/10
Generating 10 new candidates...
  Generated 5/10 candidates
  Generated 10/10 candidates

Generation 10 summary:
  Best: -6464.3833 eV
  Average: -6463.6167 eV
  Global best: -6464.3833 eV

======================================================================
✅ GA COMPLETE
======================================================================
Metal: Pd (40 atoms)
Slab: CeO2_111
Best energy: -6464.3833 eV (-161.6096 eV/atom)
Duration: 0.97 hours
Total structures: 100
Output: /DATA/user_scratch/jsh9967/5_uma_MSI/3_GA/runs_M40/Pd_CeO2_111
======================================================================


======================================================================
✅ OPTIMIZATION COMPLETE: M40_Pd_CeO2_111
======================================================================

✓ Completed: Pd on CeO2_111

##################################################
# Processing: Pd on MgO_100
##################################################

======================================================================
🧬 GA OPTIMIZATION: M40
======================================================================
Configuration: M40_Pd_MgO_100
Metal: Pd (40 atoms)
Slab: MgO_100
Output: /DATA/user_scratch/jsh9967/5_uma_MSI/3_GA/runs_M40/Pd_MgO_100
Device: cuda
======================================================================


======================================================================
Loading UMA model from: /DATA/user_scratch/jsh9967/5_uma_MSI/utility/uma-s-1p1.pt
Device: cuda
======================================================================
✓ UMA model loaded successfully


======================================================================
Loading oxide slab: MgO_100
======================================================================
✓ Slab loaded from: MgO_100_large.traj
  Composition: Mg484O484
  Atoms: 968 (484 fixed)
  Cell: 33.62 × 33.62 × 23.48 Å
  Miller: [1, 0, 0]

======================================================================
GA OPTIMIZATION: Pd on MgO_100
======================================================================
Metal atoms: 40
Population: 10
Generations: 10
======================================================================

✓ Placement box created:
  Origin: (6.72, 6.72, 10.48) Å
  X range: 6.72 - 26.90 Å
  Y range: 6.72 - 26.90 Å
  Z range: 10.48 - 15.48 Å
  Volume: 2035.07 Å³
✓ GA operators configured:
  Crossover prob: 0.7
  Mutation prob: 0.3
  Mutations: 2 types
✓ Placement box created:
  Origin: (6.72, 6.72, 10.48) Å
  X range: 6.72 - 26.90 Å
  Y range: 6.72 - 26.90 Å
  Z range: 10.48 - 15.48 Å
  Volume: 2035.07 Å³
Generating initial population (attempt 1/6)...
  Generated 5/10 candidates
  Generated 10/10 candidates
✓ Initial population generated (10 structures)

======================================================================
Starting GA iterations...
======================================================================


######################################################################
# GENERATION 1/10
######################################################################
Relaxing 10 unrelaxed candidates...
  🏆 New best: E = -5762.7319 eV (relaxation)
  🏆 New best: E = -5764.2460 eV (relaxation)
  🏆 New best: E = -5769.2366 eV (relaxation)
  🏆 New best: E = -5769.2523 eV (relaxation)
  Relaxed 5/10
  🏆 New best: E = -5773.4057 eV (relaxation)
  Relaxed 10/10
Generating 10 new candidates...
  Generated 5/10 candidates
  Generated 10/10 candidates

Generation 1 summary:
  Best: -5773.4057 eV
  Average: -5767.2269 eV
  Global best: -5773.4057 eV

######################################################################
# GENERATION 2/10
######################################################################
Relaxing 10 unrelaxed candidates...
  🏆 New best: E = -5774.8130 eV (relaxation)
  Relaxed 5/10
  Relaxed 10/10
Generating 10 new candidates...
  Generated 5/10 candidates
  Generated 10/10 candidates

Generation 2 summary:
  Best: -5774.8130 eV
  Average: -5770.8998 eV
  Global best: -5774.8130 eV

######################################################################
# GENERATION 3/10
######################################################################
Relaxing 10 unrelaxed candidates...
  🏆 New best: E = -5778.1699 eV (relaxation)
  Relaxed 5/10
  Relaxed 10/10
Generating 10 new candidates...
  Generated 5/10 candidates
  Generated 10/10 candidates

Generation 3 summary:
  Best: -5778.1699 eV
  Average: -5774.1597 eV
  Global best: -5778.1699 eV

######################################################################
# GENERATION 4/10
######################################################################
Relaxing 10 unrelaxed candidates...
  Relaxed 5/10
  Relaxed 10/10
Generating 10 new candidates...
  Generated 5/10 candidates
  Generated 10/10 candidates

Generation 4 summary:
  Best: -5778.1699 eV
  Average: -5775.7669 eV
  Global best: -5778.1699 eV

######################################################################
# GENERATION 5/10
######################################################################
Relaxing 10 unrelaxed candidates...
  Relaxed 5/10
  Relaxed 10/10
Generating 10 new candidates...
  Generated 5/10 candidates
  Generated 10/10 candidates

Generation 5 summary:
  Best: -5778.1699 eV
  Average: -5777.2603 eV
  Global best: -5778.1699 eV

######################################################################
# GENERATION 6/10
######################################################################
Relaxing 10 unrelaxed candidates...
  🏆 New best: E = -5778.4673 eV (relaxation)
  Relaxed 5/10
  Relaxed 10/10
Generating 10 new candidates...
  Generated 5/10 candidates
  Generated 10/10 candidates

Generation 6 summary:
  Best: -5778.4673 eV
  Average: -5777.5330 eV
  Global best: -5778.4673 eV

######################################################################
# GENERATION 7/10
######################################################################
Relaxing 10 unrelaxed candidates...
  Relaxed 5/10
  🏆 New best: E = -5778.4747 eV (relaxation)
  🏆 New best: E = -5778.4971 eV (relaxation)
  Relaxed 10/10
Generating 10 new candidates...
  Generated 5/10 candidates
  Generated 10/10 candidates

Generation 7 summary:
  Best: -5778.4971 eV
  Average: -5777.4586 eV
  Global best: -5778.4971 eV

######################################################################
# GENERATION 8/10
######################################################################
Relaxing 10 unrelaxed candidates...
  Relaxed 5/10
  Relaxed 10/10
Generating 10 new candidates...
  Generated 5/10 candidates
  Generated 10/10 candidates

Generation 8 summary:
  Best: -5778.4971 eV
  Average: -5777.5338 eV
  Global best: -5778.4971 eV

######################################################################
# GENERATION 9/10
######################################################################
Relaxing 10 unrelaxed candidates...
  Relaxed 5/10
  Relaxed 10/10
Generating 10 new candidates...
  Generated 5/10 candidates
  Generated 10/10 candidates

Generation 9 summary:
  Best: -5778.4971 eV
  Average: -5777.8746 eV
  Global best: -5778.4971 eV

######################################################################
# GENERATION 10/10
######################################################################
Relaxing 10 unrelaxed candidates...
  Relaxed 5/10
  Relaxed 10/10
Generating 10 new candidates...
  Generated 5/10 candidates
  Generated 10/10 candidates

Generation 10 summary:
  Best: -5778.4971 eV
  Average: -5777.8988 eV
  Global best: -5778.4971 eV

======================================================================
✅ GA COMPLETE
======================================================================
Metal: Pd (40 atoms)
Slab: MgO_100
Best energy: -5778.4971 eV (-144.4624 eV/atom)
Duration: 1.52 hours
Total structures: 100
Output: /DATA/user_scratch/jsh9967/5_uma_MSI/3_GA/runs_M40/Pd_MgO_100
======================================================================


======================================================================
✅ OPTIMIZATION COMPLETE: M40_Pd_MgO_100
======================================================================

✓ Completed: Pd on MgO_100

##################################################
# Processing: Pd on SiO2_101
##################################################

======================================================================
🧬 GA OPTIMIZATION: M40
======================================================================
Configuration: M40_Pd_SiO2_101
Metal: Pd (40 atoms)
Slab: SiO2_101
Output: /DATA/user_scratch/jsh9967/5_uma_MSI/3_GA/runs_M40/Pd_SiO2_101
Device: cuda
======================================================================


======================================================================
Loading UMA model from: /DATA/user_scratch/jsh9967/5_uma_MSI/utility/uma-s-1p1.pt
Device: cuda
======================================================================
✓ UMA model loaded successfully


======================================================================
Loading oxide slab: SiO2_101
======================================================================
✓ Slab loaded from: SiO2_101_large.traj
  Composition: O630Si315
  Atoms: 945 (438 fixed)
  Cell: 36.09 × 38.03 × 31.88 Å
  Miller: [1, 0, 1]

======================================================================
GA OPTIMIZATION: Pd on SiO2_101
======================================================================
Metal atoms: 40
Population: 10
Generations: 10
======================================================================

✓ Placement box created:
  Origin: (7.19, 7.11, 18.94) Å
  X range: 7.19 - 28.85 Å
  Y range: 7.11 - 29.93 Å
  Z range: 18.94 - 23.94 Å
  Volume: 2470.64 Å³
✓ GA operators configured:
  Crossover prob: 0.7
  Mutation prob: 0.3
  Mutations: 2 types
✓ Placement box created:
  Origin: (7.19, 7.11, 18.94) Å
  X range: 7.19 - 28.85 Å
  Y range: 7.11 - 29.93 Å
  Z range: 18.94 - 23.94 Å
  Volume: 2470.64 Å³
Generating initial population (attempt 1/6)...
  Generated 5/10 candidates
  Generated 10/10 candidates
✓ Initial population generated (10 structures)

======================================================================
Starting GA iterations...
======================================================================


######################################################################
# GENERATION 1/10
######################################################################
Relaxing 10 unrelaxed candidates...
  🏆 New best: E = -7236.4126 eV (relaxation)
  🏆 New best: E = -7247.3178 eV (relaxation)
  Relaxed 5/10
  Relaxed 10/10
Generating 10 new candidates...
  Generated 5/10 candidates
  Generated 10/10 candidates

Generation 1 summary:
  Best: -7247.3178 eV
  Average: -7229.8661 eV
  Global best: -7247.3178 eV

######################################################################
# GENERATION 2/10
######################################################################
Relaxing 10 unrelaxed candidates...
  🏆 New best: E = -7258.5140 eV (relaxation)
  Relaxed 5/10
  Relaxed 10/10
Generating 10 new candidates...
  Generated 5/10 candidates
  Generated 10/10 candidates

Generation 2 summary:
  Best: -7258.5140 eV
  Average: -7246.9795 eV
  Global best: -7258.5140 eV

######################################################################
# GENERATION 3/10
######################################################################
Relaxing 10 unrelaxed candidates...
  Relaxed 5/10
  Relaxed 10/10
Generating 10 new candidates...
  Generated 5/10 candidates
  Generated 10/10 candidates

Generation 3 summary:
  Best: -7258.5140 eV
  Average: -7251.4069 eV
  Global best: -7258.5140 eV

######################################################################
# GENERATION 4/10
######################################################################
Relaxing 10 unrelaxed candidates...
  Relaxed 5/10
  Relaxed 10/10
Generating 10 new candidates...
  Generated 5/10 candidates
  Generated 10/10 candidates

Generation 4 summary:
  Best: -7258.5140 eV
  Average: -7254.6139 eV
  Global best: -7258.5140 eV

######################################################################
# GENERATION 5/10
######################################################################
Relaxing 10 unrelaxed candidates...
  🏆 New best: E = -7262.5785 eV (relaxation)
  Relaxed 5/10
  Relaxed 10/10
Generating 10 new candidates...
  Generated 5/10 candidates
  Generated 10/10 candidates

Generation 5 summary:
  Best: -7262.5785 eV
  Average: -7258.1932 eV
  Global best: -7262.5785 eV

######################################################################
# GENERATION 6/10
######################################################################
Relaxing 10 unrelaxed candidates...
  🏆 New best: E = -7267.0480 eV (relaxation)
  Relaxed 5/10
  🏆 New best: E = -7268.1297 eV (relaxation)
  Relaxed 10/10
Generating 10 new candidates...
  Generated 5/10 candidates
  Generated 10/10 candidates

Generation 6 summary:
  Best: -7268.1297 eV
  Average: -7261.5975 eV
  Global best: -7268.1297 eV

######################################################################
# GENERATION 7/10
######################################################################
Relaxing 10 unrelaxed candidates...
  🏆 New best: E = -7270.2771 eV (relaxation)
  Relaxed 5/10
  Relaxed 10/10
Generating 10 new candidates...
  Generated 5/10 candidates
  Generated 10/10 candidates

Generation 7 summary:
  Best: -7270.2771 eV
  Average: -7263.4903 eV
  Global best: -7270.2771 eV

######################################################################
# GENERATION 8/10
######################################################################
Relaxing 10 unrelaxed candidates...
  Relaxed 5/10
  🏆 New best: E = -7270.6855 eV (relaxation)
  🏆 New best: E = -7271.9225 eV (relaxation)
  Relaxed 10/10
Generating 10 new candidates...
  Generated 5/10 candidates
  Generated 10/10 candidates

Generation 8 summary:
  Best: -7271.9225 eV
  Average: -7266.8242 eV
  Global best: -7271.9225 eV

######################################################################
# GENERATION 9/10
######################################################################
Relaxing 10 unrelaxed candidates...
  Relaxed 5/10
  Relaxed 10/10
Generating 10 new candidates...
  Generated 5/10 candidates
  Generated 10/10 candidates

Generation 9 summary:
  Best: -7271.9225 eV
  Average: -7268.4827 eV
  Global best: -7271.9225 eV

######################################################################
# GENERATION 10/10
######################################################################
Relaxing 10 unrelaxed candidates...
  🏆 New best: E = -7272.8084 eV (relaxation)
  Relaxed 5/10
  Relaxed 10/10
Generating 10 new candidates...
  Generated 5/10 candidates
  Generated 10/10 candidates

Generation 10 summary:
  Best: -7272.8084 eV
  Average: -7269.6598 eV
  Global best: -7272.8084 eV

======================================================================
✅ GA COMPLETE
======================================================================
Metal: Pd (40 atoms)
Slab: SiO2_101
Best energy: -7272.8084 eV (-181.8202 eV/atom)
Duration: 1.82 hours
Total structures: 100
Output: /DATA/user_scratch/jsh9967/5_uma_MSI/3_GA/runs_M40/Pd_SiO2_101
======================================================================


======================================================================
✅ OPTIMIZATION COMPLETE: M40_Pd_SiO2_101
======================================================================

✓ Completed: Pd on SiO2_101

##################################################
# Processing: Pd on SnO2_100
##################################################

======================================================================
🧬 GA OPTIMIZATION: M40
======================================================================
Configuration: M40_Pd_SnO2_100
Metal: Pd (40 atoms)
Slab: SnO2_100
Output: /DATA/user_scratch/jsh9967/5_uma_MSI/3_GA/runs_M40/Pd_SnO2_100
Device: cuda
======================================================================


======================================================================
Loading UMA model from: /DATA/user_scratch/jsh9967/5_uma_MSI/utility/uma-s-1p1.pt
Device: cuda
======================================================================
✓ UMA model loaded successfully


======================================================================
Loading oxide slab: SnO2_100
======================================================================
✓ Slab loaded from: SnO2_100_large.traj
  Composition: O616Sn308
  Atoms: 924 (462 fixed)
  Cell: 35.86 × 34.29 × 26.23 Å
  Miller: [1, 0, 0]

======================================================================
GA OPTIMIZATION: Pd on SnO2_100
======================================================================
Metal atoms: 40
Population: 10
Generations: 10
======================================================================

✓ Placement box created:
  Origin: (7.17, 6.86, 13.38) Å
  X range: 7.17 - 28.69 Å
  Y range: 6.86 - 27.43 Å
  Z range: 13.38 - 18.38 Å
  Volume: 2213.46 Å³
✓ GA operators configured:
  Crossover prob: 0.7
  Mutation prob: 0.3
  Mutations: 2 types
✓ Placement box created:
  Origin: (7.17, 6.86, 13.38) Å
  X range: 7.17 - 28.69 Å
  Y range: 6.86 - 27.43 Å
  Z range: 13.38 - 18.38 Å
  Volume: 2213.46 Å³
Generating initial population (attempt 1/6)...
  Generated 5/10 candidates
  Generated 10/10 candidates
✓ Initial population generated (10 structures)

======================================================================
Starting GA iterations...
======================================================================


######################################################################
# GENERATION 1/10
######################################################################
Relaxing 10 unrelaxed candidates...
  🏆 New best: E = -5714.1496 eV (relaxation)
  🏆 New best: E = -5720.5831 eV (relaxation)
  🏆 New best: E = -5725.7784 eV (relaxation)
  Relaxed 5/10
  Relaxed 10/10
Generating 10 new candidates...
  Generated 5/10 candidates
  Generated 10/10 candidates

Generation 1 summary:
  Best: -5725.7784 eV
  Average: -5719.6515 eV
  Global best: -5725.7784 eV

######################################################################
# GENERATION 2/10
######################################################################
Relaxing 10 unrelaxed candidates...
  🏆 New best: E = -5731.8219 eV (relaxation)
  Relaxed 5/10
  Relaxed 10/10
Generating 10 new candidates...
  Generated 5/10 candidates
  Generated 10/10 candidates

Generation 2 summary:
  Best: -5731.8219 eV
  Average: -5726.0627 eV
  Global best: -5731.8219 eV

######################################################################
# GENERATION 3/10
######################################################################
Relaxing 10 unrelaxed candidates...
  🏆 New best: E = -5735.9460 eV (relaxation)
  Relaxed 5/10
  Relaxed 10/10
Generating 10 new candidates...
  Generated 5/10 candidates
  Generated 10/10 candidates

Generation 3 summary:
  Best: -5735.9460 eV
  Average: -5731.7486 eV
  Global best: -5735.9460 eV

######################################################################
# GENERATION 4/10
######################################################################
Relaxing 10 unrelaxed candidates...
  🏆 New best: E = -5736.4813 eV (relaxation)
  Relaxed 5/10
  Relaxed 10/10
Generating 10 new candidates...
  Generated 5/10 candidates
  Generated 10/10 candidates

Generation 4 summary:
  Best: -5736.4813 eV
  Average: -5734.3928 eV
  Global best: -5736.4813 eV

######################################################################
# GENERATION 5/10
######################################################################
Relaxing 10 unrelaxed candidates...
  🏆 New best: E = -5737.9154 eV (relaxation)
  Relaxed 5/10
  🏆 New best: E = -5737.9996 eV (relaxation)
  Relaxed 10/10
Generating 10 new candidates...
  Generated 5/10 candidates
  Generated 10/10 candidates

Generation 5 summary:
  Best: -5737.9996 eV
  Average: -5736.2252 eV
  Global best: -5737.9996 eV

######################################################################
# GENERATION 6/10
######################################################################
Relaxing 10 unrelaxed candidates...
  🏆 New best: E = -5739.5560 eV (relaxation)
  🏆 New best: E = -5739.9417 eV (relaxation)
  Relaxed 5/10
  Relaxed 10/10
Generating 10 new candidates...
  Generated 5/10 candidates
  Generated 10/10 candidates

Generation 6 summary:
  Best: -5739.9417 eV
  Average: -5737.7694 eV
  Global best: -5739.9417 eV

######################################################################
# GENERATION 7/10
######################################################################
Relaxing 10 unrelaxed candidates...
  Relaxed 5/10
  Relaxed 10/10
Generating 10 new candidates...
  Generated 5/10 candidates
  Generated 10/10 candidates

Generation 7 summary:
  Best: -5739.9417 eV
  Average: -5738.8180 eV
  Global best: -5739.9417 eV

######################################################################
# GENERATION 8/10
######################################################################
Relaxing 10 unrelaxed candidates...
  Relaxed 5/10
  Relaxed 10/10
Generating 10 new candidates...
  Generated 5/10 candidates
  Generated 10/10 candidates

Generation 8 summary:
  Best: -5739.9417 eV
  Average: -5738.9206 eV
  Global best: -5739.9417 eV

######################################################################
# GENERATION 9/10
######################################################################
Relaxing 10 unrelaxed candidates...
  Relaxed 5/10
  Relaxed 10/10
Generating 10 new candidates...
  Generated 5/10 candidates
  Generated 10/10 candidates

Generation 9 summary:
  Best: -5739.9417 eV
  Average: -5739.2775 eV
  Global best: -5739.9417 eV

######################################################################
# GENERATION 10/10
######################################################################
Relaxing 10 unrelaxed candidates...
  🏆 New best: E = -5740.2670 eV (relaxation)
  Relaxed 5/10
  Relaxed 10/10
Generating 10 new candidates...
  Generated 5/10 candidates
  Generated 10/10 candidates

Generation 10 summary:
  Best: -5740.2670 eV
  Average: -5739.4240 eV
  Global best: -5740.2670 eV

======================================================================
✅ GA COMPLETE
======================================================================
Metal: Pd (40 atoms)
Slab: SnO2_100
Best energy: -5740.2670 eV (-143.5067 eV/atom)
Duration: 1.51 hours
Total structures: 100
Output: /DATA/user_scratch/jsh9967/5_uma_MSI/3_GA/runs_M40/Pd_SnO2_100
======================================================================


======================================================================
✅ OPTIMIZATION COMPLETE: M40_Pd_SnO2_100
======================================================================

✓ Completed: Pd on SnO2_100

##################################################
# Processing: Pd on TiO2_anatase_001
##################################################

======================================================================
🧬 GA OPTIMIZATION: M40
======================================================================
Configuration: M40_Pd_TiO2_anatase_001
Metal: Pd (40 atoms)
Slab: TiO2_anatase_001
Output: /DATA/user_scratch/jsh9967/5_uma_MSI/3_GA/runs_M40/Pd_TiO2_anatase_001
Device: cuda
======================================================================


======================================================================
Loading UMA model from: /DATA/user_scratch/jsh9967/5_uma_MSI/utility/uma-s-1p1.pt
Device: cuda
======================================================================
✓ UMA model loaded successfully


======================================================================
Loading oxide slab: TiO2_anatase_001
======================================================================
✓ Slab loaded from: TiO2_anatase_001_large.traj
  Composition: O648Ti324
  Atoms: 972 (486 fixed)
  Cell: 34.62 × 34.62 × 25.27 Å
  Miller: [0, 0, 1]

======================================================================
GA OPTIMIZATION: Pd on TiO2_anatase_001
======================================================================
Metal atoms: 40
Population: 10
Generations: 10
======================================================================

✓ Placement box created:
  Origin: (6.92, 6.92, 12.25) Å
  X range: 6.92 - 27.69 Å
  Y range: 6.92 - 27.69 Å
  Z range: 12.25 - 17.25 Å
  Volume: 2157.07 Å³
✓ GA operators configured:
  Crossover prob: 0.7
  Mutation prob: 0.3
  Mutations: 2 types
✓ Placement box created:
  Origin: (6.92, 6.92, 12.25) Å
  X range: 6.92 - 27.69 Å
  Y range: 6.92 - 27.69 Å
  Z range: 12.25 - 17.25 Å
  Volume: 2157.07 Å³
Generating initial population (attempt 1/6)...
  Generated 5/10 candidates
  Generated 10/10 candidates
✓ Initial population generated (10 structures)

======================================================================
Starting GA iterations...
======================================================================


######################################################################
# GENERATION 1/10
######################################################################
Relaxing 10 unrelaxed candidates...
  🏆 New best: E = -8700.6929 eV (relaxation)
  🏆 New best: E = -8702.6250 eV (relaxation)
  Relaxed 5/10
  🏆 New best: E = -8706.8833 eV (relaxation)
  Relaxed 10/10
Generating 10 new candidates...
  Generated 5/10 candidates
  Generated 10/10 candidates

Generation 1 summary:
  Best: -8706.8833 eV
  Average: -8700.9842 eV
  Global best: -8706.8833 eV

######################################################################
# GENERATION 2/10
######################################################################
Relaxing 5 unrelaxed candidates...
  🏆 New best: E = -8707.8292 eV (relaxation)
  Relaxed 5/5
Generating 10 new candidates...

Generation 2 summary:
  Best: -8707.8292 eV
  Average: -8704.9230 eV
  Global best: -8707.8292 eV

######################################################################
# GENERATION 3/10
######################################################################
Relaxing 4 unrelaxed candidates...
  🏆 New best: E = -8708.9928 eV (relaxation)
  Relaxed 4/4
Generating 10 new candidates...

Generation 3 summary:
  Best: -8708.9928 eV
  Average: -8706.3551 eV
  Global best: -8708.9928 eV

######################################################################
# GENERATION 4/10
######################################################################
Relaxing 6 unrelaxed candidates...
  🏆 New best: E = -8709.0431 eV (relaxation)
  Relaxed 5/6
  Relaxed 6/6
Generating 10 new candidates...
  Generated 5/10 candidates

Generation 4 summary:
  Best: -8709.0431 eV
  Average: -8707.4603 eV
  Global best: -8709.0431 eV

######################################################################
# GENERATION 5/10
######################################################################
Relaxing 7 unrelaxed candidates...
  🏆 New best: E = -8709.8480 eV (relaxation)
  🏆 New best: E = -8711.7442 eV (relaxation)
  Relaxed 5/7
  Relaxed 7/7
Generating 10 new candidates...
  Generated 5/10 candidates
  Generated 10/10 candidates

Generation 5 summary:
  Best: -8711.7442 eV
  Average: -8709.3849 eV
  Global best: -8711.7442 eV

######################################################################
# GENERATION 6/10
######################################################################
Relaxing 10 unrelaxed candidates...
  🏆 New best: E = -8712.4439 eV (relaxation)
  🏆 New best: E = -8713.3915 eV (relaxation)
  Relaxed 5/10
  Relaxed 10/10
Generating 10 new candidates...
  Generated 5/10 candidates
  Generated 10/10 candidates

Generation 6 summary:
  Best: -8713.3915 eV
  Average: -8711.5344 eV
  Global best: -8713.3915 eV

######################################################################
# GENERATION 7/10
######################################################################
Relaxing 10 unrelaxed candidates...
  Relaxed 5/10
  Relaxed 10/10
Generating 10 new candidates...
  Generated 5/10 candidates
  Generated 10/10 candidates

Generation 7 summary:
  Best: -8713.3915 eV
  Average: -8712.4961 eV
  Global best: -8713.3915 eV

######################################################################
# GENERATION 8/10
######################################################################
Relaxing 10 unrelaxed candidates...
  Relaxed 5/10
  🏆 New best: E = -8713.3942 eV (relaxation)
  🏆 New best: E = -8714.3120 eV (relaxation)
  Relaxed 10/10
Generating 10 new candidates...
  Generated 5/10 candidates
  Generated 10/10 candidates

Generation 8 summary:
  Best: -8714.3120 eV
  Average: -8712.9343 eV
  Global best: -8714.3120 eV

######################################################################
# GENERATION 9/10
######################################################################
Relaxing 10 unrelaxed candidates...
  Relaxed 5/10
  🏆 New best: E = -8714.3790 eV (relaxation)
  Relaxed 10/10
Generating 10 new candidates...
  Generated 5/10 candidates
  Generated 10/10 candidates

Generation 9 summary:
  Best: -8714.3790 eV
  Average: -8713.3396 eV
  Global best: -8714.3790 eV

######################################################################
# GENERATION 10/10
######################################################################
Relaxing 10 unrelaxed candidates...
  Relaxed 5/10
  Relaxed 10/10
Generating 10 new candidates...
  Generated 5/10 candidates
  Generated 10/10 candidates

Generation 10 summary:
  Best: -8714.3790 eV
  Average: -8713.5311 eV
  Global best: -8714.3790 eV

======================================================================
✅ GA COMPLETE
======================================================================
Metal: Pd (40 atoms)
Slab: TiO2_anatase_001
Best energy: -8714.3790 eV (-217.8595 eV/atom)
Duration: 1.66 hours
Total structures: 82
Output: /DATA/user_scratch/jsh9967/5_uma_MSI/3_GA/runs_M40/Pd_TiO2_anatase_001
======================================================================


======================================================================
✅ OPTIMIZATION COMPLETE: M40_Pd_TiO2_anatase_001
======================================================================

✓ Completed: Pd on TiO2_anatase_001

##################################################
# Processing: Pd on TiO2_rutile_100
##################################################

======================================================================
🧬 GA OPTIMIZATION: M40
======================================================================
Configuration: M40_Pd_TiO2_rutile_100
Metal: Pd (40 atoms)
Slab: TiO2_rutile_100
Output: /DATA/user_scratch/jsh9967/5_uma_MSI/3_GA/runs_M40/Pd_TiO2_rutile_100
Device: cuda
======================================================================


======================================================================
Loading UMA model from: /DATA/user_scratch/jsh9967/5_uma_MSI/utility/uma-s-1p1.pt
Device: cuda
======================================================================
✓ UMA model loaded successfully


======================================================================
Loading oxide slab: TiO2_rutile_100
======================================================================
✓ Slab loaded from: TiO2_rutile_100_large.traj
  Composition: O672Ti336
  Atoms: 1008 (504 fixed)
  Cell: 35.72 × 33.09 × 25.91 Å
  Miller: [1, 0, 0]

======================================================================
GA OPTIMIZATION: Pd on TiO2_rutile_100
======================================================================
Metal atoms: 40
Population: 10
Generations: 10
======================================================================

✓ Placement box created:
  Origin: (7.14, 6.62, 13.01) Å
  X range: 7.14 - 28.58 Å
  Y range: 6.62 - 26.47 Å
  Z range: 13.01 - 18.01 Å
  Volume: 2127.69 Å³
✓ GA operators configured:
  Crossover prob: 0.7
  Mutation prob: 0.3
  Mutations: 2 types
✓ Placement box created:
  Origin: (7.14, 6.62, 13.01) Å
  X range: 7.14 - 28.58 Å
  Y range: 6.62 - 26.47 Å
  Z range: 13.01 - 18.01 Å
  Volume: 2127.69 Å³
Generating initial population (attempt 1/6)...
  Generated 5/10 candidates
  Generated 10/10 candidates
✓ Initial population generated (10 structures)

======================================================================
Starting GA iterations...
======================================================================


######################################################################
# GENERATION 1/10
######################################################################
Relaxing 10 unrelaxed candidates...
  🏆 New best: E = -8988.3940 eV (relaxation)
  🏆 New best: E = -8991.3697 eV (relaxation)
  🏆 New best: E = -8993.0672 eV (relaxation)
  Relaxed 5/10
  🏆 New best: E = -8993.1768 eV (relaxation)
  🏆 New best: E = -8993.8306 eV (relaxation)
  🏆 New best: E = -8994.3958 eV (relaxation)
  🏆 New best: E = -9000.0733 eV (relaxation)
  Relaxed 10/10
Generating 10 new candidates...
  Generated 5/10 candidates
  Generated 10/10 candidates

Generation 1 summary:
  Best: -9000.0733 eV
  Average: -8992.4071 eV
  Global best: -9000.0733 eV

######################################################################
# GENERATION 2/10
######################################################################
Relaxing 10 unrelaxed candidates...
  🏆 New best: E = -9001.5319 eV (relaxation)
  🏆 New best: E = -9005.8133 eV (relaxation)
  Relaxed 5/10
  Relaxed 10/10
Generating 10 new candidates...
  Generated 5/10 candidates
  Generated 10/10 candidates

Generation 2 summary:
  Best: -9005.8133 eV
  Average: -8998.8887 eV
  Global best: -9005.8133 eV

######################################################################
# GENERATION 3/10
######################################################################
Relaxing 10 unrelaxed candidates...
  Relaxed 5/10
  Relaxed 10/10
Generating 10 new candidates...
  Generated 5/10 candidates
  Generated 10/10 candidates

Generation 3 summary:
  Best: -9005.8133 eV
  Average: -9003.1382 eV
  Global best: -9005.8133 eV

######################################################################
# GENERATION 4/10
######################################################################
Relaxing 10 unrelaxed candidates...
  🏆 New best: E = -9006.1244 eV (relaxation)
  Relaxed 5/10
  Relaxed 10/10
Generating 10 new candidates...
  Generated 5/10 candidates
  Generated 10/10 candidates

Generation 4 summary:
  Best: -9006.1244 eV
  Average: -9004.5773 eV
  Global best: -9006.1244 eV

######################################################################
# GENERATION 5/10
######################################################################
Relaxing 10 unrelaxed candidates...
  🏆 New best: E = -9006.2823 eV (relaxation)
  Relaxed 5/10
  🏆 New best: E = -9006.4407 eV (relaxation)
  Relaxed 10/10
Generating 10 new candidates...
  Generated 5/10 candidates
  Generated 10/10 candidates

Generation 5 summary:
  Best: -9006.4407 eV
  Average: -9005.3984 eV
  Global best: -9006.4407 eV

######################################################################
# GENERATION 6/10
######################################################################
Relaxing 9 unrelaxed candidates...
  🏆 New best: E = -9006.5223 eV (relaxation)
  Relaxed 5/9
  Relaxed 9/9
Generating 10 new candidates...
  Generated 5/10 candidates
  Generated 10/10 candidates

Generation 6 summary:
  Best: -9006.5223 eV
  Average: -9005.7969 eV
  Global best: -9006.5223 eV

######################################################################
# GENERATION 7/10
######################################################################
Relaxing 10 unrelaxed candidates...
  🏆 New best: E = -9006.7174 eV (relaxation)
  Relaxed 5/10
  Relaxed 10/10
Generating 10 new candidates...
  Generated 5/10 candidates
  Generated 10/10 candidates

Generation 7 summary:
  Best: -9006.7174 eV
  Average: -9006.0648 eV
  Global best: -9006.7174 eV

######################################################################
# GENERATION 8/10
######################################################################
Relaxing 10 unrelaxed candidates...
  🏆 New best: E = -9007.3358 eV (relaxation)
  Relaxed 5/10
  Relaxed 10/10
Generating 10 new candidates...
  Generated 5/10 candidates
  Generated 10/10 candidates

Generation 8 summary:
  Best: -9007.3358 eV
  Average: -9006.3772 eV
  Global best: -9007.3358 eV

######################################################################
# GENERATION 9/10
######################################################################
Relaxing 10 unrelaxed candidates...
  Relaxed 5/10
  Relaxed 10/10
Generating 10 new candidates...
  Generated 5/10 candidates
  Generated 10/10 candidates

Generation 9 summary:
  Best: -9007.3358 eV
  Average: -9006.5600 eV
  Global best: -9007.3358 eV

######################################################################
# GENERATION 10/10
######################################################################
Relaxing 10 unrelaxed candidates...
  🏆 New best: E = -9007.8190 eV (relaxation)
  Relaxed 5/10
  🏆 New best: E = -9007.8470 eV (relaxation)
  Relaxed 10/10
Generating 10 new candidates...
  Generated 5/10 candidates
  Generated 10/10 candidates

Generation 10 summary:
  Best: -9007.8470 eV
  Average: -9006.8549 eV
  Global best: -9007.8470 eV

======================================================================
✅ GA COMPLETE
======================================================================
Metal: Pd (40 atoms)
Slab: TiO2_rutile_100
Best energy: -9007.8470 eV (-225.1962 eV/atom)
Duration: 1.81 hours
Total structures: 99
Output: /DATA/user_scratch/jsh9967/5_uma_MSI/3_GA/runs_M40/Pd_TiO2_rutile_100
======================================================================


======================================================================
✅ OPTIMIZATION COMPLETE: M40_Pd_TiO2_rutile_100
======================================================================

✓ Completed: Pd on TiO2_rutile_100

##################################################
# Processing: Pd on ZnO_100
##################################################

======================================================================
🧬 GA OPTIMIZATION: M40
======================================================================
Configuration: M40_Pd_ZnO_100
Metal: Pd (40 atoms)
Slab: ZnO_100
Output: /DATA/user_scratch/jsh9967/5_uma_MSI/3_GA/runs_M40/Pd_ZnO_100
Device: cuda
======================================================================


======================================================================
Loading UMA model from: /DATA/user_scratch/jsh9967/5_uma_MSI/utility/uma-s-1p1.pt
Device: cuda
======================================================================
✓ UMA model loaded successfully


======================================================================
Loading oxide slab: ZnO_100
======================================================================
✓ Slab loaded from: ZnO_100_large.traj
  Composition: O616Zn616
  Atoms: 1232 (616 fixed)
  Cell: 36.55 × 37.63 × 27.55 Å
  Miller: [1, 0, 0]

======================================================================
GA OPTIMIZATION: Pd on ZnO_100
======================================================================
Metal atoms: 40
Population: 10
Generations: 10
======================================================================

✓ Placement box created:
  Origin: (7.31, 7.53, 14.67) Å
  X range: 7.31 - 29.24 Å
  Y range: 7.53 - 30.10 Å
  Z range: 14.67 - 19.67 Å
  Volume: 2475.65 Å³
✓ GA operators configured:
  Crossover prob: 0.7
  Mutation prob: 0.3
  Mutations: 2 types
✓ Placement box created:
  Origin: (7.31, 7.53, 14.67) Å
  X range: 7.31 - 29.24 Å
  Y range: 7.53 - 30.10 Å
  Z range: 14.67 - 19.67 Å
  Volume: 2475.65 Å³
Generating initial population (attempt 1/6)...
  Generated 5/10 candidates
  Generated 10/10 candidates
✓ Initial population generated (10 structures)

======================================================================
Starting GA iterations...
======================================================================


######################################################################
# GENERATION 1/10
######################################################################
Relaxing 10 unrelaxed candidates...
  🏆 New best: E = -5267.5933 eV (relaxation)
  🏆 New best: E = -5270.0918 eV (relaxation)
  🏆 New best: E = -5272.2151 eV (relaxation)
  Relaxed 5/10
  Relaxed 10/10
Generating 10 new candidates...
  Generated 5/10 candidates

Generation 1 summary:
  Best: -5272.2151 eV
  Average: -5267.7531 eV
  Global best: -5272.2151 eV

######################################################################
# GENERATION 2/10
######################################################################
Relaxing 1 unrelaxed candidates...
  Relaxed 1/1
Generating 10 new candidates...

Generation 2 summary:
  Best: -5272.2151 eV
  Average: -5269.0592 eV
  Global best: -5272.2151 eV

######################################################################
# GENERATION 3/10
######################################################################
Relaxing 1 unrelaxed candidates...
  Relaxed 1/1
Generating 10 new candidates...

Generation 3 summary:
  Best: -5272.2151 eV
  Average: -5269.5842 eV
  Global best: -5272.2151 eV

######################################################################
# GENERATION 4/10
######################################################################
Relaxing 2 unrelaxed candidates...
  🏆 New best: E = -5280.9506 eV (relaxation)
  Relaxed 2/2
Generating 10 new candidates...

Generation 4 summary:
  Best: -5280.9506 eV
  Average: -5272.0662 eV
  Global best: -5280.9506 eV

######################################################################
# GENERATION 5/10
######################################################################
Relaxing 1 unrelaxed candidates...
  Relaxed 1/1
Generating 10 new candidates...

Generation 5 summary:
  Best: -5280.9506 eV
  Average: -5273.1444 eV
  Global best: -5280.9506 eV

######################################################################
# GENERATION 6/10
######################################################################
Generating 10 new candidates...

Generation 6 summary:
  Best: -5280.9506 eV
  Average: -5273.1444 eV
  Global best: -5280.9506 eV

######################################################################
# GENERATION 7/10
######################################################################
Relaxing 1 unrelaxed candidates...
  Relaxed 1/1
Generating 10 new candidates...

Generation 7 summary:
  Best: -5280.9506 eV
  Average: -5273.6369 eV
  Global best: -5280.9506 eV

######################################################################
# GENERATION 8/10
######################################################################
Relaxing 1 unrelaxed candidates...
  🏆 New best: E = -5284.8769 eV (relaxation)
  Relaxed 1/1
Generating 10 new candidates...

Generation 8 summary:
  Best: -5284.8769 eV
  Average: -5275.1616 eV
  Global best: -5284.8769 eV

######################################################################
# GENERATION 9/10
######################################################################
Relaxing 1 unrelaxed candidates...
  Relaxed 1/1
Generating 10 new candidates...

Generation 9 summary:
  Best: -5284.8769 eV
  Average: -5276.2669 eV
  Global best: -5284.8769 eV

######################################################################
# GENERATION 10/10
######################################################################
Relaxing 2 unrelaxed candidates...
  Relaxed 2/2
Generating 10 new candidates...

Generation 10 summary:
  Best: -5284.8769 eV
  Average: -5278.1243 eV
  Global best: -5284.8769 eV

======================================================================
✅ GA COMPLETE
======================================================================
Metal: Pd (40 atoms)
Slab: ZnO_100
Best energy: -5284.8769 eV (-132.1219 eV/atom)
Duration: 0.70 hours
Total structures: 20
Output: /DATA/user_scratch/jsh9967/5_uma_MSI/3_GA/runs_M40/Pd_ZnO_100
======================================================================


======================================================================
✅ OPTIMIZATION COMPLETE: M40_Pd_ZnO_100
======================================================================

✓ Completed: Pd on ZnO_100

##################################################
# Processing: Pd on ZrO2_100
##################################################

======================================================================
🧬 GA OPTIMIZATION: M40
======================================================================
Configuration: M40_Pd_ZrO2_100
Metal: Pd (40 atoms)
Slab: ZrO2_100
Output: /DATA/user_scratch/jsh9967/5_uma_MSI/3_GA/runs_M40/Pd_ZrO2_100
Device: cuda
======================================================================


======================================================================
Loading UMA model from: /DATA/user_scratch/jsh9967/5_uma_MSI/utility/uma-s-1p1.pt
Device: cuda
======================================================================
✓ UMA model loaded successfully


======================================================================
Loading oxide slab: ZrO2_100
======================================================================
✓ Slab loaded from: ZrO2_100_large.traj
  Composition: O360Zr360
  Atoms: 720 (270 fixed)
  Cell: 36.39 × 34.04 × 28.43 Å
  Miller: [1, 0, 0]

======================================================================
GA OPTIMIZATION: Pd on ZrO2_100
======================================================================
Metal atoms: 40
Population: 10
Generations: 10
======================================================================

✓ Placement box created:
  Origin: (7.28, 6.79, 15.23) Å
  X range: 7.28 - 29.11 Å
  Y range: 6.79 - 27.21 Å
  Z range: 15.23 - 20.23 Å
  Volume: 2229.51 Å³
✓ GA operators configured:
  Crossover prob: 0.7
  Mutation prob: 0.3
  Mutations: 2 types
✓ Placement box created:
  Origin: (7.28, 6.79, 15.23) Å
  X range: 7.28 - 29.11 Å
  Y range: 6.79 - 27.21 Å
  Z range: 15.23 - 20.23 Å
  Volume: 2229.51 Å³
Generating initial population (attempt 1/6)...
  Generated 5/10 candidates
  Generated 10/10 candidates
✓ Initial population generated (10 structures)

======================================================================
Starting GA iterations...
======================================================================


######################################################################
# GENERATION 1/10
######################################################################
Relaxing 10 unrelaxed candidates...
  🏆 New best: E = -6464.8162 eV (relaxation)
  🏆 New best: E = -6478.6349 eV (relaxation)
  🏆 New best: E = -6481.9992 eV (relaxation)
  Relaxed 5/10
  🏆 New best: E = -6485.2564 eV (relaxation)
  🏆 New best: E = -6488.8722 eV (relaxation)
  Relaxed 10/10
Generating 10 new candidates...

Generation 1 summary:
  Best: -6488.8722 eV
  Average: -6479.6813 eV
  Global best: -6488.8722 eV

######################################################################
# GENERATION 2/10
######################################################################
Generating 10 new candidates...

Generation 2 summary:
  Best: -6488.8722 eV
  Average: -6479.6813 eV
  Global best: -6488.8722 eV

######################################################################
# GENERATION 3/10
######################################################################
Generating 10 new candidates...

Generation 3 summary:
  Best: -6488.8722 eV
  Average: -6479.6813 eV
  Global best: -6488.8722 eV

######################################################################
# GENERATION 4/10
######################################################################
Generating 10 new candidates...

Generation 4 summary:
  Best: -6488.8722 eV
  Average: -6479.6813 eV
  Global best: -6488.8722 eV

######################################################################
# GENERATION 5/10
######################################################################
Generating 10 new candidates...

Generation 5 summary:
  Best: -6488.8722 eV
  Average: -6479.6813 eV
  Global best: -6488.8722 eV

######################################################################
# GENERATION 6/10
######################################################################
Generating 10 new candidates...

Generation 6 summary:
  Best: -6488.8722 eV
  Average: -6479.6813 eV
  Global best: -6488.8722 eV

######################################################################
# GENERATION 7/10
######################################################################
Generating 10 new candidates...

Generation 7 summary:
  Best: -6488.8722 eV
  Average: -6479.6813 eV
  Global best: -6488.8722 eV

######################################################################
# GENERATION 8/10
######################################################################
Generating 10 new candidates...

Generation 8 summary:
  Best: -6488.8722 eV
  Average: -6479.6813 eV
  Global best: -6488.8722 eV

######################################################################
# GENERATION 9/10
######################################################################
Generating 10 new candidates...

Generation 9 summary:
  Best: -6488.8722 eV
  Average: -6479.6813 eV
  Global best: -6488.8722 eV

######################################################################
# GENERATION 10/10
######################################################################
Generating 10 new candidates...

Generation 10 summary:
  Best: -6488.8722 eV
  Average: -6479.6813 eV
  Global best: -6488.8722 eV

======================================================================
✅ GA COMPLETE
======================================================================
Metal: Pd (40 atoms)
Slab: ZrO2_100
Best energy: -6488.8722 eV (-162.2218 eV/atom)
Duration: 0.29 hours
Total structures: 10
Output: /DATA/user_scratch/jsh9967/5_uma_MSI/3_GA/runs_M40/Pd_ZrO2_100
======================================================================


======================================================================
✅ OPTIMIZATION COMPLETE: M40_Pd_ZrO2_100
======================================================================

✓ Completed: Pd on ZrO2_100

==========================================
CAMPAIGN COMPLETE: Pd
==========================================
Completed: 10/10
Failed: 0/10
End: Thu Nov 27 06:36:27 AM KST 2025
==========================================
