==========================================
GA METAL CAMPAIGN: Os
==========================================
Metal: Os (40 atoms)
Slabs: 10 oxides
Job ID: 27630
Node: n012.hpc
Start: Thu Nov 27 08:44:36 AM KST 2025
==========================================

##################################################
# Processing: Os on Al2O3_001
##################################################

======================================================================
🧬 GA OPTIMIZATION: M40
======================================================================
Configuration: M40_Os_Al2O3_001
Metal: Os (40 atoms)
Slab: Al2O3_001
Output: /DATA/user_scratch/jsh9967/5_uma_MSI/3_GA/runs_M40/Os_Al2O3_001
Device: cuda
======================================================================


======================================================================
Loading UMA model from: /DATA/user_scratch/jsh9967/5_uma_MSI/utility/uma-s-1p1.pt
Device: cuda
======================================================================
✓ UMA model loaded successfully


======================================================================
Loading oxide slab: Al2O3_001
======================================================================
✓ Slab loaded from: Al2O3_001_large.traj
  Composition: Al588O882
  Atoms: 1470 (811 fixed)
  Cell: 33.95 × 33.95 × 29.44 Å
  Miller: [0, 0, 1]

======================================================================
GA OPTIMIZATION: Os on Al2O3_001
======================================================================
Metal atoms: 40
Population: 10
Generations: 10
======================================================================

✓ Placement box created:
  Origin: (6.79, 5.88, 16.52) Å
  X range: 6.79 - 27.16 Å
  Y range: 5.88 - 26.25 Å
  Z range: 16.52 - 21.52 Å
  Volume: 2075.15 Å³
✓ GA operators configured:
  Crossover prob: 0.7
  Mutation prob: 0.3
  Mutations: 2 types
✓ Placement box created:
  Origin: (6.79, 5.88, 16.52) Å
  X range: 6.79 - 27.16 Å
  Y range: 5.88 - 26.25 Å
  Z range: 16.52 - 21.52 Å
  Volume: 2075.15 Å³
Generating initial population (attempt 1/6)...
  Generated 5/10 candidates
  Generated 10/10 candidates
✓ Initial population generated (10 structures)

======================================================================
Starting GA iterations...
======================================================================


######################################################################
# GENERATION 1/10
######################################################################
Relaxing 10 unrelaxed candidates...
  🏆 New best: E = -10648.5104 eV (relaxation)
  🏆 New best: E = -10651.7798 eV (relaxation)
  🏆 New best: E = -10662.3148 eV (relaxation)
  Relaxed 5/10
  🏆 New best: E = -10666.1562 eV (relaxation)
  Relaxed 10/10
Generating 10 new candidates...
  Generated 5/10 candidates
  Generated 10/10 candidates

Generation 1 summary:
  Best: -10666.1562 eV
  Average: -10654.5749 eV
  Global best: -10666.1562 eV

######################################################################
# GENERATION 2/10
######################################################################
Relaxing 10 unrelaxed candidates...
  Relaxed 5/10
  🏆 New best: E = -10669.0755 eV (relaxation)
  🏆 New best: E = -10670.0836 eV (relaxation)
  Relaxed 10/10
Generating 10 new candidates...
  Generated 5/10 candidates
  Generated 10/10 candidates

Generation 2 summary:
  Best: -10670.0836 eV
  Average: -10664.6069 eV
  Global best: -10670.0836 eV

######################################################################
# GENERATION 3/10
######################################################################
Relaxing 10 unrelaxed candidates...
  🏆 New best: E = -10672.1040 eV (relaxation)
  Relaxed 5/10
  Relaxed 10/10
Generating 10 new candidates...
  Generated 5/10 candidates
  Generated 10/10 candidates

Generation 3 summary:
  Best: -10672.1040 eV
  Average: -10668.8366 eV
  Global best: -10672.1040 eV

######################################################################
# GENERATION 4/10
######################################################################
Relaxing 10 unrelaxed candidates...
  🏆 New best: E = -10672.8858 eV (relaxation)
  Relaxed 5/10
  🏆 New best: E = -10676.4035 eV (relaxation)
  Relaxed 10/10
Generating 10 new candidates...
  Generated 5/10 candidates
  Generated 10/10 candidates

Generation 4 summary:
  Best: -10676.4035 eV
  Average: -10671.3369 eV
  Global best: -10676.4035 eV

######################################################################
# GENERATION 5/10
######################################################################
Relaxing 10 unrelaxed candidates...
  Relaxed 5/10
  Relaxed 10/10
Generating 10 new candidates...
  Generated 5/10 candidates
  Generated 10/10 candidates

Generation 5 summary:
  Best: -10676.4035 eV
  Average: -10673.6414 eV
  Global best: -10676.4035 eV

######################################################################
# GENERATION 6/10
######################################################################
Relaxing 10 unrelaxed candidates...
  🏆 New best: E = -10676.4417 eV (relaxation)
  Relaxed 5/10
  Relaxed 10/10
Generating 10 new candidates...
  Generated 5/10 candidates
  Generated 10/10 candidates

Generation 6 summary:
  Best: -10676.4417 eV
  Average: -10674.9128 eV
  Global best: -10676.4417 eV

######################################################################
# GENERATION 7/10
######################################################################
Relaxing 10 unrelaxed candidates...
  Relaxed 5/10
  🏆 New best: E = -10677.3820 eV (relaxation)
  🏆 New best: E = -10678.0739 eV (relaxation)
  Relaxed 10/10
Generating 10 new candidates...
  Generated 5/10 candidates
  Generated 10/10 candidates

Generation 7 summary:
  Best: -10678.0739 eV
  Average: -10676.1296 eV
  Global best: -10678.0739 eV

######################################################################
# GENERATION 8/10
######################################################################
Relaxing 10 unrelaxed candidates...
  🏆 New best: E = -10678.0921 eV (relaxation)
  Relaxed 5/10
  Relaxed 10/10
Generating 10 new candidates...
  Generated 5/10 candidates
  Generated 10/10 candidates

Generation 8 summary:
  Best: -10678.0921 eV
  Average: -10676.6368 eV
  Global best: -10678.0921 eV

######################################################################
# GENERATION 9/10
######################################################################
Relaxing 10 unrelaxed candidates...
  🏆 New best: E = -10679.2755 eV (relaxation)
  Relaxed 5/10
  🏆 New best: E = -10680.1701 eV (relaxation)
  Relaxed 10/10
Generating 10 new candidates...
  Generated 5/10 candidates
  Generated 10/10 candidates

Generation 9 summary:
  Best: -10680.1701 eV
  Average: -10677.7910 eV
  Global best: -10680.1701 eV

######################################################################
# GENERATION 10/10
######################################################################
Relaxing 10 unrelaxed candidates...
  Relaxed 5/10
  Relaxed 10/10
Generating 10 new candidates...
  Generated 5/10 candidates
  Generated 10/10 candidates

Generation 10 summary:
  Best: -10680.1701 eV
  Average: -10678.5477 eV
  Global best: -10680.1701 eV

======================================================================
✅ GA COMPLETE
======================================================================
Metal: Os (40 atoms)
Slab: Al2O3_001
Best energy: -10680.1701 eV (-267.0043 eV/atom)
Duration: 3.60 hours
Total structures: 100
Output: /DATA/user_scratch/jsh9967/5_uma_MSI/3_GA/runs_M40/Os_Al2O3_001
======================================================================


======================================================================
✅ OPTIMIZATION COMPLETE: M40_Os_Al2O3_001
======================================================================

✓ Completed: Os on Al2O3_001

##################################################
# Processing: Os on CaO_100
##################################################

======================================================================
🧬 GA OPTIMIZATION: M40
======================================================================
Configuration: M40_Os_CaO_100
Metal: Os (40 atoms)
Slab: CaO_100
Output: /DATA/user_scratch/jsh9967/5_uma_MSI/3_GA/runs_M40/Os_CaO_100
Device: cuda
======================================================================


======================================================================
Loading UMA model from: /DATA/user_scratch/jsh9967/5_uma_MSI/utility/uma-s-1p1.pt
Device: cuda
======================================================================
✓ UMA model loaded successfully


======================================================================
Loading oxide slab: CaO_100
======================================================================
✓ Slab loaded from: CaO_100_large.traj
  Composition: Ca400O400
  Atoms: 800 (400 fixed)
  Cell: 34.57 × 34.57 × 24.33 Å
  Miller: [1, 0, 0]

======================================================================
GA OPTIMIZATION: Os on CaO_100
======================================================================
Metal atoms: 40
Population: 10
Generations: 10
======================================================================

✓ Placement box created:
  Origin: (6.91, 6.91, 11.31) Å
  X range: 6.91 - 27.66 Å
  Y range: 6.91 - 27.66 Å
  Z range: 11.31 - 16.31 Å
  Volume: 2151.07 Å³
✓ GA operators configured:
  Crossover prob: 0.7
  Mutation prob: 0.3
  Mutations: 2 types
✓ Placement box created:
  Origin: (6.91, 6.91, 11.31) Å
  X range: 6.91 - 27.66 Å
  Y range: 6.91 - 27.66 Å
  Z range: 11.31 - 16.31 Å
  Volume: 2151.07 Å³
Generating initial population (attempt 1/6)...
  Generated 5/10 candidates
  Generated 10/10 candidates
✓ Initial population generated (10 structures)

======================================================================
Starting GA iterations...
======================================================================


######################################################################
# GENERATION 1/10
######################################################################
Relaxing 10 unrelaxed candidates...
  🏆 New best: E = -5356.0315 eV (relaxation)
  🏆 New best: E = -5370.4382 eV (relaxation)
  Relaxed 5/10
  🏆 New best: E = -5374.9227 eV (relaxation)
  Relaxed 10/10
Generating 10 new candidates...
  Generated 5/10 candidates
  Generated 10/10 candidates

Generation 1 summary:
  Best: -5374.9227 eV
  Average: -5365.4549 eV
  Global best: -5374.9227 eV

######################################################################
# GENERATION 2/10
######################################################################
Relaxing 10 unrelaxed candidates...
  🏆 New best: E = -5375.3088 eV (relaxation)
  🏆 New best: E = -5380.3654 eV (relaxation)
  Relaxed 5/10
  Relaxed 10/10
Generating 10 new candidates...
  Generated 5/10 candidates
  Generated 10/10 candidates

Generation 2 summary:
  Best: -5380.3654 eV
  Average: -5375.0549 eV
  Global best: -5380.3654 eV

######################################################################
# GENERATION 3/10
######################################################################
Relaxing 10 unrelaxed candidates...
  🏆 New best: E = -5382.6699 eV (relaxation)
  Relaxed 5/10
  Relaxed 10/10
Generating 10 new candidates...
  Generated 5/10 candidates
  Generated 10/10 candidates

Generation 3 summary:
  Best: -5382.6699 eV
  Average: -5379.2829 eV
  Global best: -5382.6699 eV

######################################################################
# GENERATION 4/10
######################################################################
Relaxing 10 unrelaxed candidates...
  🏆 New best: E = -5384.7440 eV (relaxation)
  Relaxed 5/10
  🏆 New best: E = -5390.3264 eV (relaxation)
  Relaxed 10/10
Generating 10 new candidates...
  Generated 5/10 candidates
  Generated 10/10 candidates

Generation 4 summary:
  Best: -5390.3264 eV
  Average: -5381.6699 eV
  Global best: -5390.3264 eV

######################################################################
# GENERATION 5/10
######################################################################
Relaxing 10 unrelaxed candidates...
  Relaxed 5/10
  Relaxed 10/10
Generating 10 new candidates...
  Generated 5/10 candidates
  Generated 10/10 candidates

Generation 5 summary:
  Best: -5390.3264 eV
  Average: -5385.6670 eV
  Global best: -5390.3264 eV

######################################################################
# GENERATION 6/10
######################################################################
Relaxing 10 unrelaxed candidates...
  Relaxed 5/10
  Relaxed 10/10
Generating 10 new candidates...
  Generated 5/10 candidates
  Generated 10/10 candidates

Generation 6 summary:
  Best: -5390.3264 eV
  Average: -5387.1575 eV
  Global best: -5390.3264 eV

######################################################################
# GENERATION 7/10
######################################################################
Relaxing 10 unrelaxed candidates...
  🏆 New best: E = -5390.8773 eV (relaxation)
  Relaxed 5/10
  Relaxed 10/10
Generating 10 new candidates...
  Generated 5/10 candidates
  Generated 10/10 candidates

Generation 7 summary:
  Best: -5390.8773 eV
  Average: -5389.3113 eV
  Global best: -5390.8773 eV

######################################################################
# GENERATION 8/10
######################################################################
Relaxing 10 unrelaxed candidates...
  🏆 New best: E = -5391.8282 eV (relaxation)
  Relaxed 5/10
  🏆 New best: E = -5392.4853 eV (relaxation)
  Relaxed 10/10
Generating 10 new candidates...
  Generated 5/10 candidates
  Generated 10/10 candidates

Generation 8 summary:
  Best: -5392.4853 eV
  Average: -5390.3123 eV
  Global best: -5392.4853 eV

######################################################################
# GENERATION 9/10
######################################################################
Relaxing 10 unrelaxed candidates...
  Relaxed 5/10
  🏆 New best: E = -5392.5029 eV (relaxation)
  Relaxed 10/10
Generating 10 new candidates...
  Generated 5/10 candidates
  Generated 10/10 candidates

Generation 9 summary:
  Best: -5392.5029 eV
  Average: -5391.1363 eV
  Global best: -5392.5029 eV

######################################################################
# GENERATION 10/10
######################################################################
Relaxing 10 unrelaxed candidates...
  🏆 New best: E = -5392.6744 eV (relaxation)
  Relaxed 5/10
  Relaxed 10/10
Generating 10 new candidates...
  Generated 5/10 candidates
  Generated 10/10 candidates

Generation 10 summary:
  Best: -5392.6744 eV
  Average: -5391.7199 eV
  Global best: -5392.6744 eV

======================================================================
✅ GA COMPLETE
======================================================================
Metal: Os (40 atoms)
Slab: CaO_100
Best energy: -5392.6744 eV (-134.8169 eV/atom)
Duration: 1.21 hours
Total structures: 100
Output: /DATA/user_scratch/jsh9967/5_uma_MSI/3_GA/runs_M40/Os_CaO_100
======================================================================


======================================================================
✅ OPTIMIZATION COMPLETE: M40_Os_CaO_100
======================================================================

✓ Completed: Os on CaO_100

##################################################
# Processing: Os on CeO2_111
##################################################

======================================================================
🧬 GA OPTIMIZATION: M40
======================================================================
Configuration: M40_Os_CeO2_111
Metal: Os (40 atoms)
Slab: CeO2_111
Output: /DATA/user_scratch/jsh9967/5_uma_MSI/3_GA/runs_M40/Os_CeO2_111
Device: cuda
======================================================================


======================================================================
Loading UMA model from: /DATA/user_scratch/jsh9967/5_uma_MSI/utility/uma-s-1p1.pt
Device: cuda
======================================================================
✓ UMA model loaded successfully


======================================================================
Loading oxide slab: CeO2_111
======================================================================
✓ Slab loaded from: CeO2_111_large.traj
  Composition: Ce243O486
  Atoms: 729 (364 fixed)
  Cell: 34.87 × 34.87 × 24.91 Å
  Miller: [1, 1, 1]

======================================================================
GA OPTIMIZATION: Os on CeO2_111
======================================================================
Metal atoms: 40
Population: 10
Generations: 10
======================================================================

✓ Placement box created:
  Origin: (6.97, 6.04, 11.97) Å
  X range: 6.97 - 27.90 Å
  Y range: 6.04 - 26.96 Å
  Z range: 11.97 - 16.97 Å
  Volume: 2189.01 Å³
✓ GA operators configured:
  Crossover prob: 0.7
  Mutation prob: 0.3
  Mutations: 2 types
✓ Placement box created:
  Origin: (6.97, 6.04, 11.97) Å
  X range: 6.97 - 27.90 Å
  Y range: 6.04 - 26.96 Å
  Z range: 11.97 - 16.97 Å
  Volume: 2189.01 Å³
Generating initial population (attempt 1/6)...
  Generated 5/10 candidates
  Generated 10/10 candidates
✓ Initial population generated (10 structures)

======================================================================
Starting GA iterations...
======================================================================


######################################################################
# GENERATION 1/10
######################################################################
Relaxing 10 unrelaxed candidates...
  🏆 New best: E = -6648.1509 eV (relaxation)
  🏆 New best: E = -6654.1427 eV (relaxation)
  🏆 New best: E = -6654.6416 eV (relaxation)
  Relaxed 5/10
  Relaxed 10/10
Generating 10 new candidates...
  Generated 5/10 candidates
  Generated 10/10 candidates

Generation 1 summary:
  Best: -6654.6416 eV
  Average: -6646.3384 eV
  Global best: -6654.6416 eV

######################################################################
# GENERATION 2/10
######################################################################
Relaxing 10 unrelaxed candidates...
  🏆 New best: E = -6655.9313 eV (relaxation)
  🏆 New best: E = -6657.2814 eV (relaxation)
  🏆 New best: E = -6661.6965 eV (relaxation)
  🏆 New best: E = -6663.5768 eV (relaxation)
  Relaxed 5/10
  Relaxed 10/10
Generating 10 new candidates...
  Generated 5/10 candidates
  Generated 10/10 candidates

Generation 2 summary:
  Best: -6663.5768 eV
  Average: -6658.3897 eV
  Global best: -6663.5768 eV

######################################################################
# GENERATION 3/10
######################################################################
Relaxing 10 unrelaxed candidates...
  🏆 New best: E = -6663.9275 eV (relaxation)
  Relaxed 5/10
  Relaxed 10/10
Generating 10 new candidates...
  Generated 5/10 candidates
  Generated 10/10 candidates

Generation 3 summary:
  Best: -6663.9275 eV
  Average: -6661.9178 eV
  Global best: -6663.9275 eV

######################################################################
# GENERATION 4/10
######################################################################
Relaxing 10 unrelaxed candidates...
  Relaxed 5/10
  Relaxed 10/10
Generating 10 new candidates...
  Generated 5/10 candidates
  Generated 10/10 candidates

Generation 4 summary:
  Best: -6663.9275 eV
  Average: -6662.7980 eV
  Global best: -6663.9275 eV

######################################################################
# GENERATION 5/10
######################################################################
Relaxing 10 unrelaxed candidates...
  Relaxed 5/10
  🏆 New best: E = -6664.8830 eV (relaxation)
  Relaxed 10/10
Generating 10 new candidates...
  Generated 5/10 candidates
  Generated 10/10 candidates

Generation 5 summary:
  Best: -6664.8830 eV
  Average: -6663.3983 eV
  Global best: -6664.8830 eV

######################################################################
# GENERATION 6/10
######################################################################
Relaxing 10 unrelaxed candidates...
  🏆 New best: E = -6665.5822 eV (relaxation)
  Relaxed 5/10
  Relaxed 10/10
Generating 10 new candidates...
  Generated 5/10 candidates
  Generated 10/10 candidates

Generation 6 summary:
  Best: -6665.5822 eV
  Average: -6664.2931 eV
  Global best: -6665.5822 eV

######################################################################
# GENERATION 7/10
######################################################################
Relaxing 9 unrelaxed candidates...
  Relaxed 5/9
  Relaxed 9/9
Generating 10 new candidates...
  Generated 5/10 candidates

Generation 7 summary:
  Best: -6665.5822 eV
  Average: -6664.5213 eV
  Global best: -6665.5822 eV

######################################################################
# GENERATION 8/10
######################################################################
Relaxing 9 unrelaxed candidates...
  🏆 New best: E = -6666.1941 eV (relaxation)
  Relaxed 5/9
  Relaxed 9/9
Generating 10 new candidates...
  Generated 5/10 candidates
  Generated 10/10 candidates

Generation 8 summary:
  Best: -6666.1941 eV
  Average: -6665.1948 eV
  Global best: -6666.1941 eV

######################################################################
# GENERATION 9/10
######################################################################
Relaxing 10 unrelaxed candidates...
  Relaxed 5/10
  Relaxed 10/10
Generating 10 new candidates...
  Generated 5/10 candidates
  Generated 10/10 candidates

Generation 9 summary:
  Best: -6666.1941 eV
  Average: -6665.4226 eV
  Global best: -6666.1941 eV

######################################################################
# GENERATION 10/10
######################################################################
Relaxing 10 unrelaxed candidates...
  Relaxed 5/10
  Relaxed 10/10
Generating 10 new candidates...
  Generated 5/10 candidates
  Generated 10/10 candidates

Generation 10 summary:
  Best: -6666.1941 eV
  Average: -6665.5210 eV
  Global best: -6666.1941 eV

======================================================================
✅ GA COMPLETE
======================================================================
Metal: Os (40 atoms)
Slab: CeO2_111
Best energy: -6666.1941 eV (-166.6549 eV/atom)
Duration: 1.10 hours
Total structures: 98
Output: /DATA/user_scratch/jsh9967/5_uma_MSI/3_GA/runs_M40/Os_CeO2_111
======================================================================


======================================================================
✅ OPTIMIZATION COMPLETE: M40_Os_CeO2_111
======================================================================

✓ Completed: Os on CeO2_111

##################################################
# Processing: Os on MgO_100
##################################################

======================================================================
🧬 GA OPTIMIZATION: M40
======================================================================
Configuration: M40_Os_MgO_100
Metal: Os (40 atoms)
Slab: MgO_100
Output: /DATA/user_scratch/jsh9967/5_uma_MSI/3_GA/runs_M40/Os_MgO_100
Device: cuda
======================================================================


======================================================================
Loading UMA model from: /DATA/user_scratch/jsh9967/5_uma_MSI/utility/uma-s-1p1.pt
Device: cuda
======================================================================
✓ UMA model loaded successfully


======================================================================
Loading oxide slab: MgO_100
======================================================================
✓ Slab loaded from: MgO_100_large.traj
  Composition: Mg484O484
  Atoms: 968 (484 fixed)
  Cell: 33.62 × 33.62 × 23.48 Å
  Miller: [1, 0, 0]

======================================================================
GA OPTIMIZATION: Os on MgO_100
======================================================================
Metal atoms: 40
Population: 10
Generations: 10
======================================================================

✓ Placement box created:
  Origin: (6.72, 6.72, 10.48) Å
  X range: 6.72 - 26.90 Å
  Y range: 6.72 - 26.90 Å
  Z range: 10.48 - 15.48 Å
  Volume: 2035.07 Å³
✓ GA operators configured:
  Crossover prob: 0.7
  Mutation prob: 0.3
  Mutations: 2 types
✓ Placement box created:
  Origin: (6.72, 6.72, 10.48) Å
  X range: 6.72 - 26.90 Å
  Y range: 6.72 - 26.90 Å
  Z range: 10.48 - 15.48 Å
  Volume: 2035.07 Å³
Generating initial population (attempt 1/6)...
  Generated 5/10 candidates
  Generated 10/10 candidates
✓ Initial population generated (10 structures)

======================================================================
Starting GA iterations...
======================================================================


######################################################################
# GENERATION 1/10
######################################################################
Relaxing 10 unrelaxed candidates...
  🏆 New best: E = -5943.9241 eV (relaxation)
  🏆 New best: E = -5948.0288 eV (relaxation)
  🏆 New best: E = -5948.7484 eV (relaxation)
  🏆 New best: E = -5953.0556 eV (relaxation)
  Relaxed 5/10
  Relaxed 10/10
Generating 10 new candidates...
  Generated 5/10 candidates
  Generated 10/10 candidates

Generation 1 summary:
  Best: -5953.0556 eV
  Average: -5945.2384 eV
  Global best: -5953.0556 eV

######################################################################
# GENERATION 2/10
######################################################################
Relaxing 10 unrelaxed candidates...
  🏆 New best: E = -5960.6176 eV (relaxation)
  🏆 New best: E = -5965.1723 eV (relaxation)
  Relaxed 5/10
  Relaxed 10/10
Generating 10 new candidates...
  Generated 5/10 candidates
  Generated 10/10 candidates

Generation 2 summary:
  Best: -5965.1723 eV
  Average: -5956.2086 eV
  Global best: -5965.1723 eV

######################################################################
# GENERATION 3/10
######################################################################
Relaxing 10 unrelaxed candidates...
  🏆 New best: E = -5965.3238 eV (relaxation)
  🏆 New best: E = -5965.9035 eV (relaxation)
  Relaxed 5/10
  🏆 New best: E = -5968.5080 eV (relaxation)
  Relaxed 10/10
Generating 10 new candidates...
  Generated 5/10 candidates
  Generated 10/10 candidates

Generation 3 summary:
  Best: -5968.5080 eV
  Average: -5963.8108 eV
  Global best: -5968.5080 eV

######################################################################
# GENERATION 4/10
######################################################################
Relaxing 10 unrelaxed candidates...
  Relaxed 5/10
  Relaxed 10/10
Generating 10 new candidates...
  Generated 5/10 candidates
  Generated 10/10 candidates

Generation 4 summary:
  Best: -5968.5080 eV
  Average: -5965.4000 eV
  Global best: -5968.5080 eV

######################################################################
# GENERATION 5/10
######################################################################
Relaxing 10 unrelaxed candidates...
  🏆 New best: E = -5968.9318 eV (relaxation)
  Relaxed 5/10
  🏆 New best: E = -5973.5330 eV (relaxation)
  Relaxed 10/10
Generating 10 new candidates...
  Generated 5/10 candidates
  Generated 10/10 candidates

Generation 5 summary:
  Best: -5973.5330 eV
  Average: -5967.4843 eV
  Global best: -5973.5330 eV

######################################################################
# GENERATION 6/10
######################################################################
Relaxing 10 unrelaxed candidates...
  Relaxed 5/10
  🏆 New best: E = -5974.3262 eV (relaxation)
  Relaxed 10/10
Generating 10 new candidates...
  Generated 5/10 candidates
  Generated 10/10 candidates

Generation 6 summary:
  Best: -5974.3262 eV
  Average: -5969.1872 eV
  Global best: -5974.3262 eV

######################################################################
# GENERATION 7/10
######################################################################
Relaxing 10 unrelaxed candidates...
  Relaxed 5/10
  Relaxed 10/10
Generating 10 new candidates...
  Generated 5/10 candidates
  Generated 10/10 candidates

Generation 7 summary:
  Best: -5974.3262 eV
  Average: -5971.1255 eV
  Global best: -5974.3262 eV

######################################################################
# GENERATION 8/10
######################################################################
Relaxing 10 unrelaxed candidates...
  Relaxed 5/10
  Relaxed 10/10
Generating 10 new candidates...
  Generated 5/10 candidates
  Generated 10/10 candidates

Generation 8 summary:
  Best: -5974.3262 eV
  Average: -5971.8585 eV
  Global best: -5974.3262 eV

######################################################################
# GENERATION 9/10
######################################################################
Relaxing 10 unrelaxed candidates...
  Relaxed 5/10
  Relaxed 10/10
Generating 10 new candidates...
  Generated 5/10 candidates
  Generated 10/10 candidates

Generation 9 summary:
  Best: -5974.3262 eV
  Average: -5972.1259 eV
  Global best: -5974.3262 eV

######################################################################
# GENERATION 10/10
######################################################################
Relaxing 10 unrelaxed candidates...
  Relaxed 5/10
  🏆 New best: E = -5974.3777 eV (relaxation)
  Relaxed 10/10
Generating 10 new candidates...
  Generated 5/10 candidates
  Generated 10/10 candidates

Generation 10 summary:
  Best: -5974.3777 eV
  Average: -5972.9077 eV
  Global best: -5974.3777 eV

======================================================================
✅ GA COMPLETE
======================================================================
Metal: Os (40 atoms)
Slab: MgO_100
Best energy: -5974.3777 eV (-149.3594 eV/atom)
Duration: 1.54 hours
Total structures: 100
Output: /DATA/user_scratch/jsh9967/5_uma_MSI/3_GA/runs_M40/Os_MgO_100
======================================================================


======================================================================
✅ OPTIMIZATION COMPLETE: M40_Os_MgO_100
======================================================================

✓ Completed: Os on MgO_100

##################################################
# Processing: Os on SiO2_101
##################################################

======================================================================
🧬 GA OPTIMIZATION: M40
======================================================================
Configuration: M40_Os_SiO2_101
Metal: Os (40 atoms)
Slab: SiO2_101
Output: /DATA/user_scratch/jsh9967/5_uma_MSI/3_GA/runs_M40/Os_SiO2_101
Device: cuda
======================================================================


======================================================================
Loading UMA model from: /DATA/user_scratch/jsh9967/5_uma_MSI/utility/uma-s-1p1.pt
Device: cuda
======================================================================
✓ UMA model loaded successfully


======================================================================
Loading oxide slab: SiO2_101
======================================================================
✓ Slab loaded from: SiO2_101_large.traj
  Composition: O630Si315
  Atoms: 945 (438 fixed)
  Cell: 36.09 × 38.03 × 31.88 Å
  Miller: [1, 0, 1]

======================================================================
GA OPTIMIZATION: Os on SiO2_101
======================================================================
Metal atoms: 40
Population: 10
Generations: 10
======================================================================

✓ Placement box created:
  Origin: (7.19, 7.11, 18.94) Å
  X range: 7.19 - 28.85 Å
  Y range: 7.11 - 29.93 Å
  Z range: 18.94 - 23.94 Å
  Volume: 2470.64 Å³
✓ GA operators configured:
  Crossover prob: 0.7
  Mutation prob: 0.3
  Mutations: 2 types
✓ Placement box created:
  Origin: (7.19, 7.11, 18.94) Å
  X range: 7.19 - 28.85 Å
  Y range: 7.11 - 29.93 Å
  Z range: 18.94 - 23.94 Å
  Volume: 2470.64 Å³
Generating initial population (attempt 1/6)...
  Generated 5/10 candidates
  Generated 10/10 candidates
✓ Initial population generated (10 structures)

======================================================================
Starting GA iterations...
======================================================================


######################################################################
# GENERATION 1/10
######################################################################
Relaxing 10 unrelaxed candidates...
  🏆 New best: E = -7408.8623 eV (relaxation)
  Relaxed 5/10
  🏆 New best: E = -7412.0205 eV (relaxation)
  Relaxed 10/10
Generating 10 new candidates...
  Generated 5/10 candidates
  Generated 10/10 candidates

Generation 1 summary:
  Best: -7412.0205 eV
  Average: -7399.6154 eV
  Global best: -7412.0205 eV

######################################################################
# GENERATION 2/10
######################################################################
Relaxing 10 unrelaxed candidates...
  Relaxed 5/10
  Relaxed 10/10
Generating 10 new candidates...
  Generated 5/10 candidates
  Generated 10/10 candidates

Generation 2 summary:
  Best: -7412.0205 eV
  Average: -7405.9025 eV
  Global best: -7412.0205 eV

######################################################################
# GENERATION 3/10
######################################################################
Relaxing 10 unrelaxed candidates...
  🏆 New best: E = -7413.2371 eV (relaxation)
  Relaxed 5/10
  🏆 New best: E = -7423.1341 eV (relaxation)
  Relaxed 10/10
Generating 10 new candidates...
  Generated 5/10 candidates
  Generated 10/10 candidates

Generation 3 summary:
  Best: -7423.1341 eV
  Average: -7412.6745 eV
  Global best: -7423.1341 eV

######################################################################
# GENERATION 4/10
######################################################################
Relaxing 10 unrelaxed candidates...
  Relaxed 5/10
  Relaxed 10/10
Generating 10 new candidates...
  Generated 5/10 candidates
  Generated 10/10 candidates

Generation 4 summary:
  Best: -7423.1341 eV
  Average: -7416.3735 eV
  Global best: -7423.1341 eV

######################################################################
# GENERATION 5/10
######################################################################
Relaxing 10 unrelaxed candidates...
  🏆 New best: E = -7426.3188 eV (relaxation)
  🏆 New best: E = -7429.5421 eV (relaxation)
  Relaxed 5/10
  Relaxed 10/10
Generating 10 new candidates...
  Generated 5/10 candidates
  Generated 10/10 candidates

Generation 5 summary:
  Best: -7429.5421 eV
  Average: -7420.8827 eV
  Global best: -7429.5421 eV

######################################################################
# GENERATION 6/10
######################################################################
Relaxing 10 unrelaxed candidates...
  🏆 New best: E = -7433.8651 eV (relaxation)
  🏆 New best: E = -7436.0853 eV (relaxation)
  Relaxed 5/10
  Relaxed 10/10
Generating 10 new candidates...
  Generated 5/10 candidates
  Generated 10/10 candidates

Generation 6 summary:
  Best: -7436.0853 eV
  Average: -7425.5824 eV
  Global best: -7436.0853 eV

######################################################################
# GENERATION 7/10
######################################################################
Relaxing 10 unrelaxed candidates...
  Relaxed 5/10
  🏆 New best: E = -7445.0269 eV (relaxation)
  Relaxed 10/10
Generating 10 new candidates...
  Generated 5/10 candidates
  Generated 10/10 candidates

Generation 7 summary:
  Best: -7445.0269 eV
  Average: -7431.3205 eV
  Global best: -7445.0269 eV

######################################################################
# GENERATION 8/10
######################################################################
Relaxing 10 unrelaxed candidates...
  🏆 New best: E = -7446.8209 eV (relaxation)
  🏆 New best: E = -7451.8071 eV (relaxation)
  Relaxed 5/10
  Relaxed 10/10
Generating 10 new candidates...
  Generated 5/10 candidates
  Generated 10/10 candidates

Generation 8 summary:
  Best: -7451.8071 eV
  Average: -7439.5742 eV
  Global best: -7451.8071 eV

######################################################################
# GENERATION 9/10
######################################################################
Relaxing 10 unrelaxed candidates...
  🏆 New best: E = -7457.3397 eV (relaxation)
  🏆 New best: E = -7459.0502 eV (relaxation)
  Relaxed 5/10
  🏆 New best: E = -7465.8908 eV (relaxation)
  Relaxed 10/10
Generating 10 new candidates...
  Generated 5/10 candidates
  Generated 10/10 candidates

Generation 9 summary:
  Best: -7465.8908 eV
  Average: -7451.3734 eV
  Global best: -7465.8908 eV

######################################################################
# GENERATION 10/10
######################################################################
Relaxing 10 unrelaxed candidates...
  Relaxed 5/10
  Relaxed 10/10
Generating 10 new candidates...
  Generated 5/10 candidates
  Generated 10/10 candidates

Generation 10 summary:
  Best: -7465.8908 eV
  Average: -7458.3882 eV
  Global best: -7465.8908 eV

======================================================================
✅ GA COMPLETE
======================================================================
Metal: Os (40 atoms)
Slab: SiO2_101
Best energy: -7465.8908 eV (-186.6473 eV/atom)
Duration: 1.82 hours
Total structures: 100
Output: /DATA/user_scratch/jsh9967/5_uma_MSI/3_GA/runs_M40/Os_SiO2_101
======================================================================


======================================================================
✅ OPTIMIZATION COMPLETE: M40_Os_SiO2_101
======================================================================

✓ Completed: Os on SiO2_101

##################################################
# Processing: Os on SnO2_100
##################################################

======================================================================
🧬 GA OPTIMIZATION: M40
======================================================================
Configuration: M40_Os_SnO2_100
Metal: Os (40 atoms)
Slab: SnO2_100
Output: /DATA/user_scratch/jsh9967/5_uma_MSI/3_GA/runs_M40/Os_SnO2_100
Device: cuda
======================================================================


======================================================================
Loading UMA model from: /DATA/user_scratch/jsh9967/5_uma_MSI/utility/uma-s-1p1.pt
Device: cuda
======================================================================
✓ UMA model loaded successfully


======================================================================
Loading oxide slab: SnO2_100
======================================================================
✓ Slab loaded from: SnO2_100_large.traj
  Composition: O616Sn308
  Atoms: 924 (462 fixed)
  Cell: 35.86 × 34.29 × 26.23 Å
  Miller: [1, 0, 0]

======================================================================
GA OPTIMIZATION: Os on SnO2_100
======================================================================
Metal atoms: 40
Population: 10
Generations: 10
======================================================================

✓ Placement box created:
  Origin: (7.17, 6.86, 13.38) Å
  X range: 7.17 - 28.69 Å
  Y range: 6.86 - 27.43 Å
  Z range: 13.38 - 18.38 Å
  Volume: 2213.46 Å³
✓ GA operators configured:
  Crossover prob: 0.7
  Mutation prob: 0.3
  Mutations: 2 types
✓ Placement box created:
  Origin: (7.17, 6.86, 13.38) Å
  X range: 7.17 - 28.69 Å
  Y range: 6.86 - 27.43 Å
  Z range: 13.38 - 18.38 Å
  Volume: 2213.46 Å³
Generating initial population (attempt 1/6)...
  Generated 5/10 candidates
  Generated 10/10 candidates
✓ Initial population generated (10 structures)

======================================================================
Starting GA iterations...
======================================================================


######################################################################
# GENERATION 1/10
######################################################################
Relaxing 10 unrelaxed candidates...
  🏆 New best: E = -5905.1120 eV (relaxation)
  🏆 New best: E = -5905.5086 eV (relaxation)
  Relaxed 5/10
  🏆 New best: E = -5908.4989 eV (relaxation)
  🏆 New best: E = -5908.9051 eV (relaxation)
  Relaxed 10/10
Generating 10 new candidates...
  Generated 5/10 candidates
  Generated 10/10 candidates

Generation 1 summary:
  Best: -5908.9051 eV
  Average: -5898.7629 eV
  Global best: -5908.9051 eV

######################################################################
# GENERATION 2/10
######################################################################
Relaxing 10 unrelaxed candidates...
  🏆 New best: E = -5912.4074 eV (relaxation)
  Relaxed 5/10
  Relaxed 10/10
Generating 10 new candidates...
  Generated 5/10 candidates
  Generated 10/10 candidates

Generation 2 summary:
  Best: -5912.4074 eV
  Average: -5909.2534 eV
  Global best: -5912.4074 eV

######################################################################
# GENERATION 3/10
######################################################################
Relaxing 10 unrelaxed candidates...
  🏆 New best: E = -5916.5584 eV (relaxation)
  Relaxed 5/10
  🏆 New best: E = -5917.5046 eV (relaxation)
  🏆 New best: E = -5921.1342 eV (relaxation)
  Relaxed 10/10
Generating 10 new candidates...
  Generated 5/10 candidates

Generation 3 summary:
  Best: -5921.1342 eV
  Average: -5914.4714 eV
  Global best: -5921.1342 eV

######################################################################
# GENERATION 4/10
######################################################################
Relaxing 5 unrelaxed candidates...
  Relaxed 5/5
Generating 10 new candidates...
  Generated 5/10 candidates
  Generated 10/10 candidates

Generation 4 summary:
  Best: -5921.1342 eV
  Average: -5915.9541 eV
  Global best: -5921.1342 eV

######################################################################
# GENERATION 5/10
######################################################################
Relaxing 9 unrelaxed candidates...
  🏆 New best: E = -5922.9952 eV (relaxation)
  🏆 New best: E = -5924.0875 eV (relaxation)
  🏆 New best: E = -5928.1085 eV (relaxation)
  Relaxed 5/9
  Relaxed 9/9
Generating 10 new candidates...

Generation 5 summary:
  Best: -5928.1085 eV
  Average: -5921.2085 eV
  Global best: -5928.1085 eV

######################################################################
# GENERATION 6/10
######################################################################
Relaxing 8 unrelaxed candidates...
  🏆 New best: E = -5929.4005 eV (relaxation)
  🏆 New best: E = -5931.8749 eV (relaxation)
  🏆 New best: E = -5935.7316 eV (relaxation)
  Relaxed 5/8
  Relaxed 8/8
Generating 10 new candidates...
  Generated 10/10 candidates

Generation 6 summary:
  Best: -5935.7316 eV
  Average: -5927.5938 eV
  Global best: -5935.7316 eV

######################################################################
# GENERATION 7/10
######################################################################
Relaxing 7 unrelaxed candidates...
  🏆 New best: E = -5936.0719 eV (relaxation)
  Relaxed 5/7
  Relaxed 7/7
Generating 10 new candidates...
  Generated 5/10 candidates
  Generated 10/10 candidates

Generation 7 summary:
  Best: -5936.0719 eV
  Average: -5932.2703 eV
  Global best: -5936.0719 eV

######################################################################
# GENERATION 8/10
######################################################################
Relaxing 10 unrelaxed candidates...
  🏆 New best: E = -5937.9800 eV (relaxation)
  Relaxed 5/10
  🏆 New best: E = -5939.2734 eV (relaxation)
  Relaxed 10/10
Generating 10 new candidates...
  Generated 5/10 candidates
  Generated 10/10 candidates

Generation 8 summary:
  Best: -5939.2734 eV
  Average: -5934.9570 eV
  Global best: -5939.2734 eV

######################################################################
# GENERATION 9/10
######################################################################
Relaxing 7 unrelaxed candidates...
  🏆 New best: E = -5939.3054 eV (relaxation)
  Relaxed 5/7
  🏆 New best: E = -5939.5031 eV (relaxation)
  Relaxed 7/7
Generating 10 new candidates...
  Generated 5/10 candidates
  Generated 10/10 candidates

Generation 9 summary:
  Best: -5939.5031 eV
  Average: -5937.0000 eV
  Global best: -5939.5031 eV

######################################################################
# GENERATION 10/10
######################################################################
Relaxing 9 unrelaxed candidates...
  🏆 New best: E = -5939.5516 eV (relaxation)
  Relaxed 5/9
  Relaxed 9/9
Generating 10 new candidates...
  Generated 5/10 candidates

Generation 10 summary:
  Best: -5939.5516 eV
  Average: -5938.0557 eV
  Global best: -5939.5516 eV

======================================================================
✅ GA COMPLETE
======================================================================
Metal: Os (40 atoms)
Slab: SnO2_100
Best energy: -5939.5516 eV (-148.4888 eV/atom)
Duration: 1.61 hours
Total structures: 85
Output: /DATA/user_scratch/jsh9967/5_uma_MSI/3_GA/runs_M40/Os_SnO2_100
======================================================================


======================================================================
✅ OPTIMIZATION COMPLETE: M40_Os_SnO2_100
======================================================================

✓ Completed: Os on SnO2_100

##################################################
# Processing: Os on TiO2_anatase_001
##################################################

======================================================================
🧬 GA OPTIMIZATION: M40
======================================================================
Configuration: M40_Os_TiO2_anatase_001
Metal: Os (40 atoms)
Slab: TiO2_anatase_001
Output: /DATA/user_scratch/jsh9967/5_uma_MSI/3_GA/runs_M40/Os_TiO2_anatase_001
Device: cuda
======================================================================


======================================================================
Loading UMA model from: /DATA/user_scratch/jsh9967/5_uma_MSI/utility/uma-s-1p1.pt
Device: cuda
======================================================================
✓ UMA model loaded successfully


======================================================================
Loading oxide slab: TiO2_anatase_001
======================================================================
✓ Slab loaded from: TiO2_anatase_001_large.traj
  Composition: O648Ti324
  Atoms: 972 (486 fixed)
  Cell: 34.62 × 34.62 × 25.27 Å
  Miller: [0, 0, 1]

======================================================================
GA OPTIMIZATION: Os on TiO2_anatase_001
======================================================================
Metal atoms: 40
Population: 10
Generations: 10
======================================================================

✓ Placement box created:
  Origin: (6.92, 6.92, 12.25) Å
  X range: 6.92 - 27.69 Å
  Y range: 6.92 - 27.69 Å
  Z range: 12.25 - 17.25 Å
  Volume: 2157.07 Å³
✓ GA operators configured:
  Crossover prob: 0.7
  Mutation prob: 0.3
  Mutations: 2 types
✓ Placement box created:
  Origin: (6.92, 6.92, 12.25) Å
  X range: 6.92 - 27.69 Å
  Y range: 6.92 - 27.69 Å
  Z range: 12.25 - 17.25 Å
  Volume: 2157.07 Å³
Generating initial population (attempt 1/6)...
  Generated 5/10 candidates
  Generated 10/10 candidates
✓ Initial population generated (10 structures)

======================================================================
Starting GA iterations...
======================================================================


######################################################################
# GENERATION 1/10
######################################################################
Relaxing 10 unrelaxed candidates...
  🏆 New best: E = -8886.7631 eV (relaxation)
  🏆 New best: E = -8887.0746 eV (relaxation)
  Relaxed 5/10
  🏆 New best: E = -8894.5610 eV (relaxation)
  🏆 New best: E = -8898.1461 eV (relaxation)
  Relaxed 10/10
Generating 10 new candidates...
  Generated 5/10 candidates
  Generated 10/10 candidates

Generation 1 summary:
  Best: -8898.1461 eV
  Average: -8883.1895 eV
  Global best: -8898.1461 eV

######################################################################
# GENERATION 2/10
######################################################################
Relaxing 6 unrelaxed candidates...
  🏆 New best: E = -8908.8486 eV (relaxation)
  Relaxed 5/6
  Relaxed 6/6
Generating 10 new candidates...
  Generated 5/10 candidates
  Generated 10/10 candidates

Generation 2 summary:
  Best: -8908.8486 eV
  Average: -8899.0335 eV
  Global best: -8908.8486 eV

######################################################################
# GENERATION 3/10
######################################################################
Relaxing 7 unrelaxed candidates...
  🏆 New best: E = -8911.5134 eV (relaxation)
  Relaxed 5/7
  Relaxed 7/7
Generating 10 new candidates...
  Generated 5/10 candidates
  Generated 10/10 candidates

Generation 3 summary:
  Best: -8911.5134 eV
  Average: -8906.3688 eV
  Global best: -8911.5134 eV

######################################################################
# GENERATION 4/10
######################################################################
Relaxing 10 unrelaxed candidates...
  🏆 New best: E = -8913.2502 eV (relaxation)
  Relaxed 5/10
  Relaxed 10/10
Generating 10 new candidates...
  Generated 10/10 candidates

Generation 4 summary:
  Best: -8913.2502 eV
  Average: -8910.5168 eV
  Global best: -8913.2502 eV

######################################################################
# GENERATION 5/10
######################################################################
Relaxing 6 unrelaxed candidates...
  🏆 New best: E = -8918.3376 eV (relaxation)
  Relaxed 5/6
  Relaxed 6/6
Generating 10 new candidates...
  Generated 5/10 candidates
  Generated 10/10 candidates

Generation 5 summary:
  Best: -8918.3376 eV
  Average: -8912.4345 eV
  Global best: -8918.3376 eV

######################################################################
# GENERATION 6/10
######################################################################
Relaxing 9 unrelaxed candidates...
  Relaxed 5/9
  Relaxed 9/9
Generating 10 new candidates...
  Generated 5/10 candidates
  Generated 10/10 candidates

Generation 6 summary:
  Best: -8918.3376 eV
  Average: -8914.2175 eV
  Global best: -8918.3376 eV

######################################################################
# GENERATION 7/10
######################################################################
Relaxing 8 unrelaxed candidates...
  Relaxed 5/8
  🏆 New best: E = -8918.7620 eV (relaxation)
  Relaxed 8/8
Generating 10 new candidates...
  Generated 5/10 candidates
  Generated 10/10 candidates

Generation 7 summary:
  Best: -8918.7620 eV
  Average: -8914.6308 eV
  Global best: -8918.7620 eV

######################################################################
# GENERATION 8/10
######################################################################
Relaxing 9 unrelaxed candidates...
  Relaxed 5/9
  Relaxed 9/9
Generating 10 new candidates...

Generation 8 summary:
  Best: -8918.7620 eV
  Average: -8916.5341 eV
  Global best: -8918.7620 eV

######################################################################
# GENERATION 9/10
######################################################################
Relaxing 2 unrelaxed candidates...
  Relaxed 2/2
Generating 10 new candidates...
  Generated 5/10 candidates

Generation 9 summary:
  Best: -8918.7620 eV
  Average: -8916.5341 eV
  Global best: -8918.7620 eV

######################################################################
# GENERATION 10/10
######################################################################
Relaxing 3 unrelaxed candidates...
  Relaxed 3/3
Generating 10 new candidates...
  Generated 10/10 candidates

Generation 10 summary:
  Best: -8918.7620 eV
  Average: -8916.5341 eV
  Global best: -8918.7620 eV

======================================================================
✅ GA COMPLETE
======================================================================
Metal: Os (40 atoms)
Slab: TiO2_anatase_001
Best energy: -8918.7620 eV (-222.9691 eV/atom)
Duration: 1.48 hours
Total structures: 70
Output: /DATA/user_scratch/jsh9967/5_uma_MSI/3_GA/runs_M40/Os_TiO2_anatase_001
======================================================================


======================================================================
✅ OPTIMIZATION COMPLETE: M40_Os_TiO2_anatase_001
======================================================================

✓ Completed: Os on TiO2_anatase_001

##################################################
# Processing: Os on TiO2_rutile_100
##################################################

======================================================================
🧬 GA OPTIMIZATION: M40
======================================================================
Configuration: M40_Os_TiO2_rutile_100
Metal: Os (40 atoms)
Slab: TiO2_rutile_100
Output: /DATA/user_scratch/jsh9967/5_uma_MSI/3_GA/runs_M40/Os_TiO2_rutile_100
Device: cuda
======================================================================


======================================================================
Loading UMA model from: /DATA/user_scratch/jsh9967/5_uma_MSI/utility/uma-s-1p1.pt
Device: cuda
======================================================================
✓ UMA model loaded successfully


======================================================================
Loading oxide slab: TiO2_rutile_100
======================================================================
✓ Slab loaded from: TiO2_rutile_100_large.traj
  Composition: O672Ti336
  Atoms: 1008 (504 fixed)
  Cell: 35.72 × 33.09 × 25.91 Å
  Miller: [1, 0, 0]

======================================================================
GA OPTIMIZATION: Os on TiO2_rutile_100
======================================================================
Metal atoms: 40
Population: 10
Generations: 10
======================================================================

✓ Placement box created:
  Origin: (7.14, 6.62, 13.01) Å
  X range: 7.14 - 28.58 Å
  Y range: 6.62 - 26.47 Å
  Z range: 13.01 - 18.01 Å
  Volume: 2127.69 Å³
✓ GA operators configured:
  Crossover prob: 0.7
  Mutation prob: 0.3
  Mutations: 2 types
✓ Placement box created:
  Origin: (7.14, 6.62, 13.01) Å
  X range: 7.14 - 28.58 Å
  Y range: 6.62 - 26.47 Å
  Z range: 13.01 - 18.01 Å
  Volume: 2127.69 Å³
Generating initial population (attempt 1/6)...
  Generated 5/10 candidates
  Generated 10/10 candidates
✓ Initial population generated (10 structures)

======================================================================
Starting GA iterations...
======================================================================


######################################################################
# GENERATION 1/10
######################################################################
Relaxing 10 unrelaxed candidates...
  🏆 New best: E = -9170.6727 eV (relaxation)
  🏆 New best: E = -9177.9470 eV (relaxation)
  Relaxed 5/10
  🏆 New best: E = -9181.7343 eV (relaxation)
  Relaxed 10/10
Generating 10 new candidates...
  Generated 5/10 candidates
  Generated 10/10 candidates

Generation 1 summary:
  Best: -9181.7343 eV
  Average: -9171.9419 eV
  Global best: -9181.7343 eV

######################################################################
# GENERATION 2/10
######################################################################
Relaxing 10 unrelaxed candidates...
  🏆 New best: E = -9197.1969 eV (relaxation)
  Relaxed 5/10
  Relaxed 10/10
Generating 10 new candidates...
  Generated 5/10 candidates
  Generated 10/10 candidates

Generation 2 summary:
  Best: -9197.1969 eV
  Average: -9184.9635 eV
  Global best: -9197.1969 eV

######################################################################
# GENERATION 3/10
######################################################################
Relaxing 10 unrelaxed candidates...
  🏆 New best: E = -9198.1962 eV (relaxation)
  🏆 New best: E = -9198.2009 eV (relaxation)
  Relaxed 5/10
  Relaxed 10/10
Generating 10 new candidates...
  Generated 5/10 candidates
  Generated 10/10 candidates

Generation 3 summary:
  Best: -9198.2009 eV
  Average: -9193.7816 eV
  Global best: -9198.2009 eV

######################################################################
# GENERATION 4/10
######################################################################
Relaxing 10 unrelaxed candidates...
  🏆 New best: E = -9198.4123 eV (relaxation)
  Relaxed 5/10
  🏆 New best: E = -9200.8957 eV (relaxation)
  Relaxed 10/10
Generating 10 new candidates...
  Generated 5/10 candidates
  Generated 10/10 candidates

Generation 4 summary:
  Best: -9200.8957 eV
  Average: -9197.0863 eV
  Global best: -9200.8957 eV

######################################################################
# GENERATION 5/10
######################################################################
Relaxing 10 unrelaxed candidates...
  🏆 New best: E = -9201.8944 eV (relaxation)
  Relaxed 5/10
  Relaxed 10/10
Generating 10 new candidates...
  Generated 5/10 candidates
  Generated 10/10 candidates

Generation 5 summary:
  Best: -9201.8944 eV
  Average: -9199.4107 eV
  Global best: -9201.8944 eV

######################################################################
# GENERATION 6/10
######################################################################
Relaxing 10 unrelaxed candidates...
  🏆 New best: E = -9202.6389 eV (relaxation)
  Relaxed 5/10
  Relaxed 10/10
Generating 10 new candidates...
  Generated 5/10 candidates
  Generated 10/10 candidates

Generation 6 summary:
  Best: -9202.6389 eV
  Average: -9200.7724 eV
  Global best: -9202.6389 eV

######################################################################
# GENERATION 7/10
######################################################################
Relaxing 6 unrelaxed candidates...
  Relaxed 5/6
  Relaxed 6/6
Generating 10 new candidates...
  Generated 5/10 candidates
  Generated 10/10 candidates

Generation 7 summary:
  Best: -9202.6389 eV
  Average: -9201.2151 eV
  Global best: -9202.6389 eV

######################################################################
# GENERATION 8/10
######################################################################
Relaxing 10 unrelaxed candidates...
  Relaxed 5/10
  🏆 New best: E = -9203.1246 eV (relaxation)
  Relaxed 10/10
Generating 10 new candidates...
  Generated 10/10 candidates

Generation 8 summary:
  Best: -9203.1246 eV
  Average: -9201.5211 eV
  Global best: -9203.1246 eV

######################################################################
# GENERATION 9/10
######################################################################
Relaxing 5 unrelaxed candidates...
  Relaxed 5/5
Generating 10 new candidates...
  Generated 10/10 candidates

Generation 9 summary:
  Best: -9203.1246 eV
  Average: -9201.5961 eV
  Global best: -9203.1246 eV

######################################################################
# GENERATION 10/10
######################################################################
Relaxing 6 unrelaxed candidates...
  Relaxed 5/6
  Relaxed 6/6
Generating 10 new candidates...
  Generated 5/10 candidates
  Generated 10/10 candidates

Generation 10 summary:
  Best: -9203.1246 eV
  Average: -9201.6070 eV
  Global best: -9203.1246 eV

======================================================================
✅ GA COMPLETE
======================================================================
Metal: Os (40 atoms)
Slab: TiO2_rutile_100
Best energy: -9203.1246 eV (-230.0781 eV/atom)
Duration: 1.79 hours
Total structures: 87
Output: /DATA/user_scratch/jsh9967/5_uma_MSI/3_GA/runs_M40/Os_TiO2_rutile_100
======================================================================


======================================================================
✅ OPTIMIZATION COMPLETE: M40_Os_TiO2_rutile_100
======================================================================

✓ Completed: Os on TiO2_rutile_100

##################################################
# Processing: Os on ZnO_100
##################################################

======================================================================
🧬 GA OPTIMIZATION: M40
======================================================================
Configuration: M40_Os_ZnO_100
Metal: Os (40 atoms)
Slab: ZnO_100
Output: /DATA/user_scratch/jsh9967/5_uma_MSI/3_GA/runs_M40/Os_ZnO_100
Device: cuda
======================================================================


======================================================================
Loading UMA model from: /DATA/user_scratch/jsh9967/5_uma_MSI/utility/uma-s-1p1.pt
Device: cuda
======================================================================
✓ UMA model loaded successfully


======================================================================
Loading oxide slab: ZnO_100
======================================================================
✓ Slab loaded from: ZnO_100_large.traj
  Composition: O616Zn616
  Atoms: 1232 (616 fixed)
  Cell: 36.55 × 37.63 × 27.55 Å
  Miller: [1, 0, 0]

======================================================================
GA OPTIMIZATION: Os on ZnO_100
======================================================================
Metal atoms: 40
Population: 10
Generations: 10
======================================================================

✓ Placement box created:
  Origin: (7.31, 7.53, 14.67) Å
  X range: 7.31 - 29.24 Å
  Y range: 7.53 - 30.10 Å
  Z range: 14.67 - 19.67 Å
  Volume: 2475.65 Å³
✓ GA operators configured:
  Crossover prob: 0.7
  Mutation prob: 0.3
  Mutations: 2 types
✓ Placement box created:
  Origin: (7.31, 7.53, 14.67) Å
  X range: 7.31 - 29.24 Å
  Y range: 7.53 - 30.10 Å
  Z range: 14.67 - 19.67 Å
  Volume: 2475.65 Å³
Generating initial population (attempt 1/6)...
  Generated 5/10 candidates
  Generated 10/10 candidates
✓ Initial population generated (10 structures)

======================================================================
Starting GA iterations...
======================================================================


######################################################################
# GENERATION 1/10
######################################################################
Relaxing 10 unrelaxed candidates...
  🏆 New best: E = -5445.0807 eV (relaxation)
  🏆 New best: E = -5451.8645 eV (relaxation)
  🏆 New best: E = -5471.7521 eV (relaxation)
  Relaxed 5/10
  Relaxed 10/10
Generating 10 new candidates...

Generation 1 summary:
  Best: -5471.7521 eV
  Average: -5453.5416 eV
  Global best: -5471.7521 eV

######################################################################
# GENERATION 2/10
######################################################################
Generating 10 new candidates...

Generation 2 summary:
  Best: -5471.7521 eV
  Average: -5453.5416 eV
  Global best: -5471.7521 eV

######################################################################
# GENERATION 3/10
######################################################################
Relaxing 1 unrelaxed candidates...
  Relaxed 1/1
Generating 10 new candidates...

Generation 3 summary:
  Best: -5471.7521 eV
  Average: -5453.8833 eV
  Global best: -5471.7521 eV

######################################################################
# GENERATION 4/10
######################################################################
Generating 10 new candidates...
  Generated 10/10 candidates

Generation 4 summary:
  Best: -5471.7521 eV
  Average: -5453.8833 eV
  Global best: -5471.7521 eV

######################################################################
# GENERATION 5/10
######################################################################
Relaxing 1 unrelaxed candidates...
  Relaxed 1/1
Generating 10 new candidates...

Generation 5 summary:
  Best: -5471.7521 eV
  Average: -5454.8421 eV
  Global best: -5471.7521 eV

######################################################################
# GENERATION 6/10
######################################################################
Generating 10 new candidates...

Generation 6 summary:
  Best: -5471.7521 eV
  Average: -5454.8421 eV
  Global best: -5471.7521 eV

######################################################################
# GENERATION 7/10
######################################################################
Generating 10 new candidates...

Generation 7 summary:
  Best: -5471.7521 eV
  Average: -5454.8421 eV
  Global best: -5471.7521 eV

######################################################################
# GENERATION 8/10
######################################################################
Generating 10 new candidates...

Generation 8 summary:
  Best: -5471.7521 eV
  Average: -5454.8421 eV
  Global best: -5471.7521 eV

######################################################################
# GENERATION 9/10
######################################################################
Generating 10 new candidates...
  Generated 5/10 candidates

Generation 9 summary:
  Best: -5471.7521 eV
  Average: -5454.8421 eV
  Global best: -5471.7521 eV

######################################################################
# GENERATION 10/10
######################################################################
Relaxing 1 unrelaxed candidates...
  Relaxed 1/1
Generating 10 new candidates...

Generation 10 summary:
  Best: -5471.7521 eV
  Average: -5455.5230 eV
  Global best: -5471.7521 eV

======================================================================
✅ GA COMPLETE
======================================================================
Metal: Os (40 atoms)
Slab: ZnO_100
Best energy: -5471.7521 eV (-136.7938 eV/atom)
Duration: 0.52 hours
Total structures: 13
Output: /DATA/user_scratch/jsh9967/5_uma_MSI/3_GA/runs_M40/Os_ZnO_100
======================================================================


======================================================================
✅ OPTIMIZATION COMPLETE: M40_Os_ZnO_100
======================================================================

✓ Completed: Os on ZnO_100

##################################################
# Processing: Os on ZrO2_100
##################################################

======================================================================
🧬 GA OPTIMIZATION: M40
======================================================================
Configuration: M40_Os_ZrO2_100
Metal: Os (40 atoms)
Slab: ZrO2_100
Output: /DATA/user_scratch/jsh9967/5_uma_MSI/3_GA/runs_M40/Os_ZrO2_100
Device: cuda
======================================================================


======================================================================
Loading UMA model from: /DATA/user_scratch/jsh9967/5_uma_MSI/utility/uma-s-1p1.pt
Device: cuda
======================================================================
✓ UMA model loaded successfully


======================================================================
Loading oxide slab: ZrO2_100
======================================================================
✓ Slab loaded from: ZrO2_100_large.traj
  Composition: O360Zr360
  Atoms: 720 (270 fixed)
  Cell: 36.39 × 34.04 × 28.43 Å
  Miller: [1, 0, 0]

======================================================================
GA OPTIMIZATION: Os on ZrO2_100
======================================================================
Metal atoms: 40
Population: 10
Generations: 10
======================================================================

✓ Placement box created:
  Origin: (7.28, 6.79, 15.23) Å
  X range: 7.28 - 29.11 Å
  Y range: 6.79 - 27.21 Å
  Z range: 15.23 - 20.23 Å
  Volume: 2229.51 Å³
✓ GA operators configured:
  Crossover prob: 0.7
  Mutation prob: 0.3
  Mutations: 2 types
✓ Placement box created:
  Origin: (7.28, 6.79, 15.23) Å
  X range: 7.28 - 29.11 Å
  Y range: 6.79 - 27.21 Å
  Z range: 15.23 - 20.23 Å
  Volume: 2229.51 Å³
Generating initial population (attempt 1/6)...
  Generated 5/10 candidates
  Generated 10/10 candidates
✓ Initial population generated (10 structures)

======================================================================
Starting GA iterations...
======================================================================


######################################################################
# GENERATION 1/10
######################################################################
Relaxing 10 unrelaxed candidates...
  🏆 New best: E = -6634.8497 eV (relaxation)
  🏆 New best: E = -6639.0032 eV (relaxation)
  🏆 New best: E = -6652.0596 eV (relaxation)
  Relaxed 5/10
  Relaxed 10/10
Generating 10 new candidates...

Generation 1 summary:
  Best: -6652.0596 eV
  Average: -6639.5370 eV
  Global best: -6652.0596 eV

######################################################################
# GENERATION 2/10
######################################################################
Generating 10 new candidates...

Generation 2 summary:
  Best: -6652.0596 eV
  Average: -6639.5370 eV
  Global best: -6652.0596 eV

######################################################################
# GENERATION 3/10
######################################################################
Generating 10 new candidates...

Generation 3 summary:
  Best: -6652.0596 eV
  Average: -6639.5370 eV
  Global best: -6652.0596 eV

######################################################################
# GENERATION 4/10
######################################################################
Generating 10 new candidates...

Generation 4 summary:
  Best: -6652.0596 eV
  Average: -6639.5370 eV
  Global best: -6652.0596 eV

######################################################################
# GENERATION 5/10
######################################################################
Generating 10 new candidates...

Generation 5 summary:
  Best: -6652.0596 eV
  Average: -6639.5370 eV
  Global best: -6652.0596 eV

######################################################################
# GENERATION 6/10
######################################################################
Generating 10 new candidates...

Generation 6 summary:
  Best: -6652.0596 eV
  Average: -6639.5370 eV
  Global best: -6652.0596 eV

######################################################################
# GENERATION 7/10
######################################################################
Generating 10 new candidates...

Generation 7 summary:
  Best: -6652.0596 eV
  Average: -6639.5370 eV
  Global best: -6652.0596 eV

######################################################################
# GENERATION 8/10
######################################################################
Generating 10 new candidates...

Generation 8 summary:
  Best: -6652.0596 eV
  Average: -6639.5370 eV
  Global best: -6652.0596 eV

######################################################################
# GENERATION 9/10
######################################################################
Generating 10 new candidates...

Generation 9 summary:
  Best: -6652.0596 eV
  Average: -6639.5370 eV
  Global best: -6652.0596 eV

######################################################################
# GENERATION 10/10
######################################################################
Generating 10 new candidates...

Generation 10 summary:
  Best: -6652.0596 eV
  Average: -6639.5370 eV
  Global best: -6652.0596 eV

======================================================================
✅ GA COMPLETE
======================================================================
Metal: Os (40 atoms)
Slab: ZrO2_100
Best energy: -6652.0596 eV (-166.3015 eV/atom)
Duration: 0.29 hours
Total structures: 10
Output: /DATA/user_scratch/jsh9967/5_uma_MSI/3_GA/runs_M40/Os_ZrO2_100
======================================================================


======================================================================
✅ OPTIMIZATION COMPLETE: M40_Os_ZrO2_100
======================================================================

✓ Completed: Os on ZrO2_100

==========================================
CAMPAIGN COMPLETE: Os
==========================================
Completed: 10/10
Failed: 0/10
End: Thu Nov 27 11:43:29 PM KST 2025
==========================================
