==========================================
GA METAL CAMPAIGN: Au
==========================================
Metal: Au (40 atoms)
Slabs: 10 oxides
Job ID: 27625
Node: n012.hpc
Start: Wed Nov 26 02:47:30 PM KST 2025
==========================================

##################################################
# Processing: Au on Al2O3_001
##################################################

======================================================================
🧬 GA OPTIMIZATION: M40
======================================================================
Configuration: M40_Au_Al2O3_001
Metal: Au (40 atoms)
Slab: Al2O3_001
Output: /DATA/user_scratch/jsh9967/5_uma_MSI/3_GA/runs_M40/Au_Al2O3_001
Device: cuda
======================================================================


======================================================================
Loading UMA model from: /DATA/user_scratch/jsh9967/5_uma_MSI/utility/uma-s-1p1.pt
Device: cuda
======================================================================
✓ UMA model loaded successfully


======================================================================
Loading oxide slab: Al2O3_001
======================================================================
✓ Slab loaded from: Al2O3_001_large.traj
  Composition: Al588O882
  Atoms: 1470 (811 fixed)
  Cell: 33.95 × 33.95 × 29.44 Å
  Miller: [0, 0, 1]

======================================================================
GA OPTIMIZATION: Au on Al2O3_001
======================================================================
Metal atoms: 40
Population: 10
Generations: 10
======================================================================

✓ Placement box created:
  Origin: (6.79, 5.88, 16.52) Å
  X range: 6.79 - 27.16 Å
  Y range: 5.88 - 26.25 Å
  Z range: 16.52 - 21.52 Å
  Volume: 2075.15 Å³
✓ GA operators configured:
  Crossover prob: 0.7
  Mutation prob: 0.3
  Mutations: 2 types
✓ Placement box created:
  Origin: (6.79, 5.88, 16.52) Å
  X range: 6.79 - 27.16 Å
  Y range: 5.88 - 26.25 Å
  Z range: 16.52 - 21.52 Å
  Volume: 2075.15 Å³
Generating initial population (attempt 1/6)...
  Generated 5/10 candidates
  Generated 10/10 candidates
✓ Initial population generated (10 structures)

======================================================================
Starting GA iterations...
======================================================================


######################################################################
# GENERATION 1/10
######################################################################
Relaxing 10 unrelaxed candidates...
  🏆 New best: E = -10406.9366 eV (relaxation)
  Relaxed 5/10
  Relaxed 10/10
Generating 10 new candidates...
  Generated 5/10 candidates
  Generated 10/10 candidates

Generation 1 summary:
  Best: -10406.9366 eV
  Average: -10399.9969 eV
  Global best: -10406.9366 eV

######################################################################
# GENERATION 2/10
######################################################################
Relaxing 10 unrelaxed candidates...
  🏆 New best: E = -10411.2077 eV (relaxation)
  Relaxed 5/10
  Relaxed 10/10
Generating 10 new candidates...
  Generated 5/10 candidates
  Generated 10/10 candidates

Generation 2 summary:
  Best: -10411.2077 eV
  Average: -10406.9438 eV
  Global best: -10411.2077 eV

######################################################################
# GENERATION 3/10
######################################################################
Relaxing 10 unrelaxed candidates...
  🏆 New best: E = -10413.2163 eV (relaxation)
  Relaxed 5/10
  🏆 New best: E = -10413.8733 eV (relaxation)
  Relaxed 10/10
Generating 10 new candidates...
  Generated 5/10 candidates
  Generated 10/10 candidates

Generation 3 summary:
  Best: -10413.8733 eV
  Average: -10411.5616 eV
  Global best: -10413.8733 eV

######################################################################
# GENERATION 4/10
######################################################################
Relaxing 10 unrelaxed candidates...
  🏆 New best: E = -10415.4203 eV (relaxation)
  Relaxed 5/10
  🏆 New best: E = -10417.0697 eV (relaxation)
  Relaxed 10/10
Generating 10 new candidates...
  Generated 5/10 candidates
  Generated 10/10 candidates

Generation 4 summary:
  Best: -10417.0697 eV
  Average: -10414.1084 eV
  Global best: -10417.0697 eV

######################################################################
# GENERATION 5/10
######################################################################
Relaxing 10 unrelaxed candidates...
  🏆 New best: E = -10417.1531 eV (relaxation)
  🏆 New best: E = -10419.2139 eV (relaxation)
  Relaxed 5/10
  Relaxed 10/10
Generating 10 new candidates...
  Generated 5/10 candidates
  Generated 10/10 candidates

Generation 5 summary:
  Best: -10419.2139 eV
  Average: -10416.8597 eV
  Global best: -10419.2139 eV

######################################################################
# GENERATION 6/10
######################################################################
Relaxing 10 unrelaxed candidates...
  🏆 New best: E = -10419.8224 eV (relaxation)
  Relaxed 5/10
  Relaxed 10/10
Generating 10 new candidates...
  Generated 5/10 candidates
  Generated 10/10 candidates

Generation 6 summary:
  Best: -10419.8224 eV
  Average: -10418.1711 eV
  Global best: -10419.8224 eV

######################################################################
# GENERATION 7/10
######################################################################
Relaxing 10 unrelaxed candidates...
  🏆 New best: E = -10420.5419 eV (relaxation)
  Relaxed 5/10
  🏆 New best: E = -10420.9714 eV (relaxation)
  Relaxed 10/10
Generating 10 new candidates...
  Generated 5/10 candidates
  Generated 10/10 candidates

Generation 7 summary:
  Best: -10420.9714 eV
  Average: -10419.1703 eV
  Global best: -10420.9714 eV

######################################################################
# GENERATION 8/10
######################################################################
Relaxing 10 unrelaxed candidates...
  Relaxed 5/10
  Relaxed 10/10
Generating 10 new candidates...
  Generated 5/10 candidates
  Generated 10/10 candidates

Generation 8 summary:
  Best: -10420.9714 eV
  Average: -10419.6529 eV
  Global best: -10420.9714 eV

######################################################################
# GENERATION 9/10
######################################################################
Relaxing 10 unrelaxed candidates...
  🏆 New best: E = -10421.0146 eV (relaxation)
  Relaxed 5/10
  Relaxed 10/10
Generating 10 new candidates...
  Generated 5/10 candidates
  Generated 10/10 candidates

Generation 9 summary:
  Best: -10421.0146 eV
  Average: -10419.9946 eV
  Global best: -10421.0146 eV

######################################################################
# GENERATION 10/10
######################################################################
Relaxing 10 unrelaxed candidates...
  Relaxed 5/10
  🏆 New best: E = -10423.8133 eV (relaxation)
  Relaxed 10/10
Generating 10 new candidates...
  Generated 5/10 candidates
  Generated 10/10 candidates

Generation 10 summary:
  Best: -10423.8133 eV
  Average: -10420.5262 eV
  Global best: -10423.8133 eV

======================================================================
✅ GA COMPLETE
======================================================================
Metal: Au (40 atoms)
Slab: Al2O3_001
Best energy: -10423.8133 eV (-260.5953 eV/atom)
Duration: 3.55 hours
Total structures: 100
Output: /DATA/user_scratch/jsh9967/5_uma_MSI/3_GA/runs_M40/Au_Al2O3_001
======================================================================


======================================================================
✅ OPTIMIZATION COMPLETE: M40_Au_Al2O3_001
======================================================================

✓ Completed: Au on Al2O3_001

##################################################
# Processing: Au on CaO_100
##################################################

======================================================================
🧬 GA OPTIMIZATION: M40
======================================================================
Configuration: M40_Au_CaO_100
Metal: Au (40 atoms)
Slab: CaO_100
Output: /DATA/user_scratch/jsh9967/5_uma_MSI/3_GA/runs_M40/Au_CaO_100
Device: cuda
======================================================================


======================================================================
Loading UMA model from: /DATA/user_scratch/jsh9967/5_uma_MSI/utility/uma-s-1p1.pt
Device: cuda
======================================================================
✓ UMA model loaded successfully


======================================================================
Loading oxide slab: CaO_100
======================================================================
✓ Slab loaded from: CaO_100_large.traj
  Composition: Ca400O400
  Atoms: 800 (400 fixed)
  Cell: 34.57 × 34.57 × 24.33 Å
  Miller: [1, 0, 0]

======================================================================
GA OPTIMIZATION: Au on CaO_100
======================================================================
Metal atoms: 40
Population: 10
Generations: 10
======================================================================

✓ Placement box created:
  Origin: (6.91, 6.91, 11.31) Å
  X range: 6.91 - 27.66 Å
  Y range: 6.91 - 27.66 Å
  Z range: 11.31 - 16.31 Å
  Volume: 2151.07 Å³
✓ GA operators configured:
  Crossover prob: 0.7
  Mutation prob: 0.3
  Mutations: 2 types
✓ Placement box created:
  Origin: (6.91, 6.91, 11.31) Å
  X range: 6.91 - 27.66 Å
  Y range: 6.91 - 27.66 Å
  Z range: 11.31 - 16.31 Å
  Volume: 2151.07 Å³
Generating initial population (attempt 1/6)...
  Generated 5/10 candidates
  Generated 10/10 candidates
✓ Initial population generated (10 structures)

======================================================================
Starting GA iterations...
======================================================================


######################################################################
# GENERATION 1/10
######################################################################
Relaxing 10 unrelaxed candidates...
  🏆 New best: E = -5121.7481 eV (relaxation)
  🏆 New best: E = -5121.7980 eV (relaxation)
  🏆 New best: E = -5123.3954 eV (relaxation)
  Relaxed 5/10
  🏆 New best: E = -5124.0184 eV (relaxation)
  Relaxed 10/10
Generating 10 new candidates...
  Generated 5/10 candidates
  Generated 10/10 candidates

Generation 1 summary:
  Best: -5124.0184 eV
  Average: -5121.3538 eV
  Global best: -5124.0184 eV

######################################################################
# GENERATION 2/10
######################################################################
Relaxing 10 unrelaxed candidates...
  Relaxed 5/10
  🏆 New best: E = -5124.2485 eV (relaxation)
  🏆 New best: E = -5124.4617 eV (relaxation)
  🏆 New best: E = -5126.0982 eV (relaxation)
  🏆 New best: E = -5128.6605 eV (relaxation)
  Relaxed 10/10
Generating 10 new candidates...
  Generated 5/10 candidates
  Generated 10/10 candidates

Generation 2 summary:
  Best: -5128.6605 eV
  Average: -5124.4308 eV
  Global best: -5128.6605 eV

######################################################################
# GENERATION 3/10
######################################################################
Relaxing 10 unrelaxed candidates...
  Relaxed 5/10
  🏆 New best: E = -5128.8608 eV (relaxation)
  Relaxed 10/10
Generating 10 new candidates...
  Generated 5/10 candidates
  Generated 10/10 candidates

Generation 3 summary:
  Best: -5128.8608 eV
  Average: -5125.9573 eV
  Global best: -5128.8608 eV

######################################################################
# GENERATION 4/10
######################################################################
Relaxing 10 unrelaxed candidates...
  🏆 New best: E = -5129.6810 eV (relaxation)
  Relaxed 5/10
  🏆 New best: E = -5129.9808 eV (relaxation)
  Relaxed 10/10
Generating 10 new candidates...
  Generated 5/10 candidates
  Generated 10/10 candidates

Generation 4 summary:
  Best: -5129.9808 eV
  Average: -5128.5885 eV
  Global best: -5129.9808 eV

######################################################################
# GENERATION 5/10
######################################################################
Relaxing 10 unrelaxed candidates...
  🏆 New best: E = -5130.3984 eV (relaxation)
  Relaxed 5/10
  🏆 New best: E = -5130.9417 eV (relaxation)
  Relaxed 10/10
Generating 10 new candidates...
  Generated 5/10 candidates
  Generated 10/10 candidates

Generation 5 summary:
  Best: -5130.9417 eV
  Average: -5129.8448 eV
  Global best: -5130.9417 eV

######################################################################
# GENERATION 6/10
######################################################################
Relaxing 10 unrelaxed candidates...
  🏆 New best: E = -5132.2079 eV (relaxation)
  Relaxed 5/10
  🏆 New best: E = -5132.2355 eV (relaxation)
  Relaxed 10/10
Generating 10 new candidates...
  Generated 5/10 candidates
  Generated 10/10 candidates

Generation 6 summary:
  Best: -5132.2355 eV
  Average: -5130.6929 eV
  Global best: -5132.2355 eV

######################################################################
# GENERATION 7/10
######################################################################
Relaxing 10 unrelaxed candidates...
  Relaxed 5/10
  🏆 New best: E = -5132.4568 eV (relaxation)
  Relaxed 10/10
Generating 10 new candidates...
  Generated 5/10 candidates
  Generated 10/10 candidates

Generation 7 summary:
  Best: -5132.4568 eV
  Average: -5131.3761 eV
  Global best: -5132.4568 eV

######################################################################
# GENERATION 8/10
######################################################################
Relaxing 10 unrelaxed candidates...
  🏆 New best: E = -5132.4650 eV (relaxation)
  Relaxed 5/10
  Relaxed 10/10
Generating 10 new candidates...
  Generated 5/10 candidates
  Generated 10/10 candidates

Generation 8 summary:
  Best: -5132.4650 eV
  Average: -5131.6578 eV
  Global best: -5132.4650 eV

######################################################################
# GENERATION 9/10
######################################################################
Relaxing 10 unrelaxed candidates...
  🏆 New best: E = -5132.5386 eV (relaxation)
  🏆 New best: E = -5132.5900 eV (relaxation)
  Relaxed 5/10
  Relaxed 10/10
Generating 10 new candidates...
  Generated 5/10 candidates
  Generated 10/10 candidates

Generation 9 summary:
  Best: -5132.5900 eV
  Average: -5132.1032 eV
  Global best: -5132.5900 eV

######################################################################
# GENERATION 10/10
######################################################################
Relaxing 10 unrelaxed candidates...
  🏆 New best: E = -5132.6044 eV (relaxation)
  Relaxed 5/10
  🏆 New best: E = -5132.8646 eV (relaxation)
  Relaxed 10/10
Generating 10 new candidates...
  Generated 5/10 candidates
  Generated 10/10 candidates

Generation 10 summary:
  Best: -5132.8646 eV
  Average: -5132.4041 eV
  Global best: -5132.8646 eV

======================================================================
✅ GA COMPLETE
======================================================================
Metal: Au (40 atoms)
Slab: CaO_100
Best energy: -5132.8646 eV (-128.3216 eV/atom)
Duration: 1.37 hours
Total structures: 100
Output: /DATA/user_scratch/jsh9967/5_uma_MSI/3_GA/runs_M40/Au_CaO_100
======================================================================


======================================================================
✅ OPTIMIZATION COMPLETE: M40_Au_CaO_100
======================================================================

✓ Completed: Au on CaO_100

##################################################
# Processing: Au on CeO2_111
##################################################

======================================================================
🧬 GA OPTIMIZATION: M40
======================================================================
Configuration: M40_Au_CeO2_111
Metal: Au (40 atoms)
Slab: CeO2_111
Output: /DATA/user_scratch/jsh9967/5_uma_MSI/3_GA/runs_M40/Au_CeO2_111
Device: cuda
======================================================================


======================================================================
Loading UMA model from: /DATA/user_scratch/jsh9967/5_uma_MSI/utility/uma-s-1p1.pt
Device: cuda
======================================================================
✓ UMA model loaded successfully


======================================================================
Loading oxide slab: CeO2_111
======================================================================
✓ Slab loaded from: CeO2_111_large.traj
  Composition: Ce243O486
  Atoms: 729 (364 fixed)
  Cell: 34.87 × 34.87 × 24.91 Å
  Miller: [1, 1, 1]

======================================================================
GA OPTIMIZATION: Au on CeO2_111
======================================================================
Metal atoms: 40
Population: 10
Generations: 10
======================================================================

✓ Placement box created:
  Origin: (6.97, 6.04, 11.97) Å
  X range: 6.97 - 27.90 Å
  Y range: 6.04 - 26.96 Å
  Z range: 11.97 - 16.97 Å
  Volume: 2189.01 Å³
✓ GA operators configured:
  Crossover prob: 0.7
  Mutation prob: 0.3
  Mutations: 2 types
✓ Placement box created:
  Origin: (6.97, 6.04, 11.97) Å
  X range: 6.97 - 27.90 Å
  Y range: 6.04 - 26.96 Å
  Z range: 11.97 - 16.97 Å
  Volume: 2189.01 Å³
Generating initial population (attempt 1/6)...
  Generated 5/10 candidates
  Generated 10/10 candidates
✓ Initial population generated (10 structures)

======================================================================
Starting GA iterations...
======================================================================


######################################################################
# GENERATION 1/10
######################################################################
Relaxing 10 unrelaxed candidates...
  🏆 New best: E = -6382.6565 eV (relaxation)
  🏆 New best: E = -6388.3817 eV (relaxation)
  Relaxed 5/10
  Relaxed 10/10
Generating 10 new candidates...
  Generated 5/10 candidates
  Generated 10/10 candidates

Generation 1 summary:
  Best: -6388.3817 eV
  Average: -6384.6161 eV
  Global best: -6388.3817 eV

######################################################################
# GENERATION 2/10
######################################################################
Relaxing 10 unrelaxed candidates...
  🏆 New best: E = -6389.3555 eV (relaxation)
  Relaxed 5/10
  🏆 New best: E = -6389.4639 eV (relaxation)
  Relaxed 10/10
Generating 10 new candidates...
  Generated 5/10 candidates
  Generated 10/10 candidates

Generation 2 summary:
  Best: -6389.4639 eV
  Average: -6387.1020 eV
  Global best: -6389.4639 eV

######################################################################
# GENERATION 3/10
######################################################################
Relaxing 10 unrelaxed candidates...
  🏆 New best: E = -6389.9619 eV (relaxation)
  Relaxed 5/10
  🏆 New best: E = -6391.3238 eV (relaxation)
  Relaxed 10/10
Generating 10 new candidates...
  Generated 5/10 candidates
  Generated 10/10 candidates

Generation 3 summary:
  Best: -6391.3238 eV
  Average: -6389.1957 eV
  Global best: -6391.3238 eV

######################################################################
# GENERATION 4/10
######################################################################
Relaxing 10 unrelaxed candidates...
  🏆 New best: E = -6391.8587 eV (relaxation)
  Relaxed 5/10
  Relaxed 10/10
Generating 10 new candidates...
  Generated 5/10 candidates
  Generated 10/10 candidates

Generation 4 summary:
  Best: -6391.8587 eV
  Average: -6390.4758 eV
  Global best: -6391.8587 eV

######################################################################
# GENERATION 5/10
######################################################################
Relaxing 10 unrelaxed candidates...
  Relaxed 5/10
  🏆 New best: E = -6392.5856 eV (relaxation)
  Relaxed 10/10
Generating 10 new candidates...
  Generated 5/10 candidates
  Generated 10/10 candidates

Generation 5 summary:
  Best: -6392.5856 eV
  Average: -6391.3778 eV
  Global best: -6392.5856 eV

######################################################################
# GENERATION 6/10
######################################################################
Relaxing 10 unrelaxed candidates...
  🏆 New best: E = -6392.9501 eV (relaxation)
  Relaxed 5/10
  Relaxed 10/10
Generating 10 new candidates...
  Generated 5/10 candidates
  Generated 10/10 candidates

Generation 6 summary:
  Best: -6392.9501 eV
  Average: -6391.9330 eV
  Global best: -6392.9501 eV

######################################################################
# GENERATION 7/10
######################################################################
Relaxing 10 unrelaxed candidates...
  Relaxed 5/10
  🏆 New best: E = -6392.9583 eV (relaxation)
  Relaxed 10/10
Generating 10 new candidates...
  Generated 5/10 candidates
  Generated 10/10 candidates

Generation 7 summary:
  Best: -6392.9583 eV
  Average: -6392.3118 eV
  Global best: -6392.9583 eV

######################################################################
# GENERATION 8/10
######################################################################
Relaxing 10 unrelaxed candidates...
  Relaxed 5/10
  🏆 New best: E = -6393.0275 eV (relaxation)
  Relaxed 10/10
Generating 10 new candidates...
  Generated 5/10 candidates
  Generated 10/10 candidates

Generation 8 summary:
  Best: -6393.0275 eV
  Average: -6392.5584 eV
  Global best: -6393.0275 eV

######################################################################
# GENERATION 9/10
######################################################################
Relaxing 10 unrelaxed candidates...
  Relaxed 5/10
  Relaxed 10/10
Generating 10 new candidates...
  Generated 5/10 candidates
  Generated 10/10 candidates

Generation 9 summary:
  Best: -6393.0275 eV
  Average: -6392.5593 eV
  Global best: -6393.0275 eV

######################################################################
# GENERATION 10/10
######################################################################
Relaxing 10 unrelaxed candidates...
  Relaxed 5/10
  Relaxed 10/10
Generating 10 new candidates...
  Generated 5/10 candidates
  Generated 10/10 candidates

Generation 10 summary:
  Best: -6393.0275 eV
  Average: -6392.7097 eV
  Global best: -6393.0275 eV

======================================================================
✅ GA COMPLETE
======================================================================
Metal: Au (40 atoms)
Slab: CeO2_111
Best energy: -6393.0275 eV (-159.8257 eV/atom)
Duration: 0.84 hours
Total structures: 100
Output: /DATA/user_scratch/jsh9967/5_uma_MSI/3_GA/runs_M40/Au_CeO2_111
======================================================================


======================================================================
✅ OPTIMIZATION COMPLETE: M40_Au_CeO2_111
======================================================================

✓ Completed: Au on CeO2_111

##################################################
# Processing: Au on MgO_100
##################################################

======================================================================
🧬 GA OPTIMIZATION: M40
======================================================================
Configuration: M40_Au_MgO_100
Metal: Au (40 atoms)
Slab: MgO_100
Output: /DATA/user_scratch/jsh9967/5_uma_MSI/3_GA/runs_M40/Au_MgO_100
Device: cuda
======================================================================


======================================================================
Loading UMA model from: /DATA/user_scratch/jsh9967/5_uma_MSI/utility/uma-s-1p1.pt
Device: cuda
======================================================================
✓ UMA model loaded successfully


======================================================================
Loading oxide slab: MgO_100
======================================================================
✓ Slab loaded from: MgO_100_large.traj
  Composition: Mg484O484
  Atoms: 968 (484 fixed)
  Cell: 33.62 × 33.62 × 23.48 Å
  Miller: [1, 0, 0]

======================================================================
GA OPTIMIZATION: Au on MgO_100
======================================================================
Metal atoms: 40
Population: 10
Generations: 10
======================================================================

✓ Placement box created:
  Origin: (6.72, 6.72, 10.48) Å
  X range: 6.72 - 26.90 Å
  Y range: 6.72 - 26.90 Å
  Z range: 10.48 - 15.48 Å
  Volume: 2035.07 Å³
✓ GA operators configured:
  Crossover prob: 0.7
  Mutation prob: 0.3
  Mutations: 2 types
✓ Placement box created:
  Origin: (6.72, 6.72, 10.48) Å
  X range: 6.72 - 26.90 Å
  Y range: 6.72 - 26.90 Å
  Z range: 10.48 - 15.48 Å
  Volume: 2035.07 Å³
Generating initial population (attempt 1/6)...
  Generated 5/10 candidates
  Generated 10/10 candidates
✓ Initial population generated (10 structures)

======================================================================
Starting GA iterations...
======================================================================


######################################################################
# GENERATION 1/10
######################################################################
Relaxing 10 unrelaxed candidates...
  🏆 New best: E = -5700.7190 eV (relaxation)
  🏆 New best: E = -5701.1377 eV (relaxation)
  Relaxed 5/10
  🏆 New best: E = -5703.3257 eV (relaxation)
  Relaxed 10/10
Generating 10 new candidates...
  Generated 5/10 candidates
  Generated 10/10 candidates

Generation 1 summary:
  Best: -5703.3257 eV
  Average: -5700.6047 eV
  Global best: -5703.3257 eV

######################################################################
# GENERATION 2/10
######################################################################
Relaxing 10 unrelaxed candidates...
  🏆 New best: E = -5705.1359 eV (relaxation)
  Relaxed 5/10
  Relaxed 10/10
Generating 10 new candidates...
  Generated 5/10 candidates
  Generated 10/10 candidates

Generation 2 summary:
  Best: -5705.1359 eV
  Average: -5702.2354 eV
  Global best: -5705.1359 eV

######################################################################
# GENERATION 3/10
######################################################################
Relaxing 10 unrelaxed candidates...
  🏆 New best: E = -5705.8205 eV (relaxation)
  Relaxed 5/10
  Relaxed 10/10
Generating 10 new candidates...
  Generated 5/10 candidates
  Generated 10/10 candidates

Generation 3 summary:
  Best: -5705.8205 eV
  Average: -5704.2806 eV
  Global best: -5705.8205 eV

######################################################################
# GENERATION 4/10
######################################################################
Relaxing 10 unrelaxed candidates...
  🏆 New best: E = -5707.5542 eV (relaxation)
  🏆 New best: E = -5708.6960 eV (relaxation)
  Relaxed 5/10
  Relaxed 10/10
Generating 10 new candidates...
  Generated 5/10 candidates
  Generated 10/10 candidates

Generation 4 summary:
  Best: -5708.6960 eV
  Average: -5706.4267 eV
  Global best: -5708.6960 eV

######################################################################
# GENERATION 5/10
######################################################################
Relaxing 10 unrelaxed candidates...
  Relaxed 5/10
  🏆 New best: E = -5709.2425 eV (relaxation)
  Relaxed 10/10
Generating 10 new candidates...
  Generated 5/10 candidates
  Generated 10/10 candidates

Generation 5 summary:
  Best: -5709.2425 eV
  Average: -5707.8499 eV
  Global best: -5709.2425 eV

######################################################################
# GENERATION 6/10
######################################################################
Relaxing 10 unrelaxed candidates...
  Relaxed 5/10
  Relaxed 10/10
Generating 10 new candidates...
  Generated 5/10 candidates
  Generated 10/10 candidates

Generation 6 summary:
  Best: -5709.2425 eV
  Average: -5708.5254 eV
  Global best: -5709.2425 eV

######################################################################
# GENERATION 7/10
######################################################################
Relaxing 10 unrelaxed candidates...
  Relaxed 5/10
  🏆 New best: E = -5709.2770 eV (relaxation)
  Relaxed 10/10
Generating 10 new candidates...
  Generated 5/10 candidates
  Generated 10/10 candidates

Generation 7 summary:
  Best: -5709.2770 eV
  Average: -5708.6749 eV
  Global best: -5709.2770 eV

######################################################################
# GENERATION 8/10
######################################################################
Relaxing 10 unrelaxed candidates...
  Relaxed 5/10
  Relaxed 10/10
Generating 10 new candidates...
  Generated 5/10 candidates
  Generated 10/10 candidates

Generation 8 summary:
  Best: -5709.2770 eV
  Average: -5708.8332 eV
  Global best: -5709.2770 eV

######################################################################
# GENERATION 9/10
######################################################################
Relaxing 10 unrelaxed candidates...
  🏆 New best: E = -5709.3764 eV (relaxation)
  🏆 New best: E = -5709.5378 eV (relaxation)
  Relaxed 5/10
  🏆 New best: E = -5709.8573 eV (relaxation)
  Relaxed 10/10
Generating 10 new candidates...
  Generated 5/10 candidates
  Generated 10/10 candidates

Generation 9 summary:
  Best: -5709.8573 eV
  Average: -5709.2467 eV
  Global best: -5709.8573 eV

######################################################################
# GENERATION 10/10
######################################################################
Relaxing 10 unrelaxed candidates...
  Relaxed 5/10
  Relaxed 10/10
Generating 10 new candidates...
  Generated 5/10 candidates
  Generated 10/10 candidates

Generation 10 summary:
  Best: -5709.8573 eV
  Average: -5709.4321 eV
  Global best: -5709.8573 eV

======================================================================
✅ GA COMPLETE
======================================================================
Metal: Au (40 atoms)
Slab: MgO_100
Best energy: -5709.8573 eV (-142.7464 eV/atom)
Duration: 1.84 hours
Total structures: 100
Output: /DATA/user_scratch/jsh9967/5_uma_MSI/3_GA/runs_M40/Au_MgO_100
======================================================================


======================================================================
✅ OPTIMIZATION COMPLETE: M40_Au_MgO_100
======================================================================

✓ Completed: Au on MgO_100

##################################################
# Processing: Au on SiO2_101
##################################################

======================================================================
🧬 GA OPTIMIZATION: M40
======================================================================
Configuration: M40_Au_SiO2_101
Metal: Au (40 atoms)
Slab: SiO2_101
Output: /DATA/user_scratch/jsh9967/5_uma_MSI/3_GA/runs_M40/Au_SiO2_101
Device: cuda
======================================================================


======================================================================
Loading UMA model from: /DATA/user_scratch/jsh9967/5_uma_MSI/utility/uma-s-1p1.pt
Device: cuda
======================================================================
✓ UMA model loaded successfully


======================================================================
Loading oxide slab: SiO2_101
======================================================================
✓ Slab loaded from: SiO2_101_large.traj
  Composition: O630Si315
  Atoms: 945 (438 fixed)
  Cell: 36.09 × 38.03 × 31.88 Å
  Miller: [1, 0, 1]

======================================================================
GA OPTIMIZATION: Au on SiO2_101
======================================================================
Metal atoms: 40
Population: 10
Generations: 10
======================================================================

✓ Placement box created:
  Origin: (7.19, 7.11, 18.94) Å
  X range: 7.19 - 28.85 Å
  Y range: 7.11 - 29.93 Å
  Z range: 18.94 - 23.94 Å
  Volume: 2470.64 Å³
✓ GA operators configured:
  Crossover prob: 0.7
  Mutation prob: 0.3
  Mutations: 2 types
✓ Placement box created:
  Origin: (7.19, 7.11, 18.94) Å
  X range: 7.19 - 28.85 Å
  Y range: 7.11 - 29.93 Å
  Z range: 18.94 - 23.94 Å
  Volume: 2470.64 Å³
Generating initial population (attempt 1/6)...
  Generated 5/10 candidates
  Generated 10/10 candidates
✓ Initial population generated (10 structures)

======================================================================
Starting GA iterations...
======================================================================


######################################################################
# GENERATION 1/10
######################################################################
Relaxing 10 unrelaxed candidates...
  🏆 New best: E = -7195.9082 eV (relaxation)
  Relaxed 5/10
  Relaxed 10/10
Generating 10 new candidates...
  Generated 5/10 candidates
  Generated 10/10 candidates

Generation 1 summary:
  Best: -7195.9082 eV
  Average: -7182.4161 eV
  Global best: -7195.9082 eV

######################################################################
# GENERATION 2/10
######################################################################
Relaxing 10 unrelaxed candidates...
  Relaxed 5/10
  🏆 New best: E = -7196.8675 eV (relaxation)
  Relaxed 10/10
Generating 10 new candidates...
  Generated 5/10 candidates
  Generated 10/10 candidates

Generation 2 summary:
  Best: -7196.8675 eV
  Average: -7189.8103 eV
  Global best: -7196.8675 eV

######################################################################
# GENERATION 3/10
######################################################################
Relaxing 10 unrelaxed candidates...
  🏆 New best: E = -7196.9687 eV (relaxation)
  Relaxed 5/10
  Relaxed 10/10
Generating 10 new candidates...
  Generated 5/10 candidates
  Generated 10/10 candidates

Generation 3 summary:
  Best: -7196.9687 eV
  Average: -7193.1642 eV
  Global best: -7196.9687 eV

######################################################################
# GENERATION 4/10
######################################################################
Relaxing 10 unrelaxed candidates...
  🏆 New best: E = -7201.1030 eV (relaxation)
  Relaxed 5/10
  Relaxed 10/10
Generating 10 new candidates...
  Generated 5/10 candidates
  Generated 10/10 candidates

Generation 4 summary:
  Best: -7201.1030 eV
  Average: -7195.0337 eV
  Global best: -7201.1030 eV

######################################################################
# GENERATION 5/10
######################################################################
Relaxing 10 unrelaxed candidates...
  Relaxed 5/10
  Relaxed 10/10
Generating 10 new candidates...
  Generated 5/10 candidates
  Generated 10/10 candidates

Generation 5 summary:
  Best: -7201.1030 eV
  Average: -7195.9186 eV
  Global best: -7201.1030 eV

######################################################################
# GENERATION 6/10
######################################################################
Relaxing 10 unrelaxed candidates...
  Relaxed 5/10
  Relaxed 10/10
Generating 10 new candidates...
  Generated 5/10 candidates
  Generated 10/10 candidates

Generation 6 summary:
  Best: -7201.1030 eV
  Average: -7196.8704 eV
  Global best: -7201.1030 eV

######################################################################
# GENERATION 7/10
######################################################################
Relaxing 10 unrelaxed candidates...
  Relaxed 5/10
  Relaxed 10/10
Generating 10 new candidates...
  Generated 5/10 candidates
  Generated 10/10 candidates

Generation 7 summary:
  Best: -7201.1030 eV
  Average: -7197.9120 eV
  Global best: -7201.1030 eV

######################################################################
# GENERATION 8/10
######################################################################
Relaxing 10 unrelaxed candidates...
  Relaxed 5/10
  Relaxed 10/10
Generating 10 new candidates...
  Generated 5/10 candidates
  Generated 10/10 candidates

Generation 8 summary:
  Best: -7201.1030 eV
  Average: -7198.4810 eV
  Global best: -7201.1030 eV

######################################################################
# GENERATION 9/10
######################################################################
Relaxing 10 unrelaxed candidates...
  Relaxed 5/10
  Relaxed 10/10
Generating 10 new candidates...
  Generated 5/10 candidates
  Generated 10/10 candidates

Generation 9 summary:
  Best: -7201.1030 eV
  Average: -7198.5683 eV
  Global best: -7201.1030 eV

######################################################################
# GENERATION 10/10
######################################################################
Relaxing 10 unrelaxed candidates...
  Relaxed 5/10
  Relaxed 10/10
Generating 10 new candidates...
  Generated 5/10 candidates
  Generated 10/10 candidates

Generation 10 summary:
  Best: -7201.1030 eV
  Average: -7198.8898 eV
  Global best: -7201.1030 eV

======================================================================
✅ GA COMPLETE
======================================================================
Metal: Au (40 atoms)
Slab: SiO2_101
Best energy: -7201.1030 eV (-180.0276 eV/atom)
Duration: 1.81 hours
Total structures: 100
Output: /DATA/user_scratch/jsh9967/5_uma_MSI/3_GA/runs_M40/Au_SiO2_101
======================================================================


======================================================================
✅ OPTIMIZATION COMPLETE: M40_Au_SiO2_101
======================================================================

✓ Completed: Au on SiO2_101

##################################################
# Processing: Au on SnO2_100
##################################################

======================================================================
🧬 GA OPTIMIZATION: M40
======================================================================
Configuration: M40_Au_SnO2_100
Metal: Au (40 atoms)
Slab: SnO2_100
Output: /DATA/user_scratch/jsh9967/5_uma_MSI/3_GA/runs_M40/Au_SnO2_100
Device: cuda
======================================================================


======================================================================
Loading UMA model from: /DATA/user_scratch/jsh9967/5_uma_MSI/utility/uma-s-1p1.pt
Device: cuda
======================================================================
✓ UMA model loaded successfully


======================================================================
Loading oxide slab: SnO2_100
======================================================================
✓ Slab loaded from: SnO2_100_large.traj
  Composition: O616Sn308
  Atoms: 924 (462 fixed)
  Cell: 35.86 × 34.29 × 26.23 Å
  Miller: [1, 0, 0]

======================================================================
GA OPTIMIZATION: Au on SnO2_100
======================================================================
Metal atoms: 40
Population: 10
Generations: 10
======================================================================

✓ Placement box created:
  Origin: (7.17, 6.86, 13.38) Å
  X range: 7.17 - 28.69 Å
  Y range: 6.86 - 27.43 Å
  Z range: 13.38 - 18.38 Å
  Volume: 2213.46 Å³
✓ GA operators configured:
  Crossover prob: 0.7
  Mutation prob: 0.3
  Mutations: 2 types
✓ Placement box created:
  Origin: (7.17, 6.86, 13.38) Å
  X range: 7.17 - 28.69 Å
  Y range: 6.86 - 27.43 Å
  Z range: 13.38 - 18.38 Å
  Volume: 2213.46 Å³
Generating initial population (attempt 1/6)...
  Generated 5/10 candidates
  Generated 10/10 candidates
✓ Initial population generated (10 structures)

======================================================================
Starting GA iterations...
======================================================================


######################################################################
# GENERATION 1/10
######################################################################
Relaxing 10 unrelaxed candidates...
  🏆 New best: E = -5656.7578 eV (relaxation)
  🏆 New best: E = -5657.4620 eV (relaxation)
  Relaxed 5/10
  🏆 New best: E = -5658.5547 eV (relaxation)
  🏆 New best: E = -5658.9264 eV (relaxation)
  🏆 New best: E = -5659.9265 eV (relaxation)
  Relaxed 10/10
Generating 10 new candidates...
  Generated 5/10 candidates
  Generated 10/10 candidates

Generation 1 summary:
  Best: -5659.9265 eV
  Average: -5657.2333 eV
  Global best: -5659.9265 eV

######################################################################
# GENERATION 2/10
######################################################################
Relaxing 10 unrelaxed candidates...
  Relaxed 5/10
  Relaxed 10/10
Generating 10 new candidates...
  Generated 5/10 candidates
  Generated 10/10 candidates

Generation 2 summary:
  Best: -5659.9265 eV
  Average: -5658.1869 eV
  Global best: -5659.9265 eV

######################################################################
# GENERATION 3/10
######################################################################
Relaxing 10 unrelaxed candidates...
  🏆 New best: E = -5661.3748 eV (relaxation)
  Relaxed 5/10
  Relaxed 10/10
Generating 10 new candidates...
  Generated 5/10 candidates
  Generated 10/10 candidates

Generation 3 summary:
  Best: -5661.3748 eV
  Average: -5659.4861 eV
  Global best: -5661.3748 eV

######################################################################
# GENERATION 4/10
######################################################################
Relaxing 10 unrelaxed candidates...
  🏆 New best: E = -5661.6018 eV (relaxation)
  Relaxed 5/10
  🏆 New best: E = -5661.7340 eV (relaxation)
  Relaxed 10/10
Generating 10 new candidates...
  Generated 5/10 candidates
  Generated 10/10 candidates

Generation 4 summary:
  Best: -5661.7340 eV
  Average: -5660.1994 eV
  Global best: -5661.7340 eV

######################################################################
# GENERATION 5/10
######################################################################
Relaxing 10 unrelaxed candidates...
  Relaxed 5/10
  Relaxed 10/10
Generating 10 new candidates...
  Generated 5/10 candidates
  Generated 10/10 candidates

Generation 5 summary:
  Best: -5661.7340 eV
  Average: -5660.6040 eV
  Global best: -5661.7340 eV

######################################################################
# GENERATION 6/10
######################################################################
Relaxing 10 unrelaxed candidates...
  Relaxed 5/10
  Relaxed 10/10
Generating 10 new candidates...
  Generated 5/10 candidates
  Generated 10/10 candidates

Generation 6 summary:
  Best: -5661.7340 eV
  Average: -5660.9602 eV
  Global best: -5661.7340 eV

######################################################################
# GENERATION 7/10
######################################################################
Relaxing 10 unrelaxed candidates...
  🏆 New best: E = -5661.8507 eV (relaxation)
  🏆 New best: E = -5663.0756 eV (relaxation)
  Relaxed 5/10
  Relaxed 10/10
Generating 10 new candidates...
  Generated 5/10 candidates
  Generated 10/10 candidates

Generation 7 summary:
  Best: -5663.0756 eV
  Average: -5661.6153 eV
  Global best: -5663.0756 eV

######################################################################
# GENERATION 8/10
######################################################################
Relaxing 10 unrelaxed candidates...
  🏆 New best: E = -5664.7556 eV (relaxation)
  Relaxed 5/10
  Relaxed 10/10
Generating 10 new candidates...
  Generated 5/10 candidates
  Generated 10/10 candidates

Generation 8 summary:
  Best: -5664.7556 eV
  Average: -5662.1871 eV
  Global best: -5664.7556 eV

######################################################################
# GENERATION 9/10
######################################################################
Relaxing 10 unrelaxed candidates...
  Relaxed 5/10
  Relaxed 10/10
Generating 10 new candidates...
  Generated 5/10 candidates
  Generated 10/10 candidates

Generation 9 summary:
  Best: -5664.7556 eV
  Average: -5662.4654 eV
  Global best: -5664.7556 eV

######################################################################
# GENERATION 10/10
######################################################################
Relaxing 10 unrelaxed candidates...
  Relaxed 5/10
  Relaxed 10/10
Generating 10 new candidates...
  Generated 5/10 candidates
  Generated 10/10 candidates

Generation 10 summary:
  Best: -5664.7556 eV
  Average: -5663.0845 eV
  Global best: -5664.7556 eV

======================================================================
✅ GA COMPLETE
======================================================================
Metal: Au (40 atoms)
Slab: SnO2_100
Best energy: -5664.7556 eV (-141.6189 eV/atom)
Duration: 1.77 hours
Total structures: 100
Output: /DATA/user_scratch/jsh9967/5_uma_MSI/3_GA/runs_M40/Au_SnO2_100
======================================================================


======================================================================
✅ OPTIMIZATION COMPLETE: M40_Au_SnO2_100
======================================================================

✓ Completed: Au on SnO2_100

##################################################
# Processing: Au on TiO2_anatase_001
##################################################

======================================================================
🧬 GA OPTIMIZATION: M40
======================================================================
Configuration: M40_Au_TiO2_anatase_001
Metal: Au (40 atoms)
Slab: TiO2_anatase_001
Output: /DATA/user_scratch/jsh9967/5_uma_MSI/3_GA/runs_M40/Au_TiO2_anatase_001
Device: cuda
======================================================================


======================================================================
Loading UMA model from: /DATA/user_scratch/jsh9967/5_uma_MSI/utility/uma-s-1p1.pt
Device: cuda
======================================================================
✓ UMA model loaded successfully


======================================================================
Loading oxide slab: TiO2_anatase_001
======================================================================
✓ Slab loaded from: TiO2_anatase_001_large.traj
  Composition: O648Ti324
  Atoms: 972 (486 fixed)
  Cell: 34.62 × 34.62 × 25.27 Å
  Miller: [0, 0, 1]

======================================================================
GA OPTIMIZATION: Au on TiO2_anatase_001
======================================================================
Metal atoms: 40
Population: 10
Generations: 10
======================================================================

✓ Placement box created:
  Origin: (6.92, 6.92, 12.25) Å
  X range: 6.92 - 27.69 Å
  Y range: 6.92 - 27.69 Å
  Z range: 12.25 - 17.25 Å
  Volume: 2157.07 Å³
✓ GA operators configured:
  Crossover prob: 0.7
  Mutation prob: 0.3
  Mutations: 2 types
✓ Placement box created:
  Origin: (6.92, 6.92, 12.25) Å
  X range: 6.92 - 27.69 Å
  Y range: 6.92 - 27.69 Å
  Z range: 12.25 - 17.25 Å
  Volume: 2157.07 Å³
Generating initial population (attempt 1/6)...
  Generated 5/10 candidates
  Generated 10/10 candidates
✓ Initial population generated (10 structures)

======================================================================
Starting GA iterations...
======================================================================


######################################################################
# GENERATION 1/10
######################################################################
Relaxing 10 unrelaxed candidates...
  🏆 New best: E = -8631.9040 eV (relaxation)
  🏆 New best: E = -8632.7572 eV (relaxation)
  🏆 New best: E = -8633.5200 eV (relaxation)
  🏆 New best: E = -8633.6475 eV (relaxation)
  Relaxed 5/10
  🏆 New best: E = -8634.4484 eV (relaxation)
  Relaxed 10/10
Generating 10 new candidates...
  Generated 5/10 candidates
  Generated 10/10 candidates

Generation 1 summary:
  Best: -8634.4484 eV
  Average: -8632.4350 eV
  Global best: -8634.4484 eV

######################################################################
# GENERATION 2/10
######################################################################
Relaxing 10 unrelaxed candidates...
  🏆 New best: E = -8635.5513 eV (relaxation)
  Relaxed 5/10
  Relaxed 10/10
Generating 10 new candidates...
  Generated 5/10 candidates
  Generated 10/10 candidates

Generation 2 summary:
  Best: -8635.5513 eV
  Average: -8634.0424 eV
  Global best: -8635.5513 eV

######################################################################
# GENERATION 3/10
######################################################################
Relaxing 9 unrelaxed candidates...
  Relaxed 5/9
  🏆 New best: E = -8637.5162 eV (relaxation)
  Relaxed 9/9
Generating 10 new candidates...
  Generated 5/10 candidates
  Generated 10/10 candidates

Generation 3 summary:
  Best: -8637.5162 eV
  Average: -8634.9483 eV
  Global best: -8637.5162 eV

######################################################################
# GENERATION 4/10
######################################################################
Relaxing 10 unrelaxed candidates...
  Relaxed 5/10
  🏆 New best: E = -8637.6258 eV (relaxation)
  Relaxed 10/10
Generating 10 new candidates...
  Generated 5/10 candidates
  Generated 10/10 candidates

Generation 4 summary:
  Best: -8637.6258 eV
  Average: -8635.8680 eV
  Global best: -8637.6258 eV

######################################################################
# GENERATION 5/10
######################################################################
Relaxing 10 unrelaxed candidates...
  Relaxed 5/10
  🏆 New best: E = -8638.3426 eV (relaxation)
  Relaxed 10/10
Generating 10 new candidates...
  Generated 5/10 candidates
  Generated 10/10 candidates

Generation 5 summary:
  Best: -8638.3426 eV
  Average: -8636.2912 eV
  Global best: -8638.3426 eV

######################################################################
# GENERATION 6/10
######################################################################
Relaxing 10 unrelaxed candidates...
  Relaxed 5/10
  Relaxed 10/10
Generating 10 new candidates...
  Generated 5/10 candidates
  Generated 10/10 candidates

Generation 6 summary:
  Best: -8638.3426 eV
  Average: -8636.6353 eV
  Global best: -8638.3426 eV

######################################################################
# GENERATION 7/10
######################################################################
Relaxing 10 unrelaxed candidates...
  Relaxed 5/10
  🏆 New best: E = -8641.7044 eV (relaxation)
  Relaxed 10/10
Generating 10 new candidates...
  Generated 5/10 candidates
  Generated 10/10 candidates

Generation 7 summary:
  Best: -8641.7044 eV
  Average: -8637.7479 eV
  Global best: -8641.7044 eV

######################################################################
# GENERATION 8/10
######################################################################
Relaxing 10 unrelaxed candidates...
  Relaxed 5/10
  Relaxed 10/10
Generating 10 new candidates...
  Generated 5/10 candidates
  Generated 10/10 candidates

Generation 8 summary:
  Best: -8641.7044 eV
  Average: -8638.1210 eV
  Global best: -8641.7044 eV

######################################################################
# GENERATION 9/10
######################################################################
Relaxing 10 unrelaxed candidates...
  Relaxed 5/10
  Relaxed 10/10
Generating 10 new candidates...
  Generated 5/10 candidates
  Generated 10/10 candidates

Generation 9 summary:
  Best: -8641.7044 eV
  Average: -8638.5440 eV
  Global best: -8641.7044 eV

######################################################################
# GENERATION 10/10
######################################################################
Relaxing 10 unrelaxed candidates...
  Relaxed 5/10
  Relaxed 10/10
Generating 10 new candidates...
  Generated 5/10 candidates
  Generated 10/10 candidates

Generation 10 summary:
  Best: -8641.7044 eV
  Average: -8640.0713 eV
  Global best: -8641.7044 eV

======================================================================
✅ GA COMPLETE
======================================================================
Metal: Au (40 atoms)
Slab: TiO2_anatase_001
Best energy: -8641.7044 eV (-216.0426 eV/atom)
Duration: 2.04 hours
Total structures: 99
Output: /DATA/user_scratch/jsh9967/5_uma_MSI/3_GA/runs_M40/Au_TiO2_anatase_001
======================================================================


======================================================================
✅ OPTIMIZATION COMPLETE: M40_Au_TiO2_anatase_001
======================================================================

✓ Completed: Au on TiO2_anatase_001

##################################################
# Processing: Au on TiO2_rutile_100
##################################################

======================================================================
🧬 GA OPTIMIZATION: M40
======================================================================
Configuration: M40_Au_TiO2_rutile_100
Metal: Au (40 atoms)
Slab: TiO2_rutile_100
Output: /DATA/user_scratch/jsh9967/5_uma_MSI/3_GA/runs_M40/Au_TiO2_rutile_100
Device: cuda
======================================================================


======================================================================
Loading UMA model from: /DATA/user_scratch/jsh9967/5_uma_MSI/utility/uma-s-1p1.pt
Device: cuda
======================================================================
✓ UMA model loaded successfully


======================================================================
Loading oxide slab: TiO2_rutile_100
======================================================================
✓ Slab loaded from: TiO2_rutile_100_large.traj
  Composition: O672Ti336
  Atoms: 1008 (504 fixed)
  Cell: 35.72 × 33.09 × 25.91 Å
  Miller: [1, 0, 0]

======================================================================
GA OPTIMIZATION: Au on TiO2_rutile_100
======================================================================
Metal atoms: 40
Population: 10
Generations: 10
======================================================================

✓ Placement box created:
  Origin: (7.14, 6.62, 13.01) Å
  X range: 7.14 - 28.58 Å
  Y range: 6.62 - 26.47 Å
  Z range: 13.01 - 18.01 Å
  Volume: 2127.69 Å³
✓ GA operators configured:
  Crossover prob: 0.7
  Mutation prob: 0.3
  Mutations: 2 types
✓ Placement box created:
  Origin: (7.14, 6.62, 13.01) Å
  X range: 7.14 - 28.58 Å
  Y range: 6.62 - 26.47 Å
  Z range: 13.01 - 18.01 Å
  Volume: 2127.69 Å³
Generating initial population (attempt 1/6)...
  Generated 5/10 candidates
  Generated 10/10 candidates
✓ Initial population generated (10 structures)

======================================================================
Starting GA iterations...
======================================================================


######################################################################
# GENERATION 1/10
######################################################################
Relaxing 10 unrelaxed candidates...
  🏆 New best: E = -8927.9004 eV (relaxation)
  🏆 New best: E = -8928.5039 eV (relaxation)
  🏆 New best: E = -8928.5626 eV (relaxation)
  🏆 New best: E = -8929.9924 eV (relaxation)
  Relaxed 5/10
  🏆 New best: E = -8930.1512 eV (relaxation)
  🏆 New best: E = -8930.3299 eV (relaxation)
  Relaxed 10/10
Generating 10 new candidates...
  Generated 5/10 candidates
  Generated 10/10 candidates

Generation 1 summary:
  Best: -8930.3299 eV
  Average: -8928.4104 eV
  Global best: -8930.3299 eV

######################################################################
# GENERATION 2/10
######################################################################
Relaxing 10 unrelaxed candidates...
  🏆 New best: E = -8934.1350 eV (relaxation)
  Relaxed 5/10
  Relaxed 10/10
Generating 10 new candidates...
  Generated 5/10 candidates
  Generated 10/10 candidates

Generation 2 summary:
  Best: -8934.1350 eV
  Average: -8930.3951 eV
  Global best: -8934.1350 eV

######################################################################
# GENERATION 3/10
######################################################################
Relaxing 10 unrelaxed candidates...
  Relaxed 5/10
  Relaxed 10/10
Generating 10 new candidates...
  Generated 5/10 candidates
  Generated 10/10 candidates

Generation 3 summary:
  Best: -8934.1350 eV
  Average: -8931.0331 eV
  Global best: -8934.1350 eV

######################################################################
# GENERATION 4/10
######################################################################
Relaxing 10 unrelaxed candidates...
  Relaxed 5/10
  Relaxed 10/10
Generating 10 new candidates...
  Generated 5/10 candidates
  Generated 10/10 candidates

Generation 4 summary:
  Best: -8934.1350 eV
  Average: -8931.0941 eV
  Global best: -8934.1350 eV

######################################################################
# GENERATION 5/10
######################################################################
Relaxing 10 unrelaxed candidates...
  Relaxed 5/10
  Relaxed 10/10
Generating 10 new candidates...
  Generated 5/10 candidates
  Generated 10/10 candidates

Generation 5 summary:
  Best: -8934.1350 eV
  Average: -8931.6774 eV
  Global best: -8934.1350 eV

######################################################################
# GENERATION 6/10
######################################################################
Relaxing 10 unrelaxed candidates...
  Relaxed 5/10
  Relaxed 10/10
Generating 10 new candidates...
  Generated 5/10 candidates
  Generated 10/10 candidates

Generation 6 summary:
  Best: -8934.1350 eV
  Average: -8932.0540 eV
  Global best: -8934.1350 eV

######################################################################
# GENERATION 7/10
######################################################################
Relaxing 10 unrelaxed candidates...
  Relaxed 5/10
  Relaxed 10/10
Generating 10 new candidates...
  Generated 5/10 candidates
  Generated 10/10 candidates

Generation 7 summary:
  Best: -8934.1350 eV
  Average: -8932.3316 eV
  Global best: -8934.1350 eV

######################################################################
# GENERATION 8/10
######################################################################
Relaxing 10 unrelaxed candidates...
  🏆 New best: E = -8940.8448 eV (relaxation)
  Relaxed 5/10
  Relaxed 10/10
Generating 10 new candidates...
  Generated 5/10 candidates
  Generated 10/10 candidates

Generation 8 summary:
  Best: -8940.8448 eV
  Average: -8933.4446 eV
  Global best: -8940.8448 eV

######################################################################
# GENERATION 9/10
######################################################################
Relaxing 10 unrelaxed candidates...
  Relaxed 5/10
  Relaxed 10/10
Generating 10 new candidates...
  Generated 5/10 candidates
  Generated 10/10 candidates

Generation 9 summary:
  Best: -8940.8448 eV
  Average: -8936.0751 eV
  Global best: -8940.8448 eV

######################################################################
# GENERATION 10/10
######################################################################
Relaxing 10 unrelaxed candidates...
  Relaxed 5/10
  Relaxed 10/10
Generating 10 new candidates...
  Generated 5/10 candidates
  Generated 10/10 candidates

Generation 10 summary:
  Best: -8940.8448 eV
  Average: -8937.5763 eV
  Global best: -8940.8448 eV

======================================================================
✅ GA COMPLETE
======================================================================
Metal: Au (40 atoms)
Slab: TiO2_rutile_100
Best energy: -8940.8448 eV (-223.5211 eV/atom)
Duration: 2.18 hours
Total structures: 100
Output: /DATA/user_scratch/jsh9967/5_uma_MSI/3_GA/runs_M40/Au_TiO2_rutile_100
======================================================================


======================================================================
✅ OPTIMIZATION COMPLETE: M40_Au_TiO2_rutile_100
======================================================================

✓ Completed: Au on TiO2_rutile_100

##################################################
# Processing: Au on ZnO_100
##################################################

======================================================================
🧬 GA OPTIMIZATION: M40
======================================================================
Configuration: M40_Au_ZnO_100
Metal: Au (40 atoms)
Slab: ZnO_100
Output: /DATA/user_scratch/jsh9967/5_uma_MSI/3_GA/runs_M40/Au_ZnO_100
Device: cuda
======================================================================


======================================================================
Loading UMA model from: /DATA/user_scratch/jsh9967/5_uma_MSI/utility/uma-s-1p1.pt
Device: cuda
======================================================================
✓ UMA model loaded successfully


======================================================================
Loading oxide slab: ZnO_100
======================================================================
✓ Slab loaded from: ZnO_100_large.traj
  Composition: O616Zn616
  Atoms: 1232 (616 fixed)
  Cell: 36.55 × 37.63 × 27.55 Å
  Miller: [1, 0, 0]

======================================================================
GA OPTIMIZATION: Au on ZnO_100
======================================================================
Metal atoms: 40
Population: 10
Generations: 10
======================================================================

✓ Placement box created:
  Origin: (7.31, 7.53, 14.67) Å
  X range: 7.31 - 29.24 Å
  Y range: 7.53 - 30.10 Å
  Z range: 14.67 - 19.67 Å
  Volume: 2475.65 Å³
✓ GA operators configured:
  Crossover prob: 0.7
  Mutation prob: 0.3
  Mutations: 2 types
✓ Placement box created:
  Origin: (7.31, 7.53, 14.67) Å
  X range: 7.31 - 29.24 Å
  Y range: 7.53 - 30.10 Å
  Z range: 14.67 - 19.67 Å
  Volume: 2475.65 Å³
Generating initial population (attempt 1/6)...
  Generated 5/10 candidates
  Generated 10/10 candidates
✓ Initial population generated (10 structures)

======================================================================
Starting GA iterations...
======================================================================


######################################################################
# GENERATION 1/10
######################################################################
Relaxing 10 unrelaxed candidates...
  🏆 New best: E = -5190.9025 eV (relaxation)
  🏆 New best: E = -5194.3260 eV (relaxation)
  🏆 New best: E = -5196.7463 eV (relaxation)
  Relaxed 5/10
  🏆 New best: E = -5199.5721 eV (relaxation)
  Relaxed 10/10
Generating 10 new candidates...
  Generated 5/10 candidates
  Generated 10/10 candidates

Generation 1 summary:
  Best: -5199.5721 eV
  Average: -5189.5554 eV
  Global best: -5199.5721 eV

######################################################################
# GENERATION 2/10
######################################################################
Relaxing 10 unrelaxed candidates...
  🏆 New best: E = -5206.1729 eV (relaxation)
  Relaxed 5/10
  Relaxed 10/10
Generating 10 new candidates...
  Generated 5/10 candidates

Generation 2 summary:
  Best: -5206.1729 eV
  Average: -5196.1085 eV
  Global best: -5206.1729 eV

######################################################################
# GENERATION 3/10
######################################################################
Relaxing 9 unrelaxed candidates...
  Relaxed 5/9
  Relaxed 9/9
Generating 10 new candidates...
  Generated 5/10 candidates
  Generated 10/10 candidates

Generation 3 summary:
  Best: -5206.1729 eV
  Average: -5202.0368 eV
  Global best: -5206.1729 eV

######################################################################
# GENERATION 4/10
######################################################################
Relaxing 10 unrelaxed candidates...
  Relaxed 5/10
  🏆 New best: E = -5206.4424 eV (relaxation)
  Relaxed 10/10
Generating 10 new candidates...
  Generated 5/10 candidates
  Generated 10/10 candidates

Generation 4 summary:
  Best: -5206.4424 eV
  Average: -5204.9961 eV
  Global best: -5206.4424 eV

######################################################################
# GENERATION 5/10
######################################################################
Relaxing 10 unrelaxed candidates...
  🏆 New best: E = -5206.5553 eV (relaxation)
  Relaxed 5/10
  Relaxed 10/10
Generating 10 new candidates...
  Generated 5/10 candidates
  Generated 10/10 candidates

Generation 5 summary:
  Best: -5206.5553 eV
  Average: -5205.5975 eV
  Global best: -5206.5553 eV

######################################################################
# GENERATION 6/10
######################################################################
Relaxing 10 unrelaxed candidates...
  Relaxed 5/10
  Relaxed 10/10
Generating 10 new candidates...
  Generated 5/10 candidates
  Generated 10/10 candidates

Generation 6 summary:
  Best: -5206.5553 eV
  Average: -5205.7098 eV
  Global best: -5206.5553 eV

######################################################################
# GENERATION 7/10
######################################################################
Relaxing 10 unrelaxed candidates...
  🏆 New best: E = -5208.9701 eV (relaxation)
  Relaxed 5/10
  Relaxed 10/10
Generating 10 new candidates...
  Generated 5/10 candidates
  Generated 10/10 candidates

Generation 7 summary:
  Best: -5208.9701 eV
  Average: -5206.1860 eV
  Global best: -5208.9701 eV

######################################################################
# GENERATION 8/10
######################################################################
Relaxing 10 unrelaxed candidates...
  Relaxed 5/10
  Relaxed 10/10
Generating 10 new candidates...
  Generated 5/10 candidates
  Generated 10/10 candidates

Generation 8 summary:
  Best: -5208.9701 eV
  Average: -5206.7359 eV
  Global best: -5208.9701 eV

######################################################################
# GENERATION 9/10
######################################################################
Relaxing 10 unrelaxed candidates...
  🏆 New best: E = -5214.8082 eV (relaxation)
  Relaxed 5/10
  🏆 New best: E = -5215.6924 eV (relaxation)
  Relaxed 10/10
Generating 10 new candidates...
  Generated 5/10 candidates
  Generated 10/10 candidates

Generation 9 summary:
  Best: -5215.6924 eV
  Average: -5208.7131 eV
  Global best: -5215.6924 eV

######################################################################
# GENERATION 10/10
######################################################################
Relaxing 10 unrelaxed candidates...
  🏆 New best: E = -5217.1046 eV (relaxation)
  🏆 New best: E = -5221.1098 eV (relaxation)
  🏆 New best: E = -5221.1853 eV (relaxation)
  Relaxed 5/10
  Relaxed 10/10
Generating 10 new candidates...
  Generated 10/10 candidates

Generation 10 summary:
  Best: -5221.1853 eV
  Average: -5212.0297 eV
  Global best: -5221.1853 eV

======================================================================
✅ GA COMPLETE
======================================================================
Metal: Au (40 atoms)
Slab: ZnO_100
Best energy: -5221.1853 eV (-130.5296 eV/atom)
Duration: 2.61 hours
Total structures: 99
Output: /DATA/user_scratch/jsh9967/5_uma_MSI/3_GA/runs_M40/Au_ZnO_100
======================================================================


======================================================================
✅ OPTIMIZATION COMPLETE: M40_Au_ZnO_100
======================================================================

✓ Completed: Au on ZnO_100

##################################################
# Processing: Au on ZrO2_100
##################################################

======================================================================
🧬 GA OPTIMIZATION: M40
======================================================================
Configuration: M40_Au_ZrO2_100
Metal: Au (40 atoms)
Slab: ZrO2_100
Output: /DATA/user_scratch/jsh9967/5_uma_MSI/3_GA/runs_M40/Au_ZrO2_100
Device: cuda
======================================================================


======================================================================
Loading UMA model from: /DATA/user_scratch/jsh9967/5_uma_MSI/utility/uma-s-1p1.pt
Device: cuda
======================================================================
✓ UMA model loaded successfully


======================================================================
Loading oxide slab: ZrO2_100
======================================================================
✓ Slab loaded from: ZrO2_100_large.traj
  Composition: O360Zr360
  Atoms: 720 (270 fixed)
  Cell: 36.39 × 34.04 × 28.43 Å
  Miller: [1, 0, 0]

======================================================================
GA OPTIMIZATION: Au on ZrO2_100
======================================================================
Metal atoms: 40
Population: 10
Generations: 10
======================================================================

✓ Placement box created:
  Origin: (7.28, 6.79, 15.23) Å
  X range: 7.28 - 29.11 Å
  Y range: 6.79 - 27.21 Å
  Z range: 15.23 - 20.23 Å
  Volume: 2229.51 Å³
✓ GA operators configured:
  Crossover prob: 0.7
  Mutation prob: 0.3
  Mutations: 2 types
✓ Placement box created:
  Origin: (7.28, 6.79, 15.23) Å
  X range: 7.28 - 29.11 Å
  Y range: 6.79 - 27.21 Å
  Z range: 15.23 - 20.23 Å
  Volume: 2229.51 Å³
Generating initial population (attempt 1/6)...
  Generated 5/10 candidates
  Generated 10/10 candidates
✓ Initial population generated (10 structures)

======================================================================
Starting GA iterations...
======================================================================


######################################################################
# GENERATION 1/10
######################################################################
Relaxing 10 unrelaxed candidates...
  🏆 New best: E = -6389.1078 eV (relaxation)
  🏆 New best: E = -6399.1277 eV (relaxation)
  Relaxed 5/10
  🏆 New best: E = -6401.8246 eV (relaxation)
  Relaxed 10/10
Generating 10 new candidates...
  Generated 5/10 candidates
  Generated 10/10 candidates

Generation 1 summary:
  Best: -6401.8246 eV
  Average: -6393.0334 eV
  Global best: -6401.8246 eV

######################################################################
# GENERATION 2/10
######################################################################
Relaxing 10 unrelaxed candidates...
  🏆 New best: E = -6405.6823 eV (relaxation)
  Relaxed 5/10
  🏆 New best: E = -6410.1382 eV (relaxation)
  Relaxed 10/10
Generating 10 new candidates...

Generation 2 summary:
  Best: -6410.1382 eV
  Average: -6402.8048 eV
  Global best: -6410.1382 eV

######################################################################
# GENERATION 3/10
######################################################################
Relaxing 3 unrelaxed candidates...
  🏆 New best: E = -6414.4389 eV (relaxation)
  Relaxed 3/3
Generating 10 new candidates...

Generation 3 summary:
  Best: -6414.4389 eV
  Average: -6405.6653 eV
  Global best: -6414.4389 eV

######################################################################
# GENERATION 4/10
######################################################################
Relaxing 1 unrelaxed candidates...
  Relaxed 1/1
Generating 10 new candidates...

Generation 4 summary:
  Best: -6414.4389 eV
  Average: -6405.9464 eV
  Global best: -6414.4389 eV

######################################################################
# GENERATION 5/10
######################################################################
Generating 10 new candidates...

Generation 5 summary:
  Best: -6414.4389 eV
  Average: -6405.9464 eV
  Global best: -6414.4389 eV

######################################################################
# GENERATION 6/10
######################################################################
Relaxing 1 unrelaxed candidates...
  Relaxed 1/1
Generating 10 new candidates...

Generation 6 summary:
  Best: -6414.4389 eV
  Average: -6407.0450 eV
  Global best: -6414.4389 eV

######################################################################
# GENERATION 7/10
######################################################################
Relaxing 1 unrelaxed candidates...
  🏆 New best: E = -6415.6593 eV (relaxation)
  Relaxed 1/1
Generating 10 new candidates...

Generation 7 summary:
  Best: -6415.6593 eV
  Average: -6408.4285 eV
  Global best: -6415.6593 eV

######################################################################
# GENERATION 8/10
######################################################################
Generating 10 new candidates...

Generation 8 summary:
  Best: -6415.6593 eV
  Average: -6408.4285 eV
  Global best: -6415.6593 eV

######################################################################
# GENERATION 9/10
######################################################################
Relaxing 1 unrelaxed candidates...
  Relaxed 1/1
Generating 10 new candidates...
  Generated 5/10 candidates

Generation 9 summary:
  Best: -6415.6593 eV
  Average: -6408.7160 eV
  Global best: -6415.6593 eV

######################################################################
# GENERATION 10/10
######################################################################
Relaxing 2 unrelaxed candidates...
  Relaxed 2/2
Generating 10 new candidates...

Generation 10 summary:
  Best: -6415.6593 eV
  Average: -6410.6662 eV
  Global best: -6415.6593 eV

======================================================================
✅ GA COMPLETE
======================================================================
Metal: Au (40 atoms)
Slab: ZrO2_100
Best energy: -6415.6593 eV (-160.3915 eV/atom)
Duration: 0.49 hours
Total structures: 29
Output: /DATA/user_scratch/jsh9967/5_uma_MSI/3_GA/runs_M40/Au_ZrO2_100
======================================================================


======================================================================
✅ OPTIMIZATION COMPLETE: M40_Au_ZrO2_100
======================================================================

✓ Completed: Au on ZrO2_100

==========================================
CAMPAIGN COMPLETE: Au
==========================================
Completed: 10/10
Failed: 0/10
End: Thu Nov 27 09:18:47 AM KST 2025
==========================================
