==========================================
GA METAL CAMPAIGN: Rh
==========================================
Metal: Rh (40 atoms)
Slabs: 10 oxides
Job ID: 27627
Node: n012.hpc
Start: Wed Nov 26 05:07:54 PM KST 2025
==========================================

##################################################
# Processing: Rh on Al2O3_001
##################################################

======================================================================
🧬 GA OPTIMIZATION: M40
======================================================================
Configuration: M40_Rh_Al2O3_001
Metal: Rh (40 atoms)
Slab: Al2O3_001
Output: /DATA/user_scratch/jsh9967/5_uma_MSI/3_GA/runs_M40/Rh_Al2O3_001
Device: cuda
======================================================================


======================================================================
Loading UMA model from: /DATA/user_scratch/jsh9967/5_uma_MSI/utility/uma-s-1p1.pt
Device: cuda
======================================================================
✓ UMA model loaded successfully


======================================================================
Loading oxide slab: Al2O3_001
======================================================================
✓ Slab loaded from: Al2O3_001_large.traj
  Composition: Al588O882
  Atoms: 1470 (811 fixed)
  Cell: 33.95 × 33.95 × 29.44 Å
  Miller: [0, 0, 1]

======================================================================
GA OPTIMIZATION: Rh on Al2O3_001
======================================================================
Metal atoms: 40
Population: 10
Generations: 10
======================================================================

✓ Placement box created:
  Origin: (6.79, 5.88, 16.52) Å
  X range: 6.79 - 27.16 Å
  Y range: 5.88 - 26.25 Å
  Z range: 16.52 - 21.52 Å
  Volume: 2075.15 Å³
✓ GA operators configured:
  Crossover prob: 0.7
  Mutation prob: 0.3
  Mutations: 2 types
✓ Placement box created:
  Origin: (6.79, 5.88, 16.52) Å
  X range: 6.79 - 27.16 Å
  Y range: 5.88 - 26.25 Å
  Z range: 16.52 - 21.52 Å
  Volume: 2075.15 Å³
Generating initial population (attempt 1/6)...
  Generated 5/10 candidates
  Generated 10/10 candidates
✓ Initial population generated (10 structures)

======================================================================
Starting GA iterations...
======================================================================


######################################################################
# GENERATION 1/10
######################################################################
Relaxing 10 unrelaxed candidates...
  🏆 New best: E = -10550.2836 eV (relaxation)
  🏆 New best: E = -10559.4880 eV (relaxation)
  Relaxed 5/10
  🏆 New best: E = -10562.9741 eV (relaxation)
  Relaxed 10/10
Generating 10 new candidates...
  Generated 5/10 candidates
  Generated 10/10 candidates

Generation 1 summary:
  Best: -10562.9741 eV
  Average: -10553.5965 eV
  Global best: -10562.9741 eV

######################################################################
# GENERATION 2/10
######################################################################
Relaxing 10 unrelaxed candidates...
  🏆 New best: E = -10564.5709 eV (relaxation)
  Relaxed 5/10
  🏆 New best: E = -10565.2918 eV (relaxation)
  🏆 New best: E = -10566.1258 eV (relaxation)
  Relaxed 10/10
Generating 10 new candidates...
  Generated 5/10 candidates
  Generated 10/10 candidates

Generation 2 summary:
  Best: -10566.1258 eV
  Average: -10562.3841 eV
  Global best: -10566.1258 eV

######################################################################
# GENERATION 3/10
######################################################################
Relaxing 10 unrelaxed candidates...
  🏆 New best: E = -10569.9422 eV (relaxation)
  Relaxed 5/10
  Relaxed 10/10
Generating 10 new candidates...
  Generated 5/10 candidates
  Generated 10/10 candidates

Generation 3 summary:
  Best: -10569.9422 eV
  Average: -10566.1433 eV
  Global best: -10569.9422 eV

######################################################################
# GENERATION 4/10
######################################################################
Relaxing 10 unrelaxed candidates...
  🏆 New best: E = -10571.0737 eV (relaxation)
  Relaxed 5/10
  🏆 New best: E = -10571.5948 eV (relaxation)
  Relaxed 10/10
Generating 10 new candidates...
  Generated 5/10 candidates
  Generated 10/10 candidates

Generation 4 summary:
  Best: -10571.5948 eV
  Average: -10568.7231 eV
  Global best: -10571.5948 eV

######################################################################
# GENERATION 5/10
######################################################################
Relaxing 10 unrelaxed candidates...
  Relaxed 5/10
  Relaxed 10/10
Generating 10 new candidates...
  Generated 5/10 candidates
  Generated 10/10 candidates

Generation 5 summary:
  Best: -10571.5948 eV
  Average: -10569.7656 eV
  Global best: -10571.5948 eV

######################################################################
# GENERATION 6/10
######################################################################
Relaxing 10 unrelaxed candidates...
  Relaxed 5/10
  🏆 New best: E = -10573.0662 eV (relaxation)
  Relaxed 10/10
Generating 10 new candidates...
  Generated 5/10 candidates
  Generated 10/10 candidates

Generation 6 summary:
  Best: -10573.0662 eV
  Average: -10570.5447 eV
  Global best: -10573.0662 eV

######################################################################
# GENERATION 7/10
######################################################################
Relaxing 10 unrelaxed candidates...
  🏆 New best: E = -10573.6601 eV (relaxation)
  Relaxed 5/10
  Relaxed 10/10
Generating 10 new candidates...
  Generated 5/10 candidates
  Generated 10/10 candidates

Generation 7 summary:
  Best: -10573.6601 eV
  Average: -10571.4806 eV
  Global best: -10573.6601 eV

######################################################################
# GENERATION 8/10
######################################################################
Relaxing 10 unrelaxed candidates...
  🏆 New best: E = -10575.1613 eV (relaxation)
  Relaxed 5/10
  Relaxed 10/10
Generating 10 new candidates...
  Generated 5/10 candidates
  Generated 10/10 candidates

Generation 8 summary:
  Best: -10575.1613 eV
  Average: -10573.5968 eV
  Global best: -10575.1613 eV

######################################################################
# GENERATION 9/10
######################################################################
Relaxing 10 unrelaxed candidates...
  Relaxed 5/10
  Relaxed 10/10
Generating 10 new candidates...
  Generated 5/10 candidates
  Generated 10/10 candidates

Generation 9 summary:
  Best: -10575.1613 eV
  Average: -10573.7735 eV
  Global best: -10575.1613 eV

######################################################################
# GENERATION 10/10
######################################################################
Relaxing 10 unrelaxed candidates...
  Relaxed 5/10
  Relaxed 10/10
Generating 10 new candidates...
  Generated 5/10 candidates
  Generated 10/10 candidates

Generation 10 summary:
  Best: -10575.1613 eV
  Average: -10573.8003 eV
  Global best: -10575.1613 eV

======================================================================
✅ GA COMPLETE
======================================================================
Metal: Rh (40 atoms)
Slab: Al2O3_001
Best energy: -10575.1613 eV (-264.3790 eV/atom)
Duration: 3.88 hours
Total structures: 100
Output: /DATA/user_scratch/jsh9967/5_uma_MSI/3_GA/runs_M40/Rh_Al2O3_001
======================================================================


======================================================================
✅ OPTIMIZATION COMPLETE: M40_Rh_Al2O3_001
======================================================================

✓ Completed: Rh on Al2O3_001

##################################################
# Processing: Rh on CaO_100
##################################################

======================================================================
🧬 GA OPTIMIZATION: M40
======================================================================
Configuration: M40_Rh_CaO_100
Metal: Rh (40 atoms)
Slab: CaO_100
Output: /DATA/user_scratch/jsh9967/5_uma_MSI/3_GA/runs_M40/Rh_CaO_100
Device: cuda
======================================================================


======================================================================
Loading UMA model from: /DATA/user_scratch/jsh9967/5_uma_MSI/utility/uma-s-1p1.pt
Device: cuda
======================================================================
✓ UMA model loaded successfully


======================================================================
Loading oxide slab: CaO_100
======================================================================
✓ Slab loaded from: CaO_100_large.traj
  Composition: Ca400O400
  Atoms: 800 (400 fixed)
  Cell: 34.57 × 34.57 × 24.33 Å
  Miller: [1, 0, 0]

======================================================================
GA OPTIMIZATION: Rh on CaO_100
======================================================================
Metal atoms: 40
Population: 10
Generations: 10
======================================================================

✓ Placement box created:
  Origin: (6.91, 6.91, 11.31) Å
  X range: 6.91 - 27.66 Å
  Y range: 6.91 - 27.66 Å
  Z range: 11.31 - 16.31 Å
  Volume: 2151.07 Å³
✓ GA operators configured:
  Crossover prob: 0.7
  Mutation prob: 0.3
  Mutations: 2 types
✓ Placement box created:
  Origin: (6.91, 6.91, 11.31) Å
  X range: 6.91 - 27.66 Å
  Y range: 6.91 - 27.66 Å
  Z range: 11.31 - 16.31 Å
  Volume: 2151.07 Å³
Generating initial population (attempt 1/6)...
  Generated 5/10 candidates
  Generated 10/10 candidates
✓ Initial population generated (10 structures)

======================================================================
Starting GA iterations...
======================================================================


######################################################################
# GENERATION 1/10
######################################################################
Relaxing 10 unrelaxed candidates...
  🏆 New best: E = -5238.3500 eV (relaxation)
  🏆 New best: E = -5241.9334 eV (relaxation)
  🏆 New best: E = -5246.7672 eV (relaxation)
  Relaxed 5/10
  🏆 New best: E = -5247.5255 eV (relaxation)
  🏆 New best: E = -5247.9377 eV (relaxation)
  Relaxed 10/10
Generating 10 new candidates...
  Generated 5/10 candidates
  Generated 10/10 candidates

Generation 1 summary:
  Best: -5247.9377 eV
  Average: -5243.0472 eV
  Global best: -5247.9377 eV

######################################################################
# GENERATION 2/10
######################################################################
Relaxing 10 unrelaxed candidates...
  🏆 New best: E = -5254.6271 eV (relaxation)
  Relaxed 5/10
  🏆 New best: E = -5256.4001 eV (relaxation)
  Relaxed 10/10
Generating 10 new candidates...
  Generated 5/10 candidates
  Generated 10/10 candidates

Generation 2 summary:
  Best: -5256.4001 eV
  Average: -5249.4270 eV
  Global best: -5256.4001 eV

######################################################################
# GENERATION 3/10
######################################################################
Relaxing 10 unrelaxed candidates...
  🏆 New best: E = -5256.7608 eV (relaxation)
  Relaxed 5/10
  🏆 New best: E = -5258.3001 eV (relaxation)
  Relaxed 10/10
Generating 10 new candidates...
  Generated 5/10 candidates
  Generated 10/10 candidates

Generation 3 summary:
  Best: -5258.3001 eV
  Average: -5254.8667 eV
  Global best: -5258.3001 eV

######################################################################
# GENERATION 4/10
######################################################################
Relaxing 10 unrelaxed candidates...
  🏆 New best: E = -5260.4350 eV (relaxation)
  Relaxed 5/10
  Relaxed 10/10
Generating 10 new candidates...
  Generated 5/10 candidates
  Generated 10/10 candidates

Generation 4 summary:
  Best: -5260.4350 eV
  Average: -5256.7472 eV
  Global best: -5260.4350 eV

######################################################################
# GENERATION 5/10
######################################################################
Relaxing 10 unrelaxed candidates...
  Relaxed 5/10
  Relaxed 10/10
Generating 10 new candidates...
  Generated 5/10 candidates
  Generated 10/10 candidates

Generation 5 summary:
  Best: -5260.4350 eV
  Average: -5258.6519 eV
  Global best: -5260.4350 eV

######################################################################
# GENERATION 6/10
######################################################################
Relaxing 10 unrelaxed candidates...
  Relaxed 5/10
  Relaxed 10/10
Generating 10 new candidates...
  Generated 5/10 candidates
  Generated 10/10 candidates

Generation 6 summary:
  Best: -5260.4350 eV
  Average: -5258.8891 eV
  Global best: -5260.4350 eV

######################################################################
# GENERATION 7/10
######################################################################
Relaxing 10 unrelaxed candidates...
  Relaxed 5/10
  Relaxed 10/10
Generating 10 new candidates...
  Generated 5/10 candidates
  Generated 10/10 candidates

Generation 7 summary:
  Best: -5260.4350 eV
  Average: -5259.2080 eV
  Global best: -5260.4350 eV

######################################################################
# GENERATION 8/10
######################################################################
Relaxing 10 unrelaxed candidates...
  Relaxed 5/10
  Relaxed 10/10
Generating 10 new candidates...
  Generated 5/10 candidates
  Generated 10/10 candidates

Generation 8 summary:
  Best: -5260.4350 eV
  Average: -5259.2141 eV
  Global best: -5260.4350 eV

######################################################################
# GENERATION 9/10
######################################################################
Relaxing 10 unrelaxed candidates...
  Relaxed 5/10
  Relaxed 10/10
Generating 10 new candidates...
  Generated 5/10 candidates
  Generated 10/10 candidates

Generation 9 summary:
  Best: -5260.4350 eV
  Average: -5259.3325 eV
  Global best: -5260.4350 eV

######################################################################
# GENERATION 10/10
######################################################################
Relaxing 10 unrelaxed candidates...
  Relaxed 5/10
  🏆 New best: E = -5260.6580 eV (relaxation)
  Relaxed 10/10
Generating 10 new candidates...
  Generated 5/10 candidates
  Generated 10/10 candidates

Generation 10 summary:
  Best: -5260.6580 eV
  Average: -5259.5246 eV
  Global best: -5260.6580 eV

======================================================================
✅ GA COMPLETE
======================================================================
Metal: Rh (40 atoms)
Slab: CaO_100
Best energy: -5260.6580 eV (-131.5164 eV/atom)
Duration: 1.18 hours
Total structures: 100
Output: /DATA/user_scratch/jsh9967/5_uma_MSI/3_GA/runs_M40/Rh_CaO_100
======================================================================


======================================================================
✅ OPTIMIZATION COMPLETE: M40_Rh_CaO_100
======================================================================

✓ Completed: Rh on CaO_100

##################################################
# Processing: Rh on CeO2_111
##################################################

======================================================================
🧬 GA OPTIMIZATION: M40
======================================================================
Configuration: M40_Rh_CeO2_111
Metal: Rh (40 atoms)
Slab: CeO2_111
Output: /DATA/user_scratch/jsh9967/5_uma_MSI/3_GA/runs_M40/Rh_CeO2_111
Device: cuda
======================================================================


======================================================================
Loading UMA model from: /DATA/user_scratch/jsh9967/5_uma_MSI/utility/uma-s-1p1.pt
Device: cuda
======================================================================
✓ UMA model loaded successfully


======================================================================
Loading oxide slab: CeO2_111
======================================================================
✓ Slab loaded from: CeO2_111_large.traj
  Composition: Ce243O486
  Atoms: 729 (364 fixed)
  Cell: 34.87 × 34.87 × 24.91 Å
  Miller: [1, 1, 1]

======================================================================
GA OPTIMIZATION: Rh on CeO2_111
======================================================================
Metal atoms: 40
Population: 10
Generations: 10
======================================================================

✓ Placement box created:
  Origin: (6.97, 6.04, 11.97) Å
  X range: 6.97 - 27.90 Å
  Y range: 6.04 - 26.96 Å
  Z range: 11.97 - 16.97 Å
  Volume: 2189.01 Å³
✓ GA operators configured:
  Crossover prob: 0.7
  Mutation prob: 0.3
  Mutations: 2 types
✓ Placement box created:
  Origin: (6.97, 6.04, 11.97) Å
  X range: 6.97 - 27.90 Å
  Y range: 6.04 - 26.96 Å
  Z range: 11.97 - 16.97 Å
  Volume: 2189.01 Å³
Generating initial population (attempt 1/6)...
  Generated 5/10 candidates
  Generated 10/10 candidates
✓ Initial population generated (10 structures)

======================================================================
Starting GA iterations...
======================================================================


######################################################################
# GENERATION 1/10
######################################################################
Relaxing 10 unrelaxed candidates...
  🏆 New best: E = -6519.4393 eV (relaxation)
  🏆 New best: E = -6522.8188 eV (relaxation)
  Relaxed 5/10
  Relaxed 10/10
Generating 10 new candidates...
  Generated 5/10 candidates
  Generated 10/10 candidates

Generation 1 summary:
  Best: -6522.8188 eV
  Average: -6518.3423 eV
  Global best: -6522.8188 eV

######################################################################
# GENERATION 2/10
######################################################################
Relaxing 10 unrelaxed candidates...
  🏆 New best: E = -6525.2942 eV (relaxation)
  Relaxed 5/10
  🏆 New best: E = -6527.0651 eV (relaxation)
  Relaxed 10/10
Generating 10 new candidates...
  Generated 5/10 candidates
  Generated 10/10 candidates

Generation 2 summary:
  Best: -6527.0651 eV
  Average: -6523.1068 eV
  Global best: -6527.0651 eV

######################################################################
# GENERATION 3/10
######################################################################
Relaxing 10 unrelaxed candidates...
  🏆 New best: E = -6527.5810 eV (relaxation)
  🏆 New best: E = -6528.7753 eV (relaxation)
  Relaxed 5/10
  Relaxed 10/10
Generating 10 new candidates...
  Generated 5/10 candidates
  Generated 10/10 candidates

Generation 3 summary:
  Best: -6528.7753 eV
  Average: -6526.7976 eV
  Global best: -6528.7753 eV

######################################################################
# GENERATION 4/10
######################################################################
Relaxing 10 unrelaxed candidates...
  🏆 New best: E = -6530.6634 eV (relaxation)
  Relaxed 5/10
  Relaxed 10/10
Generating 10 new candidates...
  Generated 5/10 candidates
  Generated 10/10 candidates

Generation 4 summary:
  Best: -6530.6634 eV
  Average: -6528.3258 eV
  Global best: -6530.6634 eV

######################################################################
# GENERATION 5/10
######################################################################
Relaxing 10 unrelaxed candidates...
  Relaxed 5/10
  Relaxed 10/10
Generating 10 new candidates...
  Generated 5/10 candidates
  Generated 10/10 candidates

Generation 5 summary:
  Best: -6530.6634 eV
  Average: -6529.4915 eV
  Global best: -6530.6634 eV

######################################################################
# GENERATION 6/10
######################################################################
Relaxing 9 unrelaxed candidates...
  🏆 New best: E = -6532.1660 eV (relaxation)
  Relaxed 5/9
  Relaxed 9/9
Generating 10 new candidates...
  Generated 5/10 candidates
  Generated 10/10 candidates

Generation 6 summary:
  Best: -6532.1660 eV
  Average: -6530.0205 eV
  Global best: -6532.1660 eV

######################################################################
# GENERATION 7/10
######################################################################
Relaxing 10 unrelaxed candidates...
  Relaxed 5/10
  Relaxed 10/10
Generating 10 new candidates...
  Generated 5/10 candidates
  Generated 10/10 candidates

Generation 7 summary:
  Best: -6532.1660 eV
  Average: -6530.3983 eV
  Global best: -6532.1660 eV

######################################################################
# GENERATION 8/10
######################################################################
Relaxing 10 unrelaxed candidates...
  Relaxed 5/10
  Relaxed 10/10
Generating 10 new candidates...
  Generated 5/10 candidates
  Generated 10/10 candidates

Generation 8 summary:
  Best: -6532.1660 eV
  Average: -6530.4922 eV
  Global best: -6532.1660 eV

######################################################################
# GENERATION 9/10
######################################################################
Relaxing 10 unrelaxed candidates...
  Relaxed 5/10
  Relaxed 10/10
Generating 10 new candidates...
  Generated 5/10 candidates
  Generated 10/10 candidates

Generation 9 summary:
  Best: -6532.1660 eV
  Average: -6530.5971 eV
  Global best: -6532.1660 eV

######################################################################
# GENERATION 10/10
######################################################################
Relaxing 10 unrelaxed candidates...
  Relaxed 5/10
  Relaxed 10/10
Generating 10 new candidates...
  Generated 5/10 candidates
  Generated 10/10 candidates

Generation 10 summary:
  Best: -6532.1660 eV
  Average: -6530.6404 eV
  Global best: -6532.1660 eV

======================================================================
✅ GA COMPLETE
======================================================================
Metal: Rh (40 atoms)
Slab: CeO2_111
Best energy: -6532.1660 eV (-163.3041 eV/atom)
Duration: 0.86 hours
Total structures: 99
Output: /DATA/user_scratch/jsh9967/5_uma_MSI/3_GA/runs_M40/Rh_CeO2_111
======================================================================


======================================================================
✅ OPTIMIZATION COMPLETE: M40_Rh_CeO2_111
======================================================================

✓ Completed: Rh on CeO2_111

##################################################
# Processing: Rh on MgO_100
##################################################

======================================================================
🧬 GA OPTIMIZATION: M40
======================================================================
Configuration: M40_Rh_MgO_100
Metal: Rh (40 atoms)
Slab: MgO_100
Output: /DATA/user_scratch/jsh9967/5_uma_MSI/3_GA/runs_M40/Rh_MgO_100
Device: cuda
======================================================================


======================================================================
Loading UMA model from: /DATA/user_scratch/jsh9967/5_uma_MSI/utility/uma-s-1p1.pt
Device: cuda
======================================================================
✓ UMA model loaded successfully


======================================================================
Loading oxide slab: MgO_100
======================================================================
✓ Slab loaded from: MgO_100_large.traj
  Composition: Mg484O484
  Atoms: 968 (484 fixed)
  Cell: 33.62 × 33.62 × 23.48 Å
  Miller: [1, 0, 0]

======================================================================
GA OPTIMIZATION: Rh on MgO_100
======================================================================
Metal atoms: 40
Population: 10
Generations: 10
======================================================================

✓ Placement box created:
  Origin: (6.72, 6.72, 10.48) Å
  X range: 6.72 - 26.90 Å
  Y range: 6.72 - 26.90 Å
  Z range: 10.48 - 15.48 Å
  Volume: 2035.07 Å³
✓ GA operators configured:
  Crossover prob: 0.7
  Mutation prob: 0.3
  Mutations: 2 types
✓ Placement box created:
  Origin: (6.72, 6.72, 10.48) Å
  X range: 6.72 - 26.90 Å
  Y range: 6.72 - 26.90 Å
  Z range: 10.48 - 15.48 Å
  Volume: 2035.07 Å³
Generating initial population (attempt 1/6)...
  Generated 5/10 candidates
  Generated 10/10 candidates
✓ Initial population generated (10 structures)

======================================================================
Starting GA iterations...
======================================================================


######################################################################
# GENERATION 1/10
######################################################################
Relaxing 10 unrelaxed candidates...
  🏆 New best: E = -5827.0378 eV (relaxation)
  Relaxed 5/10
  🏆 New best: E = -5839.9602 eV (relaxation)
  Relaxed 10/10
Generating 10 new candidates...
  Generated 5/10 candidates
  Generated 10/10 candidates

Generation 1 summary:
  Best: -5839.9602 eV
  Average: -5825.6463 eV
  Global best: -5839.9602 eV

######################################################################
# GENERATION 2/10
######################################################################
Relaxing 10 unrelaxed candidates...
  Relaxed 5/10
  Relaxed 10/10
Generating 10 new candidates...
  Generated 5/10 candidates
  Generated 10/10 candidates

Generation 2 summary:
  Best: -5839.9602 eV
  Average: -5831.3271 eV
  Global best: -5839.9602 eV

######################################################################
# GENERATION 3/10
######################################################################
Relaxing 10 unrelaxed candidates...
  Relaxed 5/10
  Relaxed 10/10
Generating 10 new candidates...
  Generated 5/10 candidates
  Generated 10/10 candidates

Generation 3 summary:
  Best: -5839.9602 eV
  Average: -5837.1420 eV
  Global best: -5839.9602 eV

######################################################################
# GENERATION 4/10
######################################################################
Relaxing 10 unrelaxed candidates...
  Relaxed 5/10
  Relaxed 10/10
Generating 10 new candidates...
  Generated 5/10 candidates
  Generated 10/10 candidates

Generation 4 summary:
  Best: -5839.9602 eV
  Average: -5838.5033 eV
  Global best: -5839.9602 eV

######################################################################
# GENERATION 5/10
######################################################################
Relaxing 10 unrelaxed candidates...
  Relaxed 5/10
  🏆 New best: E = -5840.3616 eV (relaxation)
  Relaxed 10/10
Generating 10 new candidates...
  Generated 5/10 candidates
  Generated 10/10 candidates

Generation 5 summary:
  Best: -5840.3616 eV
  Average: -5839.0696 eV
  Global best: -5840.3616 eV

######################################################################
# GENERATION 6/10
######################################################################
Relaxing 10 unrelaxed candidates...
  Relaxed 5/10
  Relaxed 10/10
Generating 10 new candidates...
  Generated 5/10 candidates
  Generated 10/10 candidates

Generation 6 summary:
  Best: -5840.3616 eV
  Average: -5839.1945 eV
  Global best: -5840.3616 eV

######################################################################
# GENERATION 7/10
######################################################################
Relaxing 10 unrelaxed candidates...
  Relaxed 5/10
  🏆 New best: E = -5841.2855 eV (relaxation)
  Relaxed 10/10
Generating 10 new candidates...
  Generated 5/10 candidates
  Generated 10/10 candidates

Generation 7 summary:
  Best: -5841.2855 eV
  Average: -5839.7791 eV
  Global best: -5841.2855 eV

######################################################################
# GENERATION 8/10
######################################################################
Relaxing 10 unrelaxed candidates...
  Relaxed 5/10
  Relaxed 10/10
Generating 10 new candidates...
  Generated 5/10 candidates
  Generated 10/10 candidates

Generation 8 summary:
  Best: -5841.2855 eV
  Average: -5840.0353 eV
  Global best: -5841.2855 eV

######################################################################
# GENERATION 9/10
######################################################################
Relaxing 10 unrelaxed candidates...
  Relaxed 5/10
  Relaxed 10/10
Generating 10 new candidates...
  Generated 5/10 candidates
  Generated 10/10 candidates

Generation 9 summary:
  Best: -5841.2855 eV
  Average: -5840.5217 eV
  Global best: -5841.2855 eV

######################################################################
# GENERATION 10/10
######################################################################
Relaxing 10 unrelaxed candidates...
  🏆 New best: E = -5841.6352 eV (relaxation)
  Relaxed 5/10
  🏆 New best: E = -5842.9526 eV (relaxation)
  Relaxed 10/10
Generating 10 new candidates...
  Generated 5/10 candidates
  Generated 10/10 candidates

Generation 10 summary:
  Best: -5842.9526 eV
  Average: -5841.1355 eV
  Global best: -5842.9526 eV

======================================================================
✅ GA COMPLETE
======================================================================
Metal: Rh (40 atoms)
Slab: MgO_100
Best energy: -5842.9526 eV (-146.0738 eV/atom)
Duration: 1.76 hours
Total structures: 100
Output: /DATA/user_scratch/jsh9967/5_uma_MSI/3_GA/runs_M40/Rh_MgO_100
======================================================================


======================================================================
✅ OPTIMIZATION COMPLETE: M40_Rh_MgO_100
======================================================================

✓ Completed: Rh on MgO_100

##################################################
# Processing: Rh on SiO2_101
##################################################

======================================================================
🧬 GA OPTIMIZATION: M40
======================================================================
Configuration: M40_Rh_SiO2_101
Metal: Rh (40 atoms)
Slab: SiO2_101
Output: /DATA/user_scratch/jsh9967/5_uma_MSI/3_GA/runs_M40/Rh_SiO2_101
Device: cuda
======================================================================


======================================================================
Loading UMA model from: /DATA/user_scratch/jsh9967/5_uma_MSI/utility/uma-s-1p1.pt
Device: cuda
======================================================================
✓ UMA model loaded successfully


======================================================================
Loading oxide slab: SiO2_101
======================================================================
✓ Slab loaded from: SiO2_101_large.traj
  Composition: O630Si315
  Atoms: 945 (438 fixed)
  Cell: 36.09 × 38.03 × 31.88 Å
  Miller: [1, 0, 1]

======================================================================
GA OPTIMIZATION: Rh on SiO2_101
======================================================================
Metal atoms: 40
Population: 10
Generations: 10
======================================================================

✓ Placement box created:
  Origin: (7.19, 7.11, 18.94) Å
  X range: 7.19 - 28.85 Å
  Y range: 7.11 - 29.93 Å
  Z range: 18.94 - 23.94 Å
  Volume: 2470.64 Å³
✓ GA operators configured:
  Crossover prob: 0.7
  Mutation prob: 0.3
  Mutations: 2 types
✓ Placement box created:
  Origin: (7.19, 7.11, 18.94) Å
  X range: 7.19 - 28.85 Å
  Y range: 7.11 - 29.93 Å
  Z range: 18.94 - 23.94 Å
  Volume: 2470.64 Å³
Generating initial population (attempt 1/6)...
  Generated 5/10 candidates
  Generated 10/10 candidates
✓ Initial population generated (10 structures)

======================================================================
Starting GA iterations...
======================================================================


######################################################################
# GENERATION 1/10
######################################################################
Relaxing 10 unrelaxed candidates...
  🏆 New best: E = -7246.1824 eV (relaxation)
  🏆 New best: E = -7273.5963 eV (relaxation)
  🏆 New best: E = -7285.2541 eV (relaxation)
  Relaxed 5/10
  Relaxed 10/10
Generating 10 new candidates...
  Generated 5/10 candidates
  Generated 10/10 candidates

Generation 1 summary:
  Best: -7285.2541 eV
  Average: -7265.7580 eV
  Global best: -7285.2541 eV

######################################################################
# GENERATION 2/10
######################################################################
Relaxing 10 unrelaxed candidates...
  🏆 New best: E = -7301.4621 eV (relaxation)
  Relaxed 5/10
  🏆 New best: E = -7320.0356 eV (relaxation)
  Relaxed 10/10
Generating 10 new candidates...
  Generated 5/10 candidates
  Generated 10/10 candidates

Generation 2 summary:
  Best: -7320.0356 eV
  Average: -7290.4740 eV
  Global best: -7320.0356 eV

######################################################################
# GENERATION 3/10
######################################################################
Relaxing 10 unrelaxed candidates...
  🏆 New best: E = -7323.2078 eV (relaxation)
  Relaxed 5/10
  🏆 New best: E = -7328.1096 eV (relaxation)
  Relaxed 10/10
Generating 10 new candidates...
  Generated 5/10 candidates
  Generated 10/10 candidates

Generation 3 summary:
  Best: -7328.1096 eV
  Average: -7308.8983 eV
  Global best: -7328.1096 eV

######################################################################
# GENERATION 4/10
######################################################################
Relaxing 10 unrelaxed candidates...
  Relaxed 5/10
  🏆 New best: E = -7332.8123 eV (relaxation)
  Relaxed 10/10
Generating 10 new candidates...
  Generated 5/10 candidates
  Generated 10/10 candidates

Generation 4 summary:
  Best: -7332.8123 eV
  Average: -7320.0675 eV
  Global best: -7332.8123 eV

######################################################################
# GENERATION 5/10
######################################################################
Relaxing 10 unrelaxed candidates...
  🏆 New best: E = -7339.8100 eV (relaxation)
  Relaxed 5/10
  🏆 New best: E = -7341.8996 eV (relaxation)
  Relaxed 10/10
Generating 10 new candidates...
  Generated 5/10 candidates
  Generated 10/10 candidates

Generation 5 summary:
  Best: -7341.8996 eV
  Average: -7330.8973 eV
  Global best: -7341.8996 eV

######################################################################
# GENERATION 6/10
######################################################################
Relaxing 10 unrelaxed candidates...
  🏆 New best: E = -7346.7893 eV (relaxation)
  Relaxed 5/10
  Relaxed 10/10
Generating 10 new candidates...
  Generated 5/10 candidates
  Generated 10/10 candidates

Generation 6 summary:
  Best: -7346.7893 eV
  Average: -7339.9223 eV
  Global best: -7346.7893 eV

######################################################################
# GENERATION 7/10
######################################################################
Relaxing 10 unrelaxed candidates...
  🏆 New best: E = -7350.5313 eV (relaxation)
  Relaxed 5/10
  Relaxed 10/10
Generating 10 new candidates...
  Generated 5/10 candidates
  Generated 10/10 candidates

Generation 7 summary:
  Best: -7350.5313 eV
  Average: -7344.7279 eV
  Global best: -7350.5313 eV

######################################################################
# GENERATION 8/10
######################################################################
Relaxing 10 unrelaxed candidates...
  Relaxed 5/10
  🏆 New best: E = -7351.3309 eV (relaxation)
  Relaxed 10/10
Generating 10 new candidates...
  Generated 5/10 candidates
  Generated 10/10 candidates

Generation 8 summary:
  Best: -7351.3309 eV
  Average: -7347.7636 eV
  Global best: -7351.3309 eV

######################################################################
# GENERATION 9/10
######################################################################
Relaxing 9 unrelaxed candidates...
  Relaxed 5/9
  🏆 New best: E = -7351.3604 eV (relaxation)
  Relaxed 9/9
Generating 10 new candidates...
  Generated 5/10 candidates

Generation 9 summary:
  Best: -7351.3604 eV
  Average: -7349.4626 eV
  Global best: -7351.3604 eV

######################################################################
# GENERATION 10/10
######################################################################
Relaxing 9 unrelaxed candidates...
  🏆 New best: E = -7353.2535 eV (relaxation)
  Relaxed 5/9
  Relaxed 9/9
Generating 10 new candidates...
  Generated 5/10 candidates
  Generated 10/10 candidates

Generation 10 summary:
  Best: -7353.2535 eV
  Average: -7350.0096 eV
  Global best: -7353.2535 eV

======================================================================
✅ GA COMPLETE
======================================================================
Metal: Rh (40 atoms)
Slab: SiO2_101
Best energy: -7353.2535 eV (-183.8313 eV/atom)
Duration: 1.83 hours
Total structures: 98
Output: /DATA/user_scratch/jsh9967/5_uma_MSI/3_GA/runs_M40/Rh_SiO2_101
======================================================================


======================================================================
✅ OPTIMIZATION COMPLETE: M40_Rh_SiO2_101
======================================================================

✓ Completed: Rh on SiO2_101

##################################################
# Processing: Rh on SnO2_100
##################################################

======================================================================
🧬 GA OPTIMIZATION: M40
======================================================================
Configuration: M40_Rh_SnO2_100
Metal: Rh (40 atoms)
Slab: SnO2_100
Output: /DATA/user_scratch/jsh9967/5_uma_MSI/3_GA/runs_M40/Rh_SnO2_100
Device: cuda
======================================================================


======================================================================
Loading UMA model from: /DATA/user_scratch/jsh9967/5_uma_MSI/utility/uma-s-1p1.pt
Device: cuda
======================================================================
✓ UMA model loaded successfully


======================================================================
Loading oxide slab: SnO2_100
======================================================================
✓ Slab loaded from: SnO2_100_large.traj
  Composition: O616Sn308
  Atoms: 924 (462 fixed)
  Cell: 35.86 × 34.29 × 26.23 Å
  Miller: [1, 0, 0]

======================================================================
GA OPTIMIZATION: Rh on SnO2_100
======================================================================
Metal atoms: 40
Population: 10
Generations: 10
======================================================================

✓ Placement box created:
  Origin: (7.17, 6.86, 13.38) Å
  X range: 7.17 - 28.69 Å
  Y range: 6.86 - 27.43 Å
  Z range: 13.38 - 18.38 Å
  Volume: 2213.46 Å³
✓ GA operators configured:
  Crossover prob: 0.7
  Mutation prob: 0.3
  Mutations: 2 types
✓ Placement box created:
  Origin: (7.17, 6.86, 13.38) Å
  X range: 7.17 - 28.69 Å
  Y range: 6.86 - 27.43 Å
  Z range: 13.38 - 18.38 Å
  Volume: 2213.46 Å³
Generating initial population (attempt 1/6)...
  Generated 5/10 candidates
  Generated 10/10 candidates
✓ Initial population generated (10 structures)

======================================================================
Starting GA iterations...
======================================================================


######################################################################
# GENERATION 1/10
######################################################################
Relaxing 10 unrelaxed candidates...
  🏆 New best: E = -5787.2760 eV (relaxation)
  🏆 New best: E = -5788.2827 eV (relaxation)
  Relaxed 5/10
  🏆 New best: E = -5789.1403 eV (relaxation)
  🏆 New best: E = -5795.3643 eV (relaxation)
  Relaxed 10/10
Generating 10 new candidates...
  Generated 5/10 candidates

Generation 1 summary:
  Best: -5795.3643 eV
  Average: -5783.8676 eV
  Global best: -5795.3643 eV

######################################################################
# GENERATION 2/10
######################################################################
Relaxing 7 unrelaxed candidates...
  🏆 New best: E = -5796.2161 eV (relaxation)
  🏆 New best: E = -5799.1599 eV (relaxation)
  Relaxed 5/7
  Relaxed 7/7
Generating 10 new candidates...
  Generated 5/10 candidates

Generation 2 summary:
  Best: -5799.1599 eV
  Average: -5792.8728 eV
  Global best: -5799.1599 eV

######################################################################
# GENERATION 3/10
######################################################################
Relaxing 8 unrelaxed candidates...
  Relaxed 5/8
  Relaxed 8/8
Generating 10 new candidates...
  Generated 5/10 candidates

Generation 3 summary:
  Best: -5799.1599 eV
  Average: -5797.0927 eV
  Global best: -5799.1599 eV

######################################################################
# GENERATION 4/10
######################################################################
Relaxing 8 unrelaxed candidates...
  🏆 New best: E = -5800.8983 eV (relaxation)
  Relaxed 5/8
  Relaxed 8/8
Generating 10 new candidates...

Generation 4 summary:
  Best: -5800.8983 eV
  Average: -5798.8863 eV
  Global best: -5800.8983 eV

######################################################################
# GENERATION 5/10
######################################################################
Relaxing 6 unrelaxed candidates...
  Relaxed 5/6
  Relaxed 6/6
Generating 10 new candidates...
  Generated 5/10 candidates
  Generated 10/10 candidates

Generation 5 summary:
  Best: -5800.8983 eV
  Average: -5799.3501 eV
  Global best: -5800.8983 eV

######################################################################
# GENERATION 6/10
######################################################################
Relaxing 8 unrelaxed candidates...
  🏆 New best: E = -5801.8191 eV (relaxation)
  Relaxed 5/8
  🏆 New best: E = -5801.8385 eV (relaxation)
  Relaxed 8/8
Generating 10 new candidates...

Generation 6 summary:
  Best: -5801.8385 eV
  Average: -5800.1107 eV
  Global best: -5801.8385 eV

######################################################################
# GENERATION 7/10
######################################################################
Relaxing 4 unrelaxed candidates...
  🏆 New best: E = -5803.1903 eV (relaxation)
  Relaxed 4/4
Generating 10 new candidates...
  Generated 5/10 candidates

Generation 7 summary:
  Best: -5803.1903 eV
  Average: -5800.9661 eV
  Global best: -5803.1903 eV

######################################################################
# GENERATION 8/10
######################################################################
Relaxing 8 unrelaxed candidates...
  🏆 New best: E = -5803.7157 eV (relaxation)
  🏆 New best: E = -5805.8911 eV (relaxation)
  Relaxed 5/8
  Relaxed 8/8
Generating 10 new candidates...
  Generated 5/10 candidates
  Generated 10/10 candidates

Generation 8 summary:
  Best: -5805.8911 eV
  Average: -5803.1645 eV
  Global best: -5805.8911 eV

######################################################################
# GENERATION 9/10
######################################################################
Relaxing 10 unrelaxed candidates...
  Relaxed 5/10
  Relaxed 10/10
Generating 10 new candidates...

Generation 9 summary:
  Best: -5805.8911 eV
  Average: -5803.7863 eV
  Global best: -5805.8911 eV

######################################################################
# GENERATION 10/10
######################################################################
Relaxing 6 unrelaxed candidates...
  Relaxed 5/6
  Relaxed 6/6
Generating 10 new candidates...

Generation 10 summary:
  Best: -5805.8911 eV
  Average: -5804.1034 eV
  Global best: -5805.8911 eV

======================================================================
✅ GA COMPLETE
======================================================================
Metal: Rh (40 atoms)
Slab: SnO2_100
Best energy: -5805.8911 eV (-145.1473 eV/atom)
Duration: 1.22 hours
Total structures: 75
Output: /DATA/user_scratch/jsh9967/5_uma_MSI/3_GA/runs_M40/Rh_SnO2_100
======================================================================


======================================================================
✅ OPTIMIZATION COMPLETE: M40_Rh_SnO2_100
======================================================================

✓ Completed: Rh on SnO2_100

##################################################
# Processing: Rh on TiO2_anatase_001
##################################################

======================================================================
🧬 GA OPTIMIZATION: M40
======================================================================
Configuration: M40_Rh_TiO2_anatase_001
Metal: Rh (40 atoms)
Slab: TiO2_anatase_001
Output: /DATA/user_scratch/jsh9967/5_uma_MSI/3_GA/runs_M40/Rh_TiO2_anatase_001
Device: cuda
======================================================================


======================================================================
Loading UMA model from: /DATA/user_scratch/jsh9967/5_uma_MSI/utility/uma-s-1p1.pt
Device: cuda
======================================================================
✓ UMA model loaded successfully


======================================================================
Loading oxide slab: TiO2_anatase_001
======================================================================
✓ Slab loaded from: TiO2_anatase_001_large.traj
  Composition: O648Ti324
  Atoms: 972 (486 fixed)
  Cell: 34.62 × 34.62 × 25.27 Å
  Miller: [0, 0, 1]

======================================================================
GA OPTIMIZATION: Rh on TiO2_anatase_001
======================================================================
Metal atoms: 40
Population: 10
Generations: 10
======================================================================

✓ Placement box created:
  Origin: (6.92, 6.92, 12.25) Å
  X range: 6.92 - 27.69 Å
  Y range: 6.92 - 27.69 Å
  Z range: 12.25 - 17.25 Å
  Volume: 2157.07 Å³
✓ GA operators configured:
  Crossover prob: 0.7
  Mutation prob: 0.3
  Mutations: 2 types
✓ Placement box created:
  Origin: (6.92, 6.92, 12.25) Å
  X range: 6.92 - 27.69 Å
  Y range: 6.92 - 27.69 Å
  Z range: 12.25 - 17.25 Å
  Volume: 2157.07 Å³
Generating initial population (attempt 1/6)...
  Generated 5/10 candidates
  Generated 10/10 candidates
✓ Initial population generated (10 structures)

======================================================================
Starting GA iterations...
======================================================================


######################################################################
# GENERATION 1/10
######################################################################
Relaxing 10 unrelaxed candidates...
  🏆 New best: E = -8760.5265 eV (relaxation)
  🏆 New best: E = -8768.2558 eV (relaxation)
  🏆 New best: E = -8769.3334 eV (relaxation)
  Relaxed 5/10
  🏆 New best: E = -8770.6794 eV (relaxation)
  Relaxed 10/10
Generating 10 new candidates...
  Generated 5/10 candidates

Generation 1 summary:
  Best: -8770.6794 eV
  Average: -8764.1301 eV
  Global best: -8770.6794 eV

######################################################################
# GENERATION 2/10
######################################################################
Relaxing 6 unrelaxed candidates...
  🏆 New best: E = -8775.1456 eV (relaxation)
  🏆 New best: E = -8777.6037 eV (relaxation)
  Relaxed 5/6
  Relaxed 6/6
Generating 10 new candidates...
  Generated 5/10 candidates

Generation 2 summary:
  Best: -8777.6037 eV
  Average: -8770.9605 eV
  Global best: -8777.6037 eV

######################################################################
# GENERATION 3/10
######################################################################
Relaxing 2 unrelaxed candidates...
  Relaxed 2/2
Generating 10 new candidates...

Generation 3 summary:
  Best: -8777.6037 eV
  Average: -8772.6048 eV
  Global best: -8777.6037 eV

######################################################################
# GENERATION 4/10
######################################################################
Relaxing 2 unrelaxed candidates...
  Relaxed 2/2
Generating 10 new candidates...

Generation 4 summary:
  Best: -8777.6037 eV
  Average: -8774.0505 eV
  Global best: -8777.6037 eV

######################################################################
# GENERATION 5/10
######################################################################
Relaxing 2 unrelaxed candidates...
  Relaxed 2/2
Generating 10 new candidates...
  Generated 5/10 candidates

Generation 5 summary:
  Best: -8777.6037 eV
  Average: -8775.0362 eV
  Global best: -8777.6037 eV

######################################################################
# GENERATION 6/10
######################################################################
Relaxing 2 unrelaxed candidates...
  Relaxed 2/2
Generating 10 new candidates...
  Generated 5/10 candidates

Generation 6 summary:
  Best: -8777.6037 eV
  Average: -8775.5085 eV
  Global best: -8777.6037 eV

######################################################################
# GENERATION 7/10
######################################################################
Relaxing 3 unrelaxed candidates...
  Relaxed 3/3
Generating 10 new candidates...

Generation 7 summary:
  Best: -8777.6037 eV
  Average: -8775.8574 eV
  Global best: -8777.6037 eV

######################################################################
# GENERATION 8/10
######################################################################
Relaxing 3 unrelaxed candidates...
  🏆 New best: E = -8779.3181 eV (relaxation)
  Relaxed 3/3
Generating 10 new candidates...
  Generated 5/10 candidates
  Generated 10/10 candidates

Generation 8 summary:
  Best: -8779.3181 eV
  Average: -8776.4236 eV
  Global best: -8779.3181 eV

######################################################################
# GENERATION 9/10
######################################################################
Relaxing 6 unrelaxed candidates...
  Relaxed 5/6
  Relaxed 6/6
Generating 10 new candidates...
  Generated 5/10 candidates

Generation 9 summary:
  Best: -8779.3181 eV
  Average: -8777.3206 eV
  Global best: -8779.3181 eV

######################################################################
# GENERATION 10/10
######################################################################
Relaxing 4 unrelaxed candidates...
  🏆 New best: E = -8779.6964 eV (relaxation)
  Relaxed 4/4
Generating 10 new candidates...

Generation 10 summary:
  Best: -8779.6964 eV
  Average: -8777.8425 eV
  Global best: -8779.6964 eV

======================================================================
✅ GA COMPLETE
======================================================================
Metal: Rh (40 atoms)
Slab: TiO2_anatase_001
Best energy: -8779.6964 eV (-219.4924 eV/atom)
Duration: 0.91 hours
Total structures: 40
Output: /DATA/user_scratch/jsh9967/5_uma_MSI/3_GA/runs_M40/Rh_TiO2_anatase_001
======================================================================


======================================================================
✅ OPTIMIZATION COMPLETE: M40_Rh_TiO2_anatase_001
======================================================================

✓ Completed: Rh on TiO2_anatase_001

##################################################
# Processing: Rh on TiO2_rutile_100
##################################################

======================================================================
🧬 GA OPTIMIZATION: M40
======================================================================
Configuration: M40_Rh_TiO2_rutile_100
Metal: Rh (40 atoms)
Slab: TiO2_rutile_100
Output: /DATA/user_scratch/jsh9967/5_uma_MSI/3_GA/runs_M40/Rh_TiO2_rutile_100
Device: cuda
======================================================================


======================================================================
Loading UMA model from: /DATA/user_scratch/jsh9967/5_uma_MSI/utility/uma-s-1p1.pt
Device: cuda
======================================================================
✓ UMA model loaded successfully


======================================================================
Loading oxide slab: TiO2_rutile_100
======================================================================
✓ Slab loaded from: TiO2_rutile_100_large.traj
  Composition: O672Ti336
  Atoms: 1008 (504 fixed)
  Cell: 35.72 × 33.09 × 25.91 Å
  Miller: [1, 0, 0]

======================================================================
GA OPTIMIZATION: Rh on TiO2_rutile_100
======================================================================
Metal atoms: 40
Population: 10
Generations: 10
======================================================================

✓ Placement box created:
  Origin: (7.14, 6.62, 13.01) Å
  X range: 7.14 - 28.58 Å
  Y range: 6.62 - 26.47 Å
  Z range: 13.01 - 18.01 Å
  Volume: 2127.69 Å³
✓ GA operators configured:
  Crossover prob: 0.7
  Mutation prob: 0.3
  Mutations: 2 types
✓ Placement box created:
  Origin: (7.14, 6.62, 13.01) Å
  X range: 7.14 - 28.58 Å
  Y range: 6.62 - 26.47 Å
  Z range: 13.01 - 18.01 Å
  Volume: 2127.69 Å³
Generating initial population (attempt 1/6)...
  Generated 5/10 candidates
  Generated 10/10 candidates
✓ Initial population generated (10 structures)

======================================================================
Starting GA iterations...
======================================================================


######################################################################
# GENERATION 1/10
######################################################################
Relaxing 10 unrelaxed candidates...
  🏆 New best: E = -9057.0176 eV (relaxation)
  🏆 New best: E = -9060.3728 eV (relaxation)
  Relaxed 5/10
  Relaxed 10/10
Generating 10 new candidates...
  Generated 5/10 candidates
  Generated 10/10 candidates

Generation 1 summary:
  Best: -9060.3728 eV
  Average: -9054.4336 eV
  Global best: -9060.3728 eV

######################################################################
# GENERATION 2/10
######################################################################
Relaxing 10 unrelaxed candidates...
  🏆 New best: E = -9067.4817 eV (relaxation)
  🏆 New best: E = -9067.9713 eV (relaxation)
  Relaxed 5/10
  Relaxed 10/10
Generating 10 new candidates...
  Generated 5/10 candidates
  Generated 10/10 candidates

Generation 2 summary:
  Best: -9067.9713 eV
  Average: -9059.8615 eV
  Global best: -9067.9713 eV

######################################################################
# GENERATION 3/10
######################################################################
Relaxing 10 unrelaxed candidates...
  Relaxed 5/10
  🏆 New best: E = -9068.8168 eV (relaxation)
  Relaxed 10/10
Generating 10 new candidates...
  Generated 5/10 candidates
  Generated 10/10 candidates

Generation 3 summary:
  Best: -9068.8168 eV
  Average: -9065.8468 eV
  Global best: -9068.8168 eV

######################################################################
# GENERATION 4/10
######################################################################
Relaxing 10 unrelaxed candidates...
  🏆 New best: E = -9068.9578 eV (relaxation)
  🏆 New best: E = -9069.1051 eV (relaxation)
  Relaxed 5/10
  🏆 New best: E = -9072.0294 eV (relaxation)
  Relaxed 10/10
Generating 10 new candidates...
  Generated 5/10 candidates
  Generated 10/10 candidates

Generation 4 summary:
  Best: -9072.0294 eV
  Average: -9068.5521 eV
  Global best: -9072.0294 eV

######################################################################
# GENERATION 5/10
######################################################################
Relaxing 10 unrelaxed candidates...
  Relaxed 5/10
  Relaxed 10/10
Generating 10 new candidates...
  Generated 5/10 candidates
  Generated 10/10 candidates

Generation 5 summary:
  Best: -9072.0294 eV
  Average: -9069.6992 eV
  Global best: -9072.0294 eV

######################################################################
# GENERATION 6/10
######################################################################
Relaxing 10 unrelaxed candidates...
  Relaxed 5/10
  Relaxed 10/10
Generating 10 new candidates...
  Generated 5/10 candidates
  Generated 10/10 candidates

Generation 6 summary:
  Best: -9072.0294 eV
  Average: -9070.0187 eV
  Global best: -9072.0294 eV

######################################################################
# GENERATION 7/10
######################################################################
Relaxing 10 unrelaxed candidates...
  🏆 New best: E = -9072.5004 eV (relaxation)
  🏆 New best: E = -9073.0757 eV (relaxation)
  Relaxed 5/10
  Relaxed 10/10
Generating 10 new candidates...
  Generated 5/10 candidates
  Generated 10/10 candidates

Generation 7 summary:
  Best: -9073.0757 eV
  Average: -9071.0861 eV
  Global best: -9073.0757 eV

######################################################################
# GENERATION 8/10
######################################################################
Relaxing 10 unrelaxed candidates...
  Relaxed 5/10
  🏆 New best: E = -9073.1560 eV (relaxation)
  Relaxed 10/10
Generating 10 new candidates...
  Generated 5/10 candidates
  Generated 10/10 candidates

Generation 8 summary:
  Best: -9073.1560 eV
  Average: -9071.2670 eV
  Global best: -9073.1560 eV

######################################################################
# GENERATION 9/10
######################################################################
Relaxing 9 unrelaxed candidates...
  Relaxed 5/9
  Relaxed 9/9
Generating 10 new candidates...
  Generated 5/10 candidates
  Generated 10/10 candidates

Generation 9 summary:
  Best: -9073.1560 eV
  Average: -9071.5362 eV
  Global best: -9073.1560 eV

######################################################################
# GENERATION 10/10
######################################################################
Relaxing 10 unrelaxed candidates...
  Relaxed 5/10
  🏆 New best: E = -9073.2332 eV (relaxation)
  Relaxed 10/10
Generating 10 new candidates...
  Generated 5/10 candidates
  Generated 10/10 candidates

Generation 10 summary:
  Best: -9073.2332 eV
  Average: -9072.3971 eV
  Global best: -9073.2332 eV

======================================================================
✅ GA COMPLETE
======================================================================
Metal: Rh (40 atoms)
Slab: TiO2_rutile_100
Best energy: -9073.2332 eV (-226.8308 eV/atom)
Duration: 1.80 hours
Total structures: 99
Output: /DATA/user_scratch/jsh9967/5_uma_MSI/3_GA/runs_M40/Rh_TiO2_rutile_100
======================================================================


======================================================================
✅ OPTIMIZATION COMPLETE: M40_Rh_TiO2_rutile_100
======================================================================

✓ Completed: Rh on TiO2_rutile_100

##################################################
# Processing: Rh on ZnO_100
##################################################

======================================================================
🧬 GA OPTIMIZATION: M40
======================================================================
Configuration: M40_Rh_ZnO_100
Metal: Rh (40 atoms)
Slab: ZnO_100
Output: /DATA/user_scratch/jsh9967/5_uma_MSI/3_GA/runs_M40/Rh_ZnO_100
Device: cuda
======================================================================


======================================================================
Loading UMA model from: /DATA/user_scratch/jsh9967/5_uma_MSI/utility/uma-s-1p1.pt
Device: cuda
======================================================================
✓ UMA model loaded successfully


======================================================================
Loading oxide slab: ZnO_100
======================================================================
✓ Slab loaded from: ZnO_100_large.traj
  Composition: O616Zn616
  Atoms: 1232 (616 fixed)
  Cell: 36.55 × 37.63 × 27.55 Å
  Miller: [1, 0, 0]

======================================================================
GA OPTIMIZATION: Rh on ZnO_100
======================================================================
Metal atoms: 40
Population: 10
Generations: 10
======================================================================

✓ Placement box created:
  Origin: (7.31, 7.53, 14.67) Å
  X range: 7.31 - 29.24 Å
  Y range: 7.53 - 30.10 Å
  Z range: 14.67 - 19.67 Å
  Volume: 2475.65 Å³
✓ GA operators configured:
  Crossover prob: 0.7
  Mutation prob: 0.3
  Mutations: 2 types
✓ Placement box created:
  Origin: (7.31, 7.53, 14.67) Å
  X range: 7.31 - 29.24 Å
  Y range: 7.53 - 30.10 Å
  Z range: 14.67 - 19.67 Å
  Volume: 2475.65 Å³
Generating initial population (attempt 1/6)...
  Generated 5/10 candidates
  Generated 10/10 candidates
✓ Initial population generated (10 structures)

======================================================================
Starting GA iterations...
======================================================================


######################################################################
# GENERATION 1/10
######################################################################
Relaxing 10 unrelaxed candidates...
  🏆 New best: E = -5330.5135 eV (relaxation)
  🏆 New best: E = -5333.9345 eV (relaxation)
  Relaxed 5/10
  🏆 New best: E = -5337.9252 eV (relaxation)
  Relaxed 10/10
Generating 10 new candidates...

Generation 1 summary:
  Best: -5337.9252 eV
  Average: -5330.7072 eV
  Global best: -5337.9252 eV

######################################################################
# GENERATION 2/10
######################################################################
Generating 10 new candidates...

Generation 2 summary:
  Best: -5337.9252 eV
  Average: -5330.7072 eV
  Global best: -5337.9252 eV

######################################################################
# GENERATION 3/10
######################################################################
Generating 10 new candidates...

Generation 3 summary:
  Best: -5337.9252 eV
  Average: -5330.7072 eV
  Global best: -5337.9252 eV

######################################################################
# GENERATION 4/10
######################################################################
Generating 10 new candidates...

Generation 4 summary:
  Best: -5337.9252 eV
  Average: -5330.7072 eV
  Global best: -5337.9252 eV

######################################################################
# GENERATION 5/10
######################################################################
Generating 10 new candidates...

Generation 5 summary:
  Best: -5337.9252 eV
  Average: -5330.7072 eV
  Global best: -5337.9252 eV

######################################################################
# GENERATION 6/10
######################################################################
Generating 10 new candidates...

Generation 6 summary:
  Best: -5337.9252 eV
  Average: -5330.7072 eV
  Global best: -5337.9252 eV

######################################################################
# GENERATION 7/10
######################################################################
Generating 10 new candidates...

Generation 7 summary:
  Best: -5337.9252 eV
  Average: -5330.7072 eV
  Global best: -5337.9252 eV

######################################################################
# GENERATION 8/10
######################################################################
Generating 10 new candidates...

Generation 8 summary:
  Best: -5337.9252 eV
  Average: -5330.7072 eV
  Global best: -5337.9252 eV

######################################################################
# GENERATION 9/10
######################################################################
Generating 10 new candidates...

Generation 9 summary:
  Best: -5337.9252 eV
  Average: -5330.7072 eV
  Global best: -5337.9252 eV

######################################################################
# GENERATION 10/10
######################################################################
Generating 10 new candidates...

Generation 10 summary:
  Best: -5337.9252 eV
  Average: -5330.7072 eV
  Global best: -5337.9252 eV

======================================================================
✅ GA COMPLETE
======================================================================
Metal: Rh (40 atoms)
Slab: ZnO_100
Best energy: -5337.9252 eV (-133.4481 eV/atom)
Duration: 0.46 hours
Total structures: 10
Output: /DATA/user_scratch/jsh9967/5_uma_MSI/3_GA/runs_M40/Rh_ZnO_100
======================================================================


======================================================================
✅ OPTIMIZATION COMPLETE: M40_Rh_ZnO_100
======================================================================

✓ Completed: Rh on ZnO_100

##################################################
# Processing: Rh on ZrO2_100
##################################################

======================================================================
🧬 GA OPTIMIZATION: M40
======================================================================
Configuration: M40_Rh_ZrO2_100
Metal: Rh (40 atoms)
Slab: ZrO2_100
Output: /DATA/user_scratch/jsh9967/5_uma_MSI/3_GA/runs_M40/Rh_ZrO2_100
Device: cuda
======================================================================


======================================================================
Loading UMA model from: /DATA/user_scratch/jsh9967/5_uma_MSI/utility/uma-s-1p1.pt
Device: cuda
======================================================================
✓ UMA model loaded successfully


======================================================================
Loading oxide slab: ZrO2_100
======================================================================
✓ Slab loaded from: ZrO2_100_large.traj
  Composition: O360Zr360
  Atoms: 720 (270 fixed)
  Cell: 36.39 × 34.04 × 28.43 Å
  Miller: [1, 0, 0]

======================================================================
GA OPTIMIZATION: Rh on ZrO2_100
======================================================================
Metal atoms: 40
Population: 10
Generations: 10
======================================================================

✓ Placement box created:
  Origin: (7.28, 6.79, 15.23) Å
  X range: 7.28 - 29.11 Å
  Y range: 6.79 - 27.21 Å
  Z range: 15.23 - 20.23 Å
  Volume: 2229.51 Å³
✓ GA operators configured:
  Crossover prob: 0.7
  Mutation prob: 0.3
  Mutations: 2 types
✓ Placement box created:
  Origin: (7.28, 6.79, 15.23) Å
  X range: 7.28 - 29.11 Å
  Y range: 6.79 - 27.21 Å
  Z range: 15.23 - 20.23 Å
  Volume: 2229.51 Å³
Generating initial population (attempt 1/6)...
  Generated 5/10 candidates
  Generated 10/10 candidates
✓ Initial population generated (10 structures)

======================================================================
Starting GA iterations...
======================================================================


######################################################################
# GENERATION 1/10
######################################################################
Relaxing 10 unrelaxed candidates...
  🏆 New best: E = -6528.0237 eV (relaxation)
  🏆 New best: E = -6538.0303 eV (relaxation)
  Relaxed 5/10
  🏆 New best: E = -6539.6609 eV (relaxation)
  🏆 New best: E = -6543.8522 eV (relaxation)
  Relaxed 10/10
Generating 10 new candidates...

Generation 1 summary:
  Best: -6543.8522 eV
  Average: -6529.7627 eV
  Global best: -6543.8522 eV

######################################################################
# GENERATION 2/10
######################################################################
Generating 10 new candidates...

Generation 2 summary:
  Best: -6543.8522 eV
  Average: -6529.7627 eV
  Global best: -6543.8522 eV

######################################################################
# GENERATION 3/10
######################################################################
Generating 10 new candidates...

Generation 3 summary:
  Best: -6543.8522 eV
  Average: -6529.7627 eV
  Global best: -6543.8522 eV

######################################################################
# GENERATION 4/10
######################################################################
Generating 10 new candidates...

Generation 4 summary:
  Best: -6543.8522 eV
  Average: -6529.7627 eV
  Global best: -6543.8522 eV

######################################################################
# GENERATION 5/10
######################################################################
Generating 10 new candidates...

Generation 5 summary:
  Best: -6543.8522 eV
  Average: -6529.7627 eV
  Global best: -6543.8522 eV

######################################################################
# GENERATION 6/10
######################################################################
Generating 10 new candidates...

Generation 6 summary:
  Best: -6543.8522 eV
  Average: -6529.7627 eV
  Global best: -6543.8522 eV

######################################################################
# GENERATION 7/10
######################################################################
Generating 10 new candidates...

Generation 7 summary:
  Best: -6543.8522 eV
  Average: -6529.7627 eV
  Global best: -6543.8522 eV

######################################################################
# GENERATION 8/10
######################################################################
Generating 10 new candidates...

Generation 8 summary:
  Best: -6543.8522 eV
  Average: -6529.7627 eV
  Global best: -6543.8522 eV

######################################################################
# GENERATION 9/10
######################################################################
Generating 10 new candidates...

Generation 9 summary:
  Best: -6543.8522 eV
  Average: -6529.7627 eV
  Global best: -6543.8522 eV

######################################################################
# GENERATION 10/10
######################################################################
Generating 10 new candidates...

Generation 10 summary:
  Best: -6543.8522 eV
  Average: -6529.7627 eV
  Global best: -6543.8522 eV

======================================================================
✅ GA COMPLETE
======================================================================
Metal: Rh (40 atoms)
Slab: ZrO2_100
Best energy: -6543.8522 eV (-163.5963 eV/atom)
Duration: 0.29 hours
Total structures: 10
Output: /DATA/user_scratch/jsh9967/5_uma_MSI/3_GA/runs_M40/Rh_ZrO2_100
======================================================================


======================================================================
✅ OPTIMIZATION COMPLETE: M40_Rh_ZrO2_100
======================================================================

✓ Completed: Rh on ZrO2_100

==========================================
CAMPAIGN COMPLETE: Rh
==========================================
Completed: 10/10
Failed: 0/10
End: Thu Nov 27 07:20:11 AM KST 2025
==========================================
